{"C:\\Project\\AccountingV2\\src\\domain\\babySteps\\BabyStepEvaluator.ts": {"path":"C:\\Project\\AccountingV2\\src\\domain\\babySteps\\BabyStepEvaluator.ts","statementMap":{"0":{"start":{"line":49,"column":2},"end":{"line":49,"column":41}},"1":{"start":{"line":54,"column":21},"end":{"line":56,"column":59}},"2":{"start":{"line":55,"column":19},"end":{"line":55,"column":71}},"3":{"start":{"line":56,"column":20},"end":{"line":56,"column":58}},"4":{"start":{"line":57,"column":2},"end":{"line":57,"column":31}},"5":{"start":{"line":62,"column":2},"end":{"line":64,"column":51}},"6":{"start":{"line":63,"column":19},"end":{"line":63,"column":63}},"7":{"start":{"line":64,"column":24},"end":{"line":64,"column":46}},"8":{"start":{"line":68,"column":14},"end":{"line":68,"column":32}},"9":{"start":{"line":69,"column":2},"end":{"line":71,"column":3}},"10":{"start":{"line":70,"column":4},"end":{"line":70,"column":50}},"11":{"start":{"line":72,"column":18},"end":{"line":72,"column":35}},"12":{"start":{"line":73,"column":17},"end":{"line":73,"column":24}},"13":{"start":{"line":74,"column":2},"end":{"line":77,"column":4}},"14":{"start":{"line":81,"column":23},"end":{"line":81,"column":65}},"15":{"start":{"line":81,"column":43},"end":{"line":81,"column":64}},"16":{"start":{"line":82,"column":2},"end":{"line":84,"column":3}},"17":{"start":{"line":83,"column":4},"end":{"line":83,"column":50}},"18":{"start":{"line":85,"column":20},"end":{"line":87,"column":10}},"19":{"start":{"line":86,"column":11},"end":{"line":86,"column":57}},"20":{"start":{"line":88,"column":18},"end":{"line":88,"column":51}},"21":{"start":{"line":89,"column":2},"end":{"line":92,"column":4}},"22":{"start":{"line":99,"column":14},"end":{"line":99,"column":32}},"23":{"start":{"line":100,"column":2},"end":{"line":102,"column":3}},"24":{"start":{"line":101,"column":4},"end":{"line":101,"column":50}},"25":{"start":{"line":103,"column":22},"end":{"line":103,"column":51}},"26":{"start":{"line":104,"column":2},"end":{"line":107,"column":3}},"27":{"start":{"line":106,"column":4},"end":{"line":106,"column":50}},"28":{"start":{"line":109,"column":22},"end":{"line":109,"column":66}},"29":{"start":{"line":110,"column":18},"end":{"line":110,"column":35}},"30":{"start":{"line":111,"column":2},"end":{"line":114,"column":4}},"31":{"start":{"line":118,"column":20},"end":{"line":118,"column":62}},"32":{"start":{"line":118,"column":40},"end":{"line":118,"column":61}},"33":{"start":{"line":119,"column":2},"end":{"line":121,"column":3}},"34":{"start":{"line":120,"column":4},"end":{"line":120,"column":50}},"35":{"start":{"line":122,"column":18},"end":{"line":124,"column":3}},"36":{"start":{"line":123,"column":11},"end":{"line":123,"column":57}},"37":{"start":{"line":125,"column":2},"end":{"line":136,"column":4}},"38":{"start":{"line":132,"column":42},"end":{"line":132,"column":97}},"39":{"start":{"line":133,"column":41},"end":{"line":133,"column":66}},"40":{"start":{"line":146,"column":68},"end":{"line":146,"column":73}},"41":{"start":{"line":148,"column":16},"end":{"line":148,"column":40}},"42":{"start":{"line":149,"column":16},"end":{"line":149,"column":36}},"43":{"start":{"line":150,"column":16},"end":{"line":150,"column":64}},"44":{"start":{"line":151,"column":16},"end":{"line":151,"column":36}},"45":{"start":{"line":153,"column":2},"end":{"line":161,"column":4}}},"fnMap":{"0":{"name":"balanceCents","decl":{"start":{"line":48,"column":9},"end":{"line":48,"column":21}},"loc":{"start":{"line":48,"column":49},"end":{"line":50,"column":1}},"line":48},"1":{"name":"findEMF","decl":{"start":{"line":53,"column":9},"end":{"line":53,"column":16}},"loc":{"start":{"line":53,"column":69},"end":{"line":58,"column":1}},"line":53},"2":{"name":"(anonymous_2)","decl":{"start":{"line":55,"column":12},"end":{"line":55,"column":13}},"loc":{"start":{"line":55,"column":19},"end":{"line":55,"column":71}},"line":55},"3":{"name":"(anonymous_3)","decl":{"start":{"line":56,"column":10},"end":{"line":56,"column":11}},"loc":{"start":{"line":56,"column":20},"end":{"line":56,"column":58}},"line":56},"4":{"name":"computeIncomeTotal","decl":{"start":{"line":61,"column":9},"end":{"line":61,"column":27}},"loc":{"start":{"line":61,"column":65},"end":{"line":65,"column":1}},"line":61},"5":{"name":"(anonymous_5)","decl":{"start":{"line":63,"column":12},"end":{"line":63,"column":13}},"loc":{"start":{"line":63,"column":19},"end":{"line":63,"column":63}},"line":63},"6":{"name":"(anonymous_6)","decl":{"start":{"line":64,"column":12},"end":{"line":64,"column":13}},"loc":{"start":{"line":64,"column":24},"end":{"line":64,"column":46}},"line":64},"7":{"name":"evaluateStep1","decl":{"start":{"line":67,"column":9},"end":{"line":67,"column":22}},"loc":{"start":{"line":67,"column":102},"end":{"line":78,"column":1}},"line":67},"8":{"name":"evaluateStep2","decl":{"start":{"line":80,"column":9},"end":{"line":80,"column":22}},"loc":{"start":{"line":80,"column":94},"end":{"line":93,"column":1}},"line":80},"9":{"name":"(anonymous_9)","decl":{"start":{"line":81,"column":36},"end":{"line":81,"column":37}},"loc":{"start":{"line":81,"column":43},"end":{"line":81,"column":64}},"line":81},"10":{"name":"(anonymous_10)","decl":{"start":{"line":86,"column":4},"end":{"line":86,"column":5}},"loc":{"start":{"line":86,"column":11},"end":{"line":86,"column":57}},"line":86},"11":{"name":"evaluateStep3","decl":{"start":{"line":95,"column":9},"end":{"line":95,"column":22}},"loc":{"start":{"line":98,"column":52},"end":{"line":115,"column":1}},"line":98},"12":{"name":"evaluateStep6","decl":{"start":{"line":117,"column":9},"end":{"line":117,"column":22}},"loc":{"start":{"line":117,"column":94},"end":{"line":137,"column":1}},"line":117},"13":{"name":"(anonymous_13)","decl":{"start":{"line":118,"column":33},"end":{"line":118,"column":34}},"loc":{"start":{"line":118,"column":40},"end":{"line":118,"column":61}},"line":118},"14":{"name":"(anonymous_14)","decl":{"start":{"line":123,"column":4},"end":{"line":123,"column":5}},"loc":{"start":{"line":123,"column":11},"end":{"line":123,"column":57}},"line":123},"15":{"name":"(anonymous_15)","decl":{"start":{"line":132,"column":32},"end":{"line":132,"column":33}},"loc":{"start":{"line":132,"column":42},"end":{"line":132,"column":97}},"line":132},"16":{"name":"(anonymous_16)","decl":{"start":{"line":133,"column":31},"end":{"line":133,"column":32}},"loc":{"start":{"line":133,"column":41},"end":{"line":133,"column":66}},"line":133},"17":{"name":"evaluate","decl":{"start":{"line":145,"column":16},"end":{"line":145,"column":24}},"loc":{"start":{"line":145,"column":104},"end":{"line":162,"column":1}},"line":145}},"branchMap":{"0":{"loc":{"start":{"line":55,"column":19},"end":{"line":55,"column":71}},"type":"binary-expr","locations":[{"start":{"line":55,"column":19},"end":{"line":55,"column":54}},{"start":{"line":55,"column":58},"end":{"line":55,"column":71}}],"line":55},"1":{"loc":{"start":{"line":57,"column":9},"end":{"line":57,"column":30}},"type":"binary-expr","locations":[{"start":{"line":57,"column":9},"end":{"line":57,"column":22}},{"start":{"line":57,"column":26},"end":{"line":57,"column":30}}],"line":57},"2":{"loc":{"start":{"line":63,"column":19},"end":{"line":63,"column":63}},"type":"binary-expr","locations":[{"start":{"line":63,"column":19},"end":{"line":63,"column":46}},{"start":{"line":63,"column":50},"end":{"line":63,"column":63}}],"line":63},"3":{"loc":{"start":{"line":69,"column":2},"end":{"line":71,"column":3}},"type":"if","locations":[{"start":{"line":69,"column":2},"end":{"line":71,"column":3}},{"start":{},"end":{}}],"line":69},"4":{"loc":{"start":{"line":82,"column":2},"end":{"line":84,"column":3}},"type":"if","locations":[{"start":{"line":82,"column":2},"end":{"line":84,"column":3}},{"start":{},"end":{}}],"line":82},"5":{"loc":{"start":{"line":86,"column":11},"end":{"line":86,"column":57}},"type":"binary-expr","locations":[{"start":{"line":86,"column":11},"end":{"line":86,"column":22}},{"start":{"line":86,"column":26},"end":{"line":86,"column":57}}],"line":86},"6":{"loc":{"start":{"line":100,"column":2},"end":{"line":102,"column":3}},"type":"if","locations":[{"start":{"line":100,"column":2},"end":{"line":102,"column":3}},{"start":{},"end":{}}],"line":100},"7":{"loc":{"start":{"line":104,"column":2},"end":{"line":107,"column":3}},"type":"if","locations":[{"start":{"line":104,"column":2},"end":{"line":107,"column":3}},{"start":{},"end":{}}],"line":104},"8":{"loc":{"start":{"line":119,"column":2},"end":{"line":121,"column":3}},"type":"if","locations":[{"start":{"line":119,"column":2},"end":{"line":121,"column":3}},{"start":{},"end":{}}],"line":119},"9":{"loc":{"start":{"line":123,"column":11},"end":{"line":123,"column":57}},"type":"binary-expr","locations":[{"start":{"line":123,"column":11},"end":{"line":123,"column":22}},{"start":{"line":123,"column":26},"end":{"line":123,"column":57}}],"line":123}},"s":{"0":22,"1":80,"2":46,"3":2,"4":80,"5":17,"6":23,"7":5,"8":40,"9":40,"10":23,"11":17,"12":17,"13":17,"14":40,"15":17,"16":40,"17":34,"18":6,"19":10,"20":6,"21":6,"22":40,"23":40,"24":23,"25":17,"26":17,"27":12,"28":5,"29":5,"30":5,"31":40,"32":17,"33":40,"34":34,"35":6,"36":7,"37":6,"38":7,"39":7,"40":40,"41":40,"42":40,"43":40,"44":40,"45":40},"f":{"0":22,"1":80,"2":46,"3":2,"4":17,"5":23,"6":5,"7":40,"8":40,"9":17,"10":10,"11":40,"12":40,"13":17,"14":7,"15":7,"16":7,"17":40},"b":{"0":[46,36],"1":[80,46],"2":[23,5],"3":[23,17],"4":[34,6],"5":[10,5],"6":[23,17],"7":[12,5],"8":[34,6],"9":[7,5]},"_coverageSchema":"1a1c01bbd47fc00a2c39e90264f33305004495a9","hash":"71c5fb651836e245a2388173b86e530d20f9f4b5"}
,"C:\\Project\\AccountingV2\\src\\domain\\babySteps\\BabyStepRules.ts": {"path":"C:\\Project\\AccountingV2\\src\\domain\\babySteps\\BabyStepRules.ts","statementMap":{"0":{"start":{"line":25,"column":80},"end":{"line":105,"column":1}},"1":{"start":{"line":111,"column":4},"end":{"line":116,"column":71}},"2":{"start":{"line":112,"column":64},"end":{"line":115,"column":3}},"3":{"start":{"line":119,"column":35},"end":{"line":119,"column":61}}},"fnMap":{"0":{"name":"(anonymous_0)","decl":{"start":{"line":112,"column":57},"end":{"line":112,"column":58}},"loc":{"start":{"line":112,"column":64},"end":{"line":115,"column":3}},"line":112}},"branchMap":{},"s":{"0":13,"1":13,"2":91,"3":13},"f":{"0":91},"b":{},"_coverageSchema":"1a1c01bbd47fc00a2c39e90264f33305004495a9","hash":"6bd894f8e7532666d314218061795fa3a0a76a4f"}
,"C:\\Project\\AccountingV2\\src\\domain\\babySteps\\ReconcileBabyStepsUseCase.ts": {"path":"C:\\Project\\AccountingV2\\src\\domain\\babySteps\\ReconcileBabyStepsUseCase.ts","statementMap":{"0":{"start":{"line":35,"column":4},"end":{"line":189,"column":5}},"1":{"start":{"line":37,"column":25},"end":{"line":45,"column":7}},"2":{"start":{"line":47,"column":47},"end":{"line":59,"column":7}},"3":{"start":{"line":47,"column":74},"end":{"line":59,"column":5}},"4":{"start":{"line":62,"column":21},"end":{"line":65,"column":48}},"5":{"start":{"line":67,"column":39},"end":{"line":82,"column":7}},"6":{"start":{"line":67,"column":62},"end":{"line":82,"column":5}},"7":{"start":{"line":85,"column":26},"end":{"line":85,"column":66}},"8":{"start":{"line":86,"column":35},"end":{"line":86,"column":66}},"9":{"start":{"line":89,"column":26},"end":{"line":92,"column":52}},"10":{"start":{"line":94,"column":28},"end":{"line":96,"column":5}},"11":{"start":{"line":95,"column":33},"end":{"line":95,"column":54}},"12":{"start":{"line":99,"column":64},"end":{"line":103,"column":5}},"13":{"start":{"line":106,"column":22},"end":{"line":111,"column":6}},"14":{"start":{"line":114,"column":16},"end":{"line":114,"column":40}},"15":{"start":{"line":115,"column":37},"end":{"line":115,"column":39}},"16":{"start":{"line":116,"column":37},"end":{"line":116,"column":39}},"17":{"start":{"line":117,"column":39},"end":{"line":117,"column":41}},"18":{"start":{"line":119,"column":4},"end":{"line":183,"column":5}},"19":{"start":{"line":120,"column":24},"end":{"line":120,"column":63}},"20":{"start":{"line":121,"column":34},"end":{"line":121,"column":65}},"21":{"start":{"line":124,"column":27},"end":{"line":124,"column":58}},"22":{"start":{"line":125,"column":34},"end":{"line":125,"column":64}},"23":{"start":{"line":127,"column":24},"end":{"line":127,"column":43}},"24":{"start":{"line":129,"column":6},"end":{"line":173,"column":7}},"25":{"start":{"line":131,"column":8},"end":{"line":131,"column":48}},"26":{"start":{"line":132,"column":8},"end":{"line":132,"column":26}},"27":{"start":{"line":134,"column":8},"end":{"line":150,"column":9}},"28":{"start":{"line":135,"column":10},"end":{"line":149,"column":14}},"29":{"start":{"line":151,"column":13},"end":{"line":173,"column":7}},"30":{"start":{"line":153,"column":8},"end":{"line":153,"column":48}},"31":{"start":{"line":154,"column":8},"end":{"line":154,"column":27}},"32":{"start":{"line":156,"column":8},"end":{"line":172,"column":9}},"33":{"start":{"line":157,"column":10},"end":{"line":171,"column":14}},"34":{"start":{"line":175,"column":6},"end":{"line":182,"column":9}},"35":{"start":{"line":185,"column":4},"end":{"line":185,"column":71}},"36":{"start":{"line":187,"column":22},"end":{"line":187,"column":70}},"37":{"start":{"line":188,"column":6},"end":{"line":188,"column":58}}},"fnMap":{"0":{"name":"(anonymous_0)","decl":{"start":{"line":30,"column":2},"end":{"line":30,"column":3}},"loc":{"start":{"line":32,"column":4},"end":{"line":32,"column":6}},"line":32},"1":{"name":"(anonymous_1)","decl":{"start":{"line":34,"column":2},"end":{"line":34,"column":3}},"loc":{"start":{"line":34,"column":99},"end":{"line":190,"column":3}},"line":34},"2":{"name":"(anonymous_2)","decl":{"start":{"line":47,"column":64},"end":{"line":47,"column":65}},"loc":{"start":{"line":47,"column":74},"end":{"line":59,"column":5}},"line":47},"3":{"name":"(anonymous_3)","decl":{"start":{"line":67,"column":52},"end":{"line":67,"column":53}},"loc":{"start":{"line":67,"column":62},"end":{"line":82,"column":5}},"line":67},"4":{"name":"(anonymous_4)","decl":{"start":{"line":95,"column":24},"end":{"line":95,"column":25}},"loc":{"start":{"line":95,"column":33},"end":{"line":95,"column":54}},"line":95}},"branchMap":{"0":{"loc":{"start":{"line":100,"column":9},"end":{"line":100,"column":53}},"type":"binary-expr","locations":[{"start":{"line":100,"column":9},"end":{"line":100,"column":44}},{"start":{"line":100,"column":48},"end":{"line":100,"column":53}}],"line":100},"1":{"loc":{"start":{"line":101,"column":9},"end":{"line":101,"column":53}},"type":"binary-expr","locations":[{"start":{"line":101,"column":9},"end":{"line":101,"column":44}},{"start":{"line":101,"column":48},"end":{"line":101,"column":53}}],"line":101},"2":{"loc":{"start":{"line":102,"column":9},"end":{"line":102,"column":53}},"type":"binary-expr","locations":[{"start":{"line":102,"column":9},"end":{"line":102,"column":44}},{"start":{"line":102,"column":48},"end":{"line":102,"column":53}}],"line":102},"3":{"loc":{"start":{"line":121,"column":34},"end":{"line":121,"column":65}},"type":"binary-expr","locations":[{"start":{"line":121,"column":34},"end":{"line":121,"column":56}},{"start":{"line":121,"column":60},"end":{"line":121,"column":65}}],"line":121},"4":{"loc":{"start":{"line":124,"column":27},"end":{"line":124,"column":58}},"type":"binary-expr","locations":[{"start":{"line":124,"column":27},"end":{"line":124,"column":50}},{"start":{"line":124,"column":54},"end":{"line":124,"column":58}}],"line":124},"5":{"loc":{"start":{"line":125,"column":34},"end":{"line":125,"column":64}},"type":"binary-expr","locations":[{"start":{"line":125,"column":34},"end":{"line":125,"column":56}},{"start":{"line":125,"column":60},"end":{"line":125,"column":64}}],"line":125},"6":{"loc":{"start":{"line":129,"column":6},"end":{"line":173,"column":7}},"type":"if","locations":[{"start":{"line":129,"column":6},"end":{"line":173,"column":7}},{"start":{"line":151,"column":13},"end":{"line":173,"column":7}}],"line":129},"7":{"loc":{"start":{"line":129,"column":10},"end":{"line":129,"column":53}},"type":"binary-expr","locations":[{"start":{"line":129,"column":10},"end":{"line":129,"column":29}},{"start":{"line":129,"column":33},"end":{"line":129,"column":53}}],"line":129},"8":{"loc":{"start":{"line":134,"column":8},"end":{"line":150,"column":9}},"type":"if","locations":[{"start":{"line":134,"column":8},"end":{"line":150,"column":9}},{"start":{},"end":{}}],"line":134},"9":{"loc":{"start":{"line":151,"column":13},"end":{"line":173,"column":7}},"type":"if","locations":[{"start":{"line":151,"column":13},"end":{"line":173,"column":7}},{"start":{},"end":{}}],"line":151},"10":{"loc":{"start":{"line":151,"column":17},"end":{"line":151,"column":60}},"type":"binary-expr","locations":[{"start":{"line":151,"column":17},"end":{"line":151,"column":37}},{"start":{"line":151,"column":41},"end":{"line":151,"column":60}}],"line":151},"11":{"loc":{"start":{"line":156,"column":8},"end":{"line":172,"column":9}},"type":"if","locations":[{"start":{"line":156,"column":8},"end":{"line":172,"column":9}},{"start":{},"end":{}}],"line":156},"12":{"loc":{"start":{"line":187,"column":22},"end":{"line":187,"column":70}},"type":"cond-expr","locations":[{"start":{"line":187,"column":45},"end":{"line":187,"column":56}},{"start":{"line":187,"column":59},"end":{"line":187,"column":70}}],"line":187}},"s":{"0":5,"1":5,"2":5,"3":5,"4":5,"5":5,"6":0,"7":5,"8":5,"9":5,"10":5,"11":35,"12":5,"13":5,"14":5,"15":5,"16":5,"17":5,"18":5,"19":35,"20":35,"21":35,"22":35,"23":35,"24":35,"25":3,"26":3,"27":3,"28":3,"29":32,"30":1,"31":1,"32":1,"33":1,"34":35,"35":5,"36":0,"37":0},"f":{"0":5,"1":5,"2":5,"3":0,"4":35},"b":{"0":[5,0],"1":[5,0],"2":[5,0],"3":[35,0],"4":[35,33],"5":[35,34],"6":[3,32],"7":[35,4],"8":[3,0],"9":[1,31],"10":[32,31],"11":[1,0],"12":[0,0]},"_coverageSchema":"1a1c01bbd47fc00a2c39e90264f33305004495a9","hash":"a810911760cc2e4cb2182d7d349c5fc092a24d09"}
,"C:\\Project\\AccountingV2\\src\\domain\\babySteps\\ReconcileEmergencyFundTypeUseCase.ts": {"path":"C:\\Project\\AccountingV2\\src\\domain\\babySteps\\ReconcileEmergencyFundTypeUseCase.ts","statementMap":{"0":{"start":{"line":32,"column":23},"end":{"line":41,"column":7}},"1":{"start":{"line":44,"column":19},"end":{"line":44,"column":89}},"2":{"start":{"line":44,"column":50},"end":{"line":44,"column":88}},"3":{"start":{"line":46,"column":4},"end":{"line":49,"column":5}},"4":{"start":{"line":48,"column":6},"end":{"line":48,"column":43}},"5":{"start":{"line":52,"column":26},"end":{"line":52,"column":32}},"6":{"start":{"line":53,"column":16},"end":{"line":53,"column":40}},"7":{"start":{"line":55,"column":4},"end":{"line":64,"column":5}},"8":{"start":{"line":56,"column":6},"end":{"line":63,"column":46}},"9":{"start":{"line":66,"column":4},"end":{"line":66,"column":53}}},"fnMap":{"0":{"name":"(anonymous_0)","decl":{"start":{"line":26,"column":2},"end":{"line":26,"column":3}},"loc":{"start":{"line":28,"column":4},"end":{"line":28,"column":6}},"line":28},"1":{"name":"(anonymous_1)","decl":{"start":{"line":30,"column":2},"end":{"line":30,"column":3}},"loc":{"start":{"line":30,"column":88},"end":{"line":67,"column":3}},"line":30},"2":{"name":"(anonymous_2)","decl":{"start":{"line":44,"column":40},"end":{"line":44,"column":41}},"loc":{"start":{"line":44,"column":50},"end":{"line":44,"column":88}},"line":44}},"branchMap":{"0":{"loc":{"start":{"line":46,"column":4},"end":{"line":49,"column":5}},"type":"if","locations":[{"start":{"line":46,"column":4},"end":{"line":49,"column":5}},{"start":{},"end":{}}],"line":46}},"s":{"0":9,"1":9,"2":7,"3":9,"4":5,"5":4,"6":4,"7":4,"8":5,"9":4},"f":{"0":9,"1":9,"2":7},"b":{"0":[5,4]},"_coverageSchema":"1a1c01bbd47fc00a2c39e90264f33305004495a9","hash":"67c480d3f85d0a8b425ff4c4bb1b9768d2577a56"}
,"C:\\Project\\AccountingV2\\src\\domain\\babySteps\\SeedBabyStepsUseCase.ts": {"path":"C:\\Project\\AccountingV2\\src\\domain\\babySteps\\SeedBabyStepsUseCase.ts","statementMap":{"0":{"start":{"line":27,"column":4},"end":{"line":55,"column":5}},"1":{"start":{"line":28,"column":18},"end":{"line":28,"column":42}},"2":{"start":{"line":30,"column":19},"end":{"line":41,"column":9}},"3":{"start":{"line":30,"column":73},"end":{"line":41,"column":7}},"4":{"start":{"line":44,"column":6},"end":{"line":49,"column":7}},"5":{"start":{"line":45,"column":8},"end":{"line":48,"column":33}},"6":{"start":{"line":51,"column":6},"end":{"line":51,"column":38}},"7":{"start":{"line":53,"column":22},"end":{"line":53,"column":70}},"8":{"start":{"line":54,"column":6},"end":{"line":54,"column":58}}},"fnMap":{"0":{"name":"(anonymous_0)","decl":{"start":{"line":22,"column":2},"end":{"line":22,"column":3}},"loc":{"start":{"line":24,"column":4},"end":{"line":24,"column":6}},"line":24},"1":{"name":"(anonymous_1)","decl":{"start":{"line":26,"column":2},"end":{"line":26,"column":3}},"loc":{"start":{"line":26,"column":60},"end":{"line":56,"column":3}},"line":26},"2":{"name":"(anonymous_2)","decl":{"start":{"line":30,"column":56},"end":{"line":30,"column":57}},"loc":{"start":{"line":30,"column":73},"end":{"line":41,"column":7}},"line":30}},"branchMap":{"0":{"loc":{"start":{"line":53,"column":22},"end":{"line":53,"column":70}},"type":"cond-expr","locations":[{"start":{"line":53,"column":45},"end":{"line":53,"column":56}},{"start":{"line":53,"column":59},"end":{"line":53,"column":70}}],"line":53}},"s":{"0":17,"1":17,"2":17,"3":119,"4":17,"5":119,"6":17,"7":0,"8":0},"f":{"0":16,"1":17,"2":119},"b":{"0":[0,0]},"_coverageSchema":"1a1c01bbd47fc00a2c39e90264f33305004495a9","hash":"e70e9e2745ab07ff3543bc6baa5c083d38cd89d2"}
,"C:\\Project\\AccountingV2\\src\\domain\\babySteps\\StampCelebratedUseCase.ts": {"path":"C:\\Project\\AccountingV2\\src\\domain\\babySteps\\StampCelebratedUseCase.ts","statementMap":{"0":{"start":{"line":24,"column":21},"end":{"line":32,"column":7}},"1":{"start":{"line":34,"column":16},"end":{"line":34,"column":27}},"2":{"start":{"line":35,"column":4},"end":{"line":40,"column":5}},"3":{"start":{"line":36,"column":6},"end":{"line":39,"column":9}},"4":{"start":{"line":43,"column":4},"end":{"line":45,"column":5}},"5":{"start":{"line":44,"column":6},"end":{"line":44,"column":38}},"6":{"start":{"line":47,"column":16},"end":{"line":47,"column":40}},"7":{"start":{"line":49,"column":4},"end":{"line":61,"column":8}},"8":{"start":{"line":63,"column":4},"end":{"line":63,"column":36}}},"fnMap":{"0":{"name":"(anonymous_0)","decl":{"start":{"line":18,"column":2},"end":{"line":18,"column":3}},"loc":{"start":{"line":20,"column":4},"end":{"line":20,"column":6}},"line":20},"1":{"name":"(anonymous_1)","decl":{"start":{"line":22,"column":2},"end":{"line":22,"column":3}},"loc":{"start":{"line":22,"column":80},"end":{"line":64,"column":3}},"line":22}},"branchMap":{"0":{"loc":{"start":{"line":35,"column":4},"end":{"line":40,"column":5}},"type":"if","locations":[{"start":{"line":35,"column":4},"end":{"line":40,"column":5}},{"start":{},"end":{}}],"line":35},"1":{"loc":{"start":{"line":43,"column":4},"end":{"line":45,"column":5}},"type":"if","locations":[{"start":{"line":43,"column":4},"end":{"line":45,"column":5}},{"start":{},"end":{}}],"line":43}},"s":{"0":4,"1":4,"2":4,"3":1,"4":3,"5":1,"6":2,"7":2,"8":2},"f":{"0":4,"1":4},"b":{"0":[1,3],"1":[1,2]},"_coverageSchema":"1a1c01bbd47fc00a2c39e90264f33305004495a9","hash":"92aa91a87a50a8cc533d789818186eab20e11589"}
,"C:\\Project\\AccountingV2\\src\\domain\\babySteps\\ToggleManualStepUseCase.ts": {"path":"C:\\Project\\AccountingV2\\src\\domain\\babySteps\\ToggleManualStepUseCase.ts","statementMap":{"0":{"start":{"line":28,"column":4},"end":{"line":33,"column":5}},"1":{"start":{"line":29,"column":6},"end":{"line":32,"column":9}},"2":{"start":{"line":35,"column":16},"end":{"line":35,"column":40}},"3":{"start":{"line":37,"column":4},"end":{"line":50,"column":8}},"4":{"start":{"line":52,"column":4},"end":{"line":52,"column":36}}},"fnMap":{"0":{"name":"(anonymous_0)","decl":{"start":{"line":19,"column":2},"end":{"line":19,"column":3}},"loc":{"start":{"line":21,"column":4},"end":{"line":21,"column":6}},"line":21},"1":{"name":"(anonymous_1)","decl":{"start":{"line":23,"column":2},"end":{"line":23,"column":3}},"loc":{"start":{"line":27,"column":27},"end":{"line":53,"column":3}},"line":27}},"branchMap":{"0":{"loc":{"start":{"line":28,"column":4},"end":{"line":33,"column":5}},"type":"if","locations":[{"start":{"line":28,"column":4},"end":{"line":33,"column":5}},{"start":{},"end":{}}],"line":28},"1":{"loc":{"start":{"line":41,"column":21},"end":{"line":41,"column":43}},"type":"cond-expr","locations":[{"start":{"line":41,"column":33},"end":{"line":41,"column":36}},{"start":{"line":41,"column":39},"end":{"line":41,"column":43}}],"line":41}},"s":{"0":9,"1":4,"2":5,"3":5,"4":5},"f":{"0":9,"1":9},"b":{"0":[4,5],"1":[4,1]},"_coverageSchema":"1a1c01bbd47fc00a2c39e90264f33305004495a9","hash":"3ec7dee113a60bbdff7c7f29fd10c380ef9b0fce"}
,"C:\\Project\\AccountingV2\\src\\domain\\babySteps\\types.ts": {"path":"C:\\Project\\AccountingV2\\src\\domain\\babySteps\\types.ts","statementMap":{},"fnMap":{},"branchMap":{},"s":{},"f":{},"b":{}}
,"C:\\Project\\AccountingV2\\src\\domain\\budgets\\BudgetBalanceCalculator.ts": {"path":"C:\\Project\\AccountingV2\\src\\domain\\budgets\\BudgetBalanceCalculator.ts","statementMap":{"0":{"start":{"line":30,"column":20},"end":{"line":30,"column":21}},"1":{"start":{"line":31,"column":23},"end":{"line":31,"column":24}},"2":{"start":{"line":33,"column":2},"end":{"line":39,"column":3}},"3":{"start":{"line":34,"column":4},"end":{"line":34,"column":38}},"4":{"start":{"line":34,"column":29},"end":{"line":34,"column":38}},"5":{"start":{"line":35,"column":4},"end":{"line":35,"column":46}},"6":{"start":{"line":36,"column":4},"end":{"line":38,"column":5}},"7":{"start":{"line":37,"column":6},"end":{"line":37,"column":45}},"8":{"start":{"line":41,"column":33},"end":{"line":41,"column":61}},"9":{"start":{"line":42,"column":19},"end":{"line":42,"column":55}},"10":{"start":{"line":44,"column":2},"end":{"line":44,"column":75}}},"fnMap":{"0":{"name":"calculateBudgetBalance","decl":{"start":{"line":29,"column":16},"end":{"line":29,"column":38}},"loc":{"start":{"line":29,"column":83},"end":{"line":45,"column":1}},"line":29}},"branchMap":{"0":{"loc":{"start":{"line":34,"column":4},"end":{"line":34,"column":38}},"type":"if","locations":[{"start":{"line":34,"column":4},"end":{"line":34,"column":38}},{"start":{},"end":{}}],"line":34},"1":{"loc":{"start":{"line":36,"column":4},"end":{"line":38,"column":5}},"type":"if","locations":[{"start":{"line":36,"column":4},"end":{"line":38,"column":5}},{"start":{},"end":{}}],"line":36}},"s":{"0":25,"1":25,"2":25,"3":53,"4":6,"5":47,"6":47,"7":18,"8":25,"9":25,"10":25},"f":{"0":25},"b":{"0":[6,47],"1":[18,29]},"_coverageSchema":"1a1c01bbd47fc00a2c39e90264f33305004495a9","hash":"e4bad1793b3de9bc7cdd7eef75f0016b1dba3af0"}
,"C:\\Project\\AccountingV2\\src\\domain\\debtSnowball\\CreateDebtUseCase.ts": {"path":"C:\\Project\\AccountingV2\\src\\domain\\debtSnowball\\CreateDebtUseCase.ts","statementMap":{"0":{"start":{"line":29,"column":4},"end":{"line":29,"column":48}},"1":{"start":{"line":33,"column":4},"end":{"line":35,"column":5}},"2":{"start":{"line":34,"column":6},"end":{"line":34,"column":114}},"3":{"start":{"line":36,"column":4},"end":{"line":38,"column":5}},"4":{"start":{"line":37,"column":6},"end":{"line":37,"column":110}},"5":{"start":{"line":39,"column":4},"end":{"line":41,"column":5}},"6":{"start":{"line":40,"column":6},"end":{"line":40,"column":98}},"7":{"start":{"line":43,"column":24},"end":{"line":46,"column":59}},"8":{"start":{"line":47,"column":22},"end":{"line":47,"column":48}},"9":{"start":{"line":49,"column":16},"end":{"line":49,"column":40}},"10":{"start":{"line":50,"column":15},"end":{"line":50,"column":27}},"11":{"start":{"line":52,"column":29},"end":{"line":67,"column":5}},"12":{"start":{"line":69,"column":4},"end":{"line":69,"column":45}},"13":{"start":{"line":71,"column":4},"end":{"line":83,"column":7}},"14":{"start":{"line":85,"column":4},"end":{"line":85,"column":55}},"15":{"start":{"line":87,"column":4},"end":{"line":87,"column":31}}},"fnMap":{"0":{"name":"(anonymous_0)","decl":{"start":{"line":24,"column":2},"end":{"line":24,"column":3}},"loc":{"start":{"line":28,"column":4},"end":{"line":30,"column":3}},"line":28},"1":{"name":"(anonymous_1)","decl":{"start":{"line":32,"column":2},"end":{"line":32,"column":3}},"loc":{"start":{"line":32,"column":47},"end":{"line":88,"column":3}},"line":32}},"branchMap":{"0":{"loc":{"start":{"line":33,"column":4},"end":{"line":35,"column":5}},"type":"if","locations":[{"start":{"line":33,"column":4},"end":{"line":35,"column":5}},{"start":{},"end":{}}],"line":33},"1":{"loc":{"start":{"line":36,"column":4},"end":{"line":38,"column":5}},"type":"if","locations":[{"start":{"line":36,"column":4},"end":{"line":38,"column":5}},{"start":{},"end":{}}],"line":36},"2":{"loc":{"start":{"line":39,"column":4},"end":{"line":41,"column":5}},"type":"if","locations":[{"start":{"line":39,"column":4},"end":{"line":41,"column":5}},{"start":{},"end":{}}],"line":39},"3":{"loc":{"start":{"line":47,"column":22},"end":{"line":47,"column":48}},"type":"binary-expr","locations":[{"start":{"line":47,"column":22},"end":{"line":47,"column":43}},{"start":{"line":47,"column":47},"end":{"line":47,"column":48}}],"line":47}},"s":{"0":5,"1":5,"2":1,"3":4,"4":1,"5":3,"6":1,"7":2,"8":2,"9":2,"10":2,"11":2,"12":2,"13":2,"14":2,"15":2},"f":{"0":5,"1":5},"b":{"0":[1,4],"1":[1,3],"2":[1,2],"3":[2,0]},"_coverageSchema":"1a1c01bbd47fc00a2c39e90264f33305004495a9","hash":"352574aae8b178a2da265af9015816cbec2f9d26"}
,"C:\\Project\\AccountingV2\\src\\domain\\debtSnowball\\DebtEntity.ts": {"path":"C:\\Project\\AccountingV2\\src\\domain\\debtSnowball\\DebtEntity.ts","statementMap":{"0":{"start":{"line":26,"column":43},"end":{"line":32,"column":3}},"1":{"start":{"line":33,"column":2},"end":{"line":33,"column":26}},"2":{"start":{"line":38,"column":2},"end":{"line":38,"column":46}},"3":{"start":{"line":38,"column":37},"end":{"line":38,"column":46}},"4":{"start":{"line":39,"column":2},"end":{"line":39,"column":91}}},"fnMap":{"0":{"name":"getDebtTypeLabel","decl":{"start":{"line":25,"column":16},"end":{"line":25,"column":32}},"loc":{"start":{"line":25,"column":61},"end":{"line":34,"column":1}},"line":25},"1":{"name":"getPayoffProgressPercent","decl":{"start":{"line":37,"column":16},"end":{"line":37,"column":40}},"loc":{"start":{"line":37,"column":67},"end":{"line":40,"column":1}},"line":37}},"branchMap":{"0":{"loc":{"start":{"line":38,"column":2},"end":{"line":38,"column":46}},"type":"if","locations":[{"start":{"line":38,"column":2},"end":{"line":38,"column":46}},{"start":{},"end":{}}],"line":38}},"s":{"0":5,"1":5,"2":3,"3":0,"4":3},"f":{"0":5,"1":3},"b":{"0":[0,3]},"_coverageSchema":"1a1c01bbd47fc00a2c39e90264f33305004495a9","hash":"b19ab2714773dd9576d774a76f96bf1a78012a57"}
,"C:\\Project\\AccountingV2\\src\\domain\\debtSnowball\\LogDebtPaymentUseCase.ts": {"path":"C:\\Project\\AccountingV2\\src\\domain\\debtSnowball\\LogDebtPaymentUseCase.ts","statementMap":{"0":{"start":{"line":26,"column":4},"end":{"line":26,"column":48}},"1":{"start":{"line":30,"column":4},"end":{"line":32,"column":5}},"2":{"start":{"line":31,"column":6},"end":{"line":31,"column":109}},"3":{"start":{"line":34,"column":16},"end":{"line":34,"column":40}},"4":{"start":{"line":35,"column":26},"end":{"line":38,"column":5}},"5":{"start":{"line":39,"column":23},"end":{"line":39,"column":85}},"6":{"start":{"line":40,"column":22},"end":{"line":40,"column":38}},"7":{"start":{"line":42,"column":4},"end":{"line":51,"column":46}},"8":{"start":{"line":53,"column":4},"end":{"line":67,"column":7}},"9":{"start":{"line":69,"column":4},"end":{"line":69,"column":78}},"10":{"start":{"line":71,"column":32},"end":{"line":77,"column":5}},"11":{"start":{"line":79,"column":4},"end":{"line":79,"column":34}}},"fnMap":{"0":{"name":"(anonymous_0)","decl":{"start":{"line":21,"column":2},"end":{"line":21,"column":3}},"loc":{"start":{"line":25,"column":4},"end":{"line":27,"column":3}},"line":25},"1":{"name":"(anonymous_1)","decl":{"start":{"line":29,"column":2},"end":{"line":29,"column":3}},"loc":{"start":{"line":29,"column":47},"end":{"line":80,"column":3}},"line":29}},"branchMap":{"0":{"loc":{"start":{"line":30,"column":4},"end":{"line":32,"column":5}},"type":"if","locations":[{"start":{"line":30,"column":4},"end":{"line":32,"column":5}},{"start":{},"end":{}}],"line":30}},"s":{"0":5,"1":5,"2":1,"3":4,"4":4,"5":4,"6":4,"7":4,"8":4,"9":4,"10":4,"11":4},"f":{"0":5,"1":5},"b":{"0":[1,4]},"_coverageSchema":"1a1c01bbd47fc00a2c39e90264f33305004495a9","hash":"7e130a489a9389d3b13abf5e5aacb2c21285b0f8"}
,"C:\\Project\\AccountingV2\\src\\domain\\debtSnowball\\SnowballPayoffProjector.ts": {"path":"C:\\Project\\AccountingV2\\src\\domain\\debtSnowball\\SnowballPayoffProjector.ts","statementMap":{"0":{"start":{"line":17,"column":39},"end":{"line":17,"column":42}},"1":{"start":{"line":25,"column":24},"end":{"line":27,"column":48}},"2":{"start":{"line":26,"column":21},"end":{"line":26,"column":66}},"3":{"start":{"line":27,"column":22},"end":{"line":27,"column":47}},"4":{"start":{"line":29,"column":4},"end":{"line":31,"column":5}},"5":{"start":{"line":30,"column":6},"end":{"line":30,"column":53}},"6":{"start":{"line":33,"column":18},"end":{"line":33,"column":28}},"7":{"start":{"line":34,"column":42},"end":{"line":34,"column":44}},"8":{"start":{"line":35,"column":24},"end":{"line":35,"column":48}},"9":{"start":{"line":36,"column":27},"end":{"line":36,"column":28}},"10":{"start":{"line":38,"column":4},"end":{"line":69,"column":5}},"11":{"start":{"line":39,"column":20},"end":{"line":39,"column":48}},"12":{"start":{"line":40,"column":26},"end":{"line":40,"column":61}},"13":{"start":{"line":41,"column":22},"end":{"line":41,"column":62}},"14":{"start":{"line":42,"column":19},"end":{"line":42,"column":20}},"15":{"start":{"line":44,"column":6},"end":{"line":49,"column":7}},"16":{"start":{"line":45,"column":25},"end":{"line":45,"column":58}},"17":{"start":{"line":46,"column":8},"end":{"line":46,"column":47}},"18":{"start":{"line":47,"column":8},"end":{"line":47,"column":37}},"19":{"start":{"line":47,"column":25},"end":{"line":47,"column":37}},"20":{"start":{"line":48,"column":8},"end":{"line":48,"column":17}},"21":{"start":{"line":51,"column":6},"end":{"line":68,"column":7}},"22":{"start":{"line":52,"column":8},"end":{"line":57,"column":11}},"23":{"start":{"line":58,"column":8},"end":{"line":58,"column":50}},"24":{"start":{"line":60,"column":8},"end":{"line":60,"column":35}},"25":{"start":{"line":61,"column":8},"end":{"line":66,"column":11}},"26":{"start":{"line":67,"column":8},"end":{"line":67,"column":50}},"27":{"start":{"line":71,"column":27},"end":{"line":71,"column":62}},"28":{"start":{"line":73,"column":6},"end":{"line":73,"column":95}},"29":{"start":{"line":75,"column":4},"end":{"line":75,"column":41}}},"fnMap":{"0":{"name":"(anonymous_0)","decl":{"start":{"line":24,"column":2},"end":{"line":24,"column":3}},"loc":{"start":{"line":24,"column":75},"end":{"line":76,"column":3}},"line":24},"1":{"name":"(anonymous_1)","decl":{"start":{"line":26,"column":14},"end":{"line":26,"column":15}},"loc":{"start":{"line":26,"column":21},"end":{"line":26,"column":66}},"line":26},"2":{"name":"(anonymous_2)","decl":{"start":{"line":27,"column":12},"end":{"line":27,"column":13}},"loc":{"start":{"line":27,"column":22},"end":{"line":27,"column":47}},"line":27}},"branchMap":{"0":{"loc":{"start":{"line":24,"column":31},"end":{"line":24,"column":59}},"type":"default-arg","locations":[{"start":{"line":24,"column":58},"end":{"line":24,"column":59}}],"line":24},"1":{"loc":{"start":{"line":26,"column":21},"end":{"line":26,"column":66}},"type":"binary-expr","locations":[{"start":{"line":26,"column":21},"end":{"line":26,"column":33}},{"start":{"line":26,"column":37},"end":{"line":26,"column":66}}],"line":26},"2":{"loc":{"start":{"line":29,"column":4},"end":{"line":31,"column":5}},"type":"if","locations":[{"start":{"line":29,"column":4},"end":{"line":31,"column":5}},{"start":{},"end":{}}],"line":29},"3":{"loc":{"start":{"line":44,"column":13},"end":{"line":44,"column":71}},"type":"binary-expr","locations":[{"start":{"line":44,"column":13},"end":{"line":44,"column":24}},{"start":{"line":44,"column":28},"end":{"line":44,"column":71}}],"line":44},"4":{"loc":{"start":{"line":47,"column":8},"end":{"line":47,"column":37}},"type":"if","locations":[{"start":{"line":47,"column":8},"end":{"line":47,"column":37}},{"start":{},"end":{}}],"line":47},"5":{"loc":{"start":{"line":51,"column":6},"end":{"line":68,"column":7}},"type":"if","locations":[{"start":{"line":51,"column":6},"end":{"line":68,"column":7}},{"start":{"line":59,"column":13},"end":{"line":68,"column":7}}],"line":51},"6":{"loc":{"start":{"line":73,"column":6},"end":{"line":73,"column":95}},"type":"cond-expr","locations":[{"start":{"line":73,"column":63},"end":{"line":73,"column":88}},{"start":{"line":73,"column":91},"end":{"line":73,"column":95}}],"line":73},"7":{"loc":{"start":{"line":73,"column":6},"end":{"line":73,"column":60}},"type":"binary-expr","locations":[{"start":{"line":73,"column":6},"end":{"line":73,"column":20}},{"start":{"line":73,"column":24},"end":{"line":73,"column":60}}],"line":73}},"s":{"0":1,"1":5,"2":5,"3":1,"4":5,"5":2,"6":3,"7":3,"8":3,"9":3,"10":3,"11":4,"12":4,"13":4,"14":4,"15":4,"16":11,"17":11,"18":11,"19":0,"20":11,"21":4,"22":0,"23":0,"24":4,"25":4,"26":4,"27":3,"28":3,"29":3},"f":{"0":5,"1":5,"2":1},"b":{"0":[2],"1":[5,4],"2":[2,3],"3":[15,11],"4":[0,11],"5":[0,4],"6":[3,0],"7":[3,3]},"_coverageSchema":"1a1c01bbd47fc00a2c39e90264f33305004495a9","hash":"fc6cf640ff7d9a7e5d68dcdab0444298cf98dee9"}
,"C:\\Project\\AccountingV2\\src\\domain\\envelopes\\ArchiveEnvelopeUseCase.ts": {"path":"C:\\Project\\AccountingV2\\src\\domain\\envelopes\\ArchiveEnvelopeUseCase.ts","statementMap":{"0":{"start":{"line":19,"column":4},"end":{"line":19,"column":48}},"1":{"start":{"line":23,"column":16},"end":{"line":23,"column":40}},"2":{"start":{"line":24,"column":4},"end":{"line":27,"column":49}},"3":{"start":{"line":29,"column":4},"end":{"line":36,"column":7}},"4":{"start":{"line":38,"column":4},"end":{"line":38,"column":73}},"5":{"start":{"line":40,"column":4},"end":{"line":40,"column":36}}},"fnMap":{"0":{"name":"(anonymous_0)","decl":{"start":{"line":14,"column":2},"end":{"line":14,"column":3}},"loc":{"start":{"line":18,"column":4},"end":{"line":20,"column":3}},"line":18},"1":{"name":"(anonymous_1)","decl":{"start":{"line":22,"column":2},"end":{"line":22,"column":3}},"loc":{"start":{"line":22,"column":41},"end":{"line":41,"column":3}},"line":22}},"branchMap":{},"s":{"0":2,"1":2,"2":2,"3":2,"4":2,"5":2},"f":{"0":2,"1":2},"b":{},"_coverageSchema":"1a1c01bbd47fc00a2c39e90264f33305004495a9","hash":"15bf366c0c23ed53817eb2ba945117983bf2c5f6"}
,"C:\\Project\\AccountingV2\\src\\domain\\envelopes\\CreateEnvelopeUseCase.ts": {"path":"C:\\Project\\AccountingV2\\src\\domain\\envelopes\\CreateEnvelopeUseCase.ts","statementMap":{"0":{"start":{"line":28,"column":4},"end":{"line":28,"column":48}},"1":{"start":{"line":32,"column":24},"end":{"line":32,"column":46}},"2":{"start":{"line":33,"column":4},"end":{"line":35,"column":5}},"3":{"start":{"line":34,"column":6},"end":{"line":34,"column":91}},"4":{"start":{"line":36,"column":4},"end":{"line":38,"column":5}},"5":{"start":{"line":37,"column":6},"end":{"line":37,"column":107}},"6":{"start":{"line":41,"column":6},"end":{"line":41,"column":91}},"7":{"start":{"line":43,"column":16},"end":{"line":43,"column":40}},"8":{"start":{"line":44,"column":15},"end":{"line":44,"column":27}},"9":{"start":{"line":46,"column":37},"end":{"line":58,"column":5}},"10":{"start":{"line":60,"column":52},"end":{"line":60,"column":84}},"11":{"start":{"line":61,"column":4},"end":{"line":61,"column":48}},"12":{"start":{"line":63,"column":52},"end":{"line":75,"column":5}},"13":{"start":{"line":77,"column":4},"end":{"line":84,"column":7}},"14":{"start":{"line":86,"column":4},"end":{"line":86,"column":59}},"15":{"start":{"line":88,"column":4},"end":{"line":88,"column":35}}},"fnMap":{"0":{"name":"(anonymous_0)","decl":{"start":{"line":23,"column":2},"end":{"line":23,"column":3}},"loc":{"start":{"line":27,"column":4},"end":{"line":29,"column":3}},"line":27},"1":{"name":"(anonymous_1)","decl":{"start":{"line":31,"column":2},"end":{"line":31,"column":3}},"loc":{"start":{"line":31,"column":51},"end":{"line":89,"column":3}},"line":31}},"branchMap":{"0":{"loc":{"start":{"line":33,"column":4},"end":{"line":35,"column":5}},"type":"if","locations":[{"start":{"line":33,"column":4},"end":{"line":35,"column":5}},{"start":{},"end":{}}],"line":33},"1":{"loc":{"start":{"line":36,"column":4},"end":{"line":38,"column":5}},"type":"if","locations":[{"start":{"line":36,"column":4},"end":{"line":38,"column":5}},{"start":{},"end":{}}],"line":36},"2":{"loc":{"start":{"line":41,"column":6},"end":{"line":41,"column":91}},"type":"binary-expr","locations":[{"start":{"line":41,"column":6},"end":{"line":41,"column":43}},{"start":{"line":41,"column":47},"end":{"line":41,"column":91}}],"line":41}},"s":{"0":7,"1":7,"2":7,"3":1,"4":6,"5":1,"6":5,"7":5,"8":5,"9":5,"10":5,"11":5,"12":5,"13":5,"14":5,"15":5},"f":{"0":7,"1":7},"b":{"0":[1,6],"1":[1,5],"2":[5,4]},"_coverageSchema":"1a1c01bbd47fc00a2c39e90264f33305004495a9","hash":"706a906da36dec6322c2ea53170b5e2b7f9b9165"}
,"C:\\Project\\AccountingV2\\src\\domain\\envelopes\\EnvelopeEntity.ts": {"path":"C:\\Project\\AccountingV2\\src\\domain\\envelopes\\EnvelopeEntity.ts","statementMap":{"0":{"start":{"line":18,"column":2},"end":{"line":18,"column":55}},"1":{"start":{"line":22,"column":2},"end":{"line":22,"column":48}},"2":{"start":{"line":22,"column":37},"end":{"line":22,"column":48}},"3":{"start":{"line":23,"column":14},"end":{"line":23,"column":95}},"4":{"start":{"line":24,"column":2},"end":{"line":24,"column":38}},"5":{"start":{"line":28,"column":2},"end":{"line":28,"column":55}}},"fnMap":{"0":{"name":"getRemainingCents","decl":{"start":{"line":17,"column":16},"end":{"line":17,"column":33}},"loc":{"start":{"line":17,"column":68},"end":{"line":19,"column":1}},"line":17},"1":{"name":"getPercentRemaining","decl":{"start":{"line":21,"column":16},"end":{"line":21,"column":35}},"loc":{"start":{"line":21,"column":70},"end":{"line":25,"column":1}},"line":21},"2":{"name":"isOverBudget","decl":{"start":{"line":27,"column":16},"end":{"line":27,"column":28}},"loc":{"start":{"line":27,"column":64},"end":{"line":29,"column":1}},"line":27}},"branchMap":{"0":{"loc":{"start":{"line":22,"column":2},"end":{"line":22,"column":48}},"type":"if","locations":[{"start":{"line":22,"column":2},"end":{"line":22,"column":48}},{"start":{},"end":{}}],"line":22}},"s":{"0":2,"1":5,"2":1,"3":4,"4":4,"5":3},"f":{"0":2,"1":5,"2":3},"b":{"0":[1,4]},"_coverageSchema":"1a1c01bbd47fc00a2c39e90264f33305004495a9","hash":"15e2296a89a438a7370f7e852d9bef633e07d7ae"}
,"C:\\Project\\AccountingV2\\src\\domain\\envelopes\\UpdateEnvelopeUseCase.ts": {"path":"C:\\Project\\AccountingV2\\src\\domain\\envelopes\\UpdateEnvelopeUseCase.ts","statementMap":{"0":{"start":{"line":27,"column":4},"end":{"line":27,"column":48}},"1":{"start":{"line":31,"column":24},"end":{"line":31,"column":46}},"2":{"start":{"line":32,"column":4},"end":{"line":34,"column":5}},"3":{"start":{"line":33,"column":6},"end":{"line":33,"column":91}},"4":{"start":{"line":35,"column":4},"end":{"line":37,"column":5}},"5":{"start":{"line":36,"column":6},"end":{"line":36,"column":107}},"6":{"start":{"line":39,"column":4},"end":{"line":44,"column":5}},"7":{"start":{"line":40,"column":6},"end":{"line":43,"column":9}},"8":{"start":{"line":46,"column":16},"end":{"line":46,"column":40}},"9":{"start":{"line":47,"column":36},"end":{"line":52,"column":5}},"10":{"start":{"line":54,"column":4},"end":{"line":57,"column":48}},"11":{"start":{"line":59,"column":57},"end":{"line":71,"column":5}},"12":{"start":{"line":73,"column":52},"end":{"line":85,"column":5}},"13":{"start":{"line":87,"column":4},"end":{"line":94,"column":7}},"14":{"start":{"line":96,"column":4},"end":{"line":96,"column":72}},"15":{"start":{"line":98,"column":4},"end":{"line":98,"column":34}}},"fnMap":{"0":{"name":"(anonymous_0)","decl":{"start":{"line":21,"column":2},"end":{"line":21,"column":3}},"loc":{"start":{"line":26,"column":4},"end":{"line":28,"column":3}},"line":26},"1":{"name":"(anonymous_1)","decl":{"start":{"line":30,"column":2},"end":{"line":30,"column":3}},"loc":{"start":{"line":30,"column":51},"end":{"line":99,"column":3}},"line":30}},"branchMap":{"0":{"loc":{"start":{"line":32,"column":4},"end":{"line":34,"column":5}},"type":"if","locations":[{"start":{"line":32,"column":4},"end":{"line":34,"column":5}},{"start":{},"end":{}}],"line":32},"1":{"loc":{"start":{"line":35,"column":4},"end":{"line":37,"column":5}},"type":"if","locations":[{"start":{"line":35,"column":4},"end":{"line":37,"column":5}},{"start":{},"end":{}}],"line":35},"2":{"loc":{"start":{"line":39,"column":4},"end":{"line":44,"column":5}},"type":"if","locations":[{"start":{"line":39,"column":4},"end":{"line":44,"column":5}},{"start":{},"end":{}}],"line":39},"3":{"loc":{"start":{"line":39,"column":8},"end":{"line":39,"column":84}},"type":"binary-expr","locations":[{"start":{"line":39,"column":8},"end":{"line":39,"column":46}},{"start":{"line":39,"column":50},"end":{"line":39,"column":84}}],"line":39},"4":{"loc":{"start":{"line":39,"column":51},"end":{"line":39,"column":77}},"type":"binary-expr","locations":[{"start":{"line":39,"column":51},"end":{"line":39,"column":72}},{"start":{"line":39,"column":76},"end":{"line":39,"column":77}}],"line":39}},"s":{"0":8,"1":8,"2":8,"3":1,"4":7,"5":1,"6":6,"7":1,"8":5,"9":5,"10":5,"11":5,"12":5,"13":5,"14":5,"15":5},"f":{"0":8,"1":8},"b":{"0":[1,7],"1":[1,6],"2":[1,5],"3":[6,3],"4":[3,1]},"_coverageSchema":"1a1c01bbd47fc00a2c39e90264f33305004495a9","hash":"d73bb4d2ea850d2277fdc0b076e58a9060157465"}
,"C:\\Project\\AccountingV2\\src\\domain\\households\\AcceptInviteUseCase.ts": {"path":"C:\\Project\\AccountingV2\\src\\domain\\households\\AcceptInviteUseCase.ts","statementMap":{"0":{"start":{"line":27,"column":4},"end":{"line":27,"column":48}},"1":{"start":{"line":32,"column":49},"end":{"line":36,"column":15}},"2":{"start":{"line":38,"column":4},"end":{"line":40,"column":5}},"3":{"start":{"line":39,"column":6},"end":{"line":39,"column":91}},"4":{"start":{"line":42,"column":4},"end":{"line":44,"column":5}},"5":{"start":{"line":43,"column":6},"end":{"line":43,"column":96}},"6":{"start":{"line":46,"column":4},"end":{"line":48,"column":5}},"7":{"start":{"line":47,"column":6},"end":{"line":47,"column":111}},"8":{"start":{"line":50,"column":24},"end":{"line":50,"column":53}},"9":{"start":{"line":53,"column":21},"end":{"line":53,"column":33}},"10":{"start":{"line":54,"column":16},"end":{"line":54,"column":40}},"11":{"start":{"line":56,"column":35},"end":{"line":64,"column":8}},"12":{"start":{"line":66,"column":4},"end":{"line":68,"column":5}},"13":{"start":{"line":67,"column":6},"end":{"line":67,"column":82}},"14":{"start":{"line":71,"column":37},"end":{"line":74,"column":48}},"15":{"start":{"line":76,"column":4},"end":{"line":78,"column":5}},"16":{"start":{"line":77,"column":6},"end":{"line":77,"column":91}},"17":{"start":{"line":81,"column":67},"end":{"line":87,"column":5}},"18":{"start":{"line":88,"column":4},"end":{"line":88,"column":63}},"19":{"start":{"line":89,"column":4},"end":{"line":89,"column":73}},"20":{"start":{"line":92,"column":21},"end":{"line":92,"column":105}},"21":{"start":{"line":93,"column":4},"end":{"line":95,"column":5}},"22":{"start":{"line":94,"column":6},"end":{"line":94,"column":111}},"23":{"start":{"line":97,"column":38},"end":{"line":102,"column":5}},"24":{"start":{"line":104,"column":4},"end":{"line":104,"column":34}}},"fnMap":{"0":{"name":"(anonymous_0)","decl":{"start":{"line":21,"column":2},"end":{"line":21,"column":3}},"loc":{"start":{"line":26,"column":4},"end":{"line":28,"column":3}},"line":26},"1":{"name":"(anonymous_1)","decl":{"start":{"line":30,"column":2},"end":{"line":30,"column":3}},"loc":{"start":{"line":30,"column":53},"end":{"line":105,"column":3}},"line":30}},"branchMap":{"0":{"loc":{"start":{"line":38,"column":4},"end":{"line":40,"column":5}},"type":"if","locations":[{"start":{"line":38,"column":4},"end":{"line":40,"column":5}},{"start":{},"end":{}}],"line":38},"1":{"loc":{"start":{"line":38,"column":8},"end":{"line":38,"column":30}},"type":"binary-expr","locations":[{"start":{"line":38,"column":8},"end":{"line":38,"column":19}},{"start":{"line":38,"column":23},"end":{"line":38,"column":30}}],"line":38},"2":{"loc":{"start":{"line":42,"column":4},"end":{"line":44,"column":5}},"type":"if","locations":[{"start":{"line":42,"column":4},"end":{"line":44,"column":5}},{"start":{},"end":{}}],"line":42},"3":{"loc":{"start":{"line":46,"column":4},"end":{"line":48,"column":5}},"type":"if","locations":[{"start":{"line":46,"column":4},"end":{"line":48,"column":5}},{"start":{},"end":{}}],"line":46},"4":{"loc":{"start":{"line":66,"column":4},"end":{"line":68,"column":5}},"type":"if","locations":[{"start":{"line":66,"column":4},"end":{"line":68,"column":5}},{"start":{},"end":{}}],"line":66},"5":{"loc":{"start":{"line":76,"column":4},"end":{"line":78,"column":5}},"type":"if","locations":[{"start":{"line":76,"column":4},"end":{"line":78,"column":5}},{"start":{},"end":{}}],"line":76},"6":{"loc":{"start":{"line":93,"column":4},"end":{"line":95,"column":5}},"type":"if","locations":[{"start":{"line":93,"column":4},"end":{"line":95,"column":5}},{"start":{},"end":{}}],"line":93}},"s":{"0":3,"1":3,"2":3,"3":1,"4":2,"5":1,"6":1,"7":1,"8":0,"9":0,"10":0,"11":0,"12":0,"13":0,"14":0,"15":0,"16":0,"17":0,"18":0,"19":0,"20":0,"21":0,"22":0,"23":0,"24":0},"f":{"0":3,"1":3},"b":{"0":[1,2],"1":[3,2],"2":[1,1],"3":[1,0],"4":[0,0],"5":[0,0],"6":[0,0]},"_coverageSchema":"1a1c01bbd47fc00a2c39e90264f33305004495a9","hash":"737962a74d739fe18d7bd7001e3f3a4b189e85f4"}
,"C:\\Project\\AccountingV2\\src\\domain\\households\\CreateHouseholdUseCase.ts": {"path":"C:\\Project\\AccountingV2\\src\\domain\\households\\CreateHouseholdUseCase.ts","statementMap":{"0":{"start":{"line":27,"column":4},"end":{"line":27,"column":48}},"1":{"start":{"line":31,"column":17},"end":{"line":31,"column":39}},"2":{"start":{"line":32,"column":4},"end":{"line":34,"column":5}},"3":{"start":{"line":33,"column":6},"end":{"line":33,"column":92}},"4":{"start":{"line":35,"column":4},"end":{"line":37,"column":5}},"5":{"start":{"line":36,"column":6},"end":{"line":36,"column":103}},"6":{"start":{"line":39,"column":16},"end":{"line":39,"column":40}},"7":{"start":{"line":40,"column":24},"end":{"line":40,"column":36}},"8":{"start":{"line":42,"column":62},"end":{"line":50,"column":5}},"9":{"start":{"line":51,"column":4},"end":{"line":51,"column":58}},"10":{"start":{"line":53,"column":21},"end":{"line":53,"column":33}},"11":{"start":{"line":54,"column":65},"end":{"line":60,"column":5}},"12":{"start":{"line":61,"column":4},"end":{"line":61,"column":61}},"13":{"start":{"line":63,"column":4},"end":{"line":70,"column":7}},"14":{"start":{"line":72,"column":4},"end":{"line":72,"column":69}},"15":{"start":{"line":73,"column":4},"end":{"line":73,"column":73}},"16":{"start":{"line":76,"column":19},"end":{"line":76,"column":52}},"17":{"start":{"line":77,"column":4},"end":{"line":77,"column":38}},"18":{"start":{"line":79,"column":4},"end":{"line":79,"column":99}}},"fnMap":{"0":{"name":"(anonymous_0)","decl":{"start":{"line":22,"column":2},"end":{"line":22,"column":3}},"loc":{"start":{"line":26,"column":4},"end":{"line":28,"column":3}},"line":26},"1":{"name":"(anonymous_1)","decl":{"start":{"line":30,"column":2},"end":{"line":30,"column":3}},"loc":{"start":{"line":30,"column":53},"end":{"line":80,"column":3}},"line":30}},"branchMap":{"0":{"loc":{"start":{"line":32,"column":4},"end":{"line":34,"column":5}},"type":"if","locations":[{"start":{"line":32,"column":4},"end":{"line":34,"column":5}},{"start":{},"end":{}}],"line":32},"1":{"loc":{"start":{"line":35,"column":4},"end":{"line":37,"column":5}},"type":"if","locations":[{"start":{"line":35,"column":4},"end":{"line":37,"column":5}},{"start":{},"end":{}}],"line":35},"2":{"loc":{"start":{"line":35,"column":8},"end":{"line":35,"column":61}},"type":"binary-expr","locations":[{"start":{"line":35,"column":8},"end":{"line":35,"column":32}},{"start":{"line":35,"column":36},"end":{"line":35,"column":61}}],"line":35}},"s":{"0":3,"1":3,"2":3,"3":1,"4":2,"5":1,"6":1,"7":1,"8":1,"9":1,"10":1,"11":1,"12":1,"13":1,"14":1,"15":1,"16":1,"17":1,"18":1},"f":{"0":3,"1":3},"b":{"0":[1,2],"1":[1,1],"2":[2,1]},"_coverageSchema":"1a1c01bbd47fc00a2c39e90264f33305004495a9","hash":"d3e85850941221378cee2994ba909601a44c2b3a"}
,"C:\\Project\\AccountingV2\\src\\domain\\households\\CreateInviteUseCase.ts": {"path":"C:\\Project\\AccountingV2\\src\\domain\\households\\CreateInviteUseCase.ts","statementMap":{"0":{"start":{"line":16,"column":16},"end":{"line":16,"column":50}},"1":{"start":{"line":17,"column":2},"end":{"line":17,"column":99}},"2":{"start":{"line":17,"column":41},"end":{"line":17,"column":88}},"3":{"start":{"line":27,"column":17},"end":{"line":27,"column":31}},"4":{"start":{"line":28,"column":22},"end":{"line":28,"column":78}},"5":{"start":{"line":30,"column":28},"end":{"line":39,"column":15}},"6":{"start":{"line":41,"column":4},"end":{"line":43,"column":5}},"7":{"start":{"line":42,"column":6},"end":{"line":42,"column":115}},"8":{"start":{"line":45,"column":4},"end":{"line":45,"column":67}}},"fnMap":{"0":{"name":"generateCode","decl":{"start":{"line":15,"column":9},"end":{"line":15,"column":21}},"loc":{"start":{"line":15,"column":32},"end":{"line":18,"column":1}},"line":15},"1":{"name":"(anonymous_1)","decl":{"start":{"line":17,"column":35},"end":{"line":17,"column":36}},"loc":{"start":{"line":17,"column":41},"end":{"line":17,"column":88}},"line":17},"2":{"name":"(anonymous_2)","decl":{"start":{"line":21,"column":2},"end":{"line":21,"column":3}},"loc":{"start":{"line":24,"column":4},"end":{"line":24,"column":6}},"line":24},"3":{"name":"(anonymous_3)","decl":{"start":{"line":26,"column":2},"end":{"line":26,"column":3}},"loc":{"start":{"line":26,"column":49},"end":{"line":46,"column":3}},"line":26}},"branchMap":{"0":{"loc":{"start":{"line":41,"column":4},"end":{"line":43,"column":5}},"type":"if","locations":[{"start":{"line":41,"column":4},"end":{"line":43,"column":5}},{"start":{},"end":{}}],"line":41},"1":{"loc":{"start":{"line":41,"column":8},"end":{"line":41,"column":22}},"type":"binary-expr","locations":[{"start":{"line":41,"column":8},"end":{"line":41,"column":13}},{"start":{"line":41,"column":17},"end":{"line":41,"column":22}}],"line":41},"2":{"loc":{"start":{"line":42,"column":68},"end":{"line":42,"column":111}},"type":"binary-expr","locations":[{"start":{"line":42,"column":68},"end":{"line":42,"column":82}},{"start":{"line":42,"column":86},"end":{"line":42,"column":111}}],"line":42}},"s":{"0":2,"1":2,"2":12,"3":2,"4":2,"5":2,"6":2,"7":1,"8":1},"f":{"0":2,"1":12,"2":2,"3":2},"b":{"0":[1,1],"1":[2,1],"2":[1,0]},"_coverageSchema":"1a1c01bbd47fc00a2c39e90264f33305004495a9","hash":"8f4446ca2c9ed6702fcf3c4d30bc4fa85f523803"}
,"C:\\Project\\AccountingV2\\src\\domain\\households\\EnsureHouseholdUseCase.ts": {"path":"C:\\Project\\AccountingV2\\src\\domain\\households\\EnsureHouseholdUseCase.ts","statementMap":{"0":{"start":{"line":28,"column":4},"end":{"line":28,"column":48}},"1":{"start":{"line":33,"column":25},"end":{"line":37,"column":15}},"2":{"start":{"line":39,"column":4},"end":{"line":56,"column":5}},"3":{"start":{"line":40,"column":19},"end":{"line":44,"column":17}},"4":{"start":{"line":45,"column":6},"end":{"line":55,"column":7}},"5":{"start":{"line":47,"column":23},"end":{"line":47,"column":56}},"6":{"start":{"line":48,"column":8},"end":{"line":48,"column":36}},"7":{"start":{"line":49,"column":8},"end":{"line":54,"column":11}},"8":{"start":{"line":59,"column":21},"end":{"line":63,"column":15}},"9":{"start":{"line":65,"column":16},"end":{"line":65,"column":40}},"10":{"start":{"line":67,"column":4},"end":{"line":90,"column":5}},"11":{"start":{"line":68,"column":23},"end":{"line":68,"column":35}},"12":{"start":{"line":69,"column":67},"end":{"line":75,"column":7}},"13":{"start":{"line":76,"column":6},"end":{"line":76,"column":63}},"14":{"start":{"line":77,"column":6},"end":{"line":77,"column":75}},"15":{"start":{"line":78,"column":6},"end":{"line":78,"column":69}},"16":{"start":{"line":81,"column":21},"end":{"line":81,"column":54}},"17":{"start":{"line":82,"column":6},"end":{"line":82,"column":38}},"18":{"start":{"line":84,"column":6},"end":{"line":89,"column":9}},"19":{"start":{"line":93,"column":24},"end":{"line":93,"column":36}},"20":{"start":{"line":94,"column":62},"end":{"line":102,"column":5}},"21":{"start":{"line":103,"column":4},"end":{"line":103,"column":58}},"22":{"start":{"line":105,"column":21},"end":{"line":105,"column":33}},"23":{"start":{"line":106,"column":65},"end":{"line":112,"column":5}},"24":{"start":{"line":113,"column":4},"end":{"line":113,"column":61}},"25":{"start":{"line":115,"column":4},"end":{"line":122,"column":7}},"26":{"start":{"line":124,"column":4},"end":{"line":124,"column":69}},"27":{"start":{"line":125,"column":4},"end":{"line":125,"column":73}},"28":{"start":{"line":128,"column":19},"end":{"line":128,"column":52}},"29":{"start":{"line":129,"column":4},"end":{"line":129,"column":38}},"30":{"start":{"line":131,"column":4},"end":{"line":136,"column":7}}},"fnMap":{"0":{"name":"(anonymous_0)","decl":{"start":{"line":23,"column":2},"end":{"line":23,"column":3}},"loc":{"start":{"line":27,"column":4},"end":{"line":29,"column":3}},"line":27},"1":{"name":"(anonymous_1)","decl":{"start":{"line":31,"column":2},"end":{"line":31,"column":3}},"loc":{"start":{"line":31,"column":53},"end":{"line":137,"column":3}},"line":31}},"branchMap":{"0":{"loc":{"start":{"line":39,"column":4},"end":{"line":56,"column":5}},"type":"if","locations":[{"start":{"line":39,"column":4},"end":{"line":56,"column":5}},{"start":{},"end":{}}],"line":39},"1":{"loc":{"start":{"line":45,"column":6},"end":{"line":55,"column":7}},"type":"if","locations":[{"start":{"line":45,"column":6},"end":{"line":55,"column":7}},{"start":{},"end":{}}],"line":45},"2":{"loc":{"start":{"line":67,"column":4},"end":{"line":90,"column":5}},"type":"if","locations":[{"start":{"line":67,"column":4},"end":{"line":90,"column":5}},{"start":{},"end":{}}],"line":67},"3":{"loc":{"start":{"line":134,"column":17},"end":{"line":134,"column":45}},"type":"binary-expr","locations":[{"start":{"line":134,"column":17},"end":{"line":134,"column":39}},{"start":{"line":134,"column":43},"end":{"line":134,"column":45}}],"line":134}},"s":{"0":2,"1":2,"2":2,"3":1,"4":1,"5":1,"6":1,"7":1,"8":1,"9":1,"10":1,"11":0,"12":0,"13":0,"14":0,"15":0,"16":0,"17":0,"18":0,"19":1,"20":1,"21":1,"22":1,"23":1,"24":1,"25":1,"26":1,"27":1,"28":1,"29":1,"30":1},"f":{"0":2,"1":2},"b":{"0":[1,1],"1":[1,0],"2":[0,1],"3":[1,0]},"_coverageSchema":"1a1c01bbd47fc00a2c39e90264f33305004495a9","hash":"44860e4b37618fd97966428baadcc6179f025d57"}
,"C:\\Project\\AccountingV2\\src\\domain\\meterReadings\\AnomalyDetector.ts": {"path":"C:\\Project\\AccountingV2\\src\\domain\\meterReadings\\AnomalyDetector.ts","statementMap":{"0":{"start":{"line":11,"column":38},"end":{"line":11,"column":42}},"1":{"start":{"line":19,"column":19},"end":{"line":19,"column":99}},"2":{"start":{"line":19,"column":56},"end":{"line":19,"column":98}},"3":{"start":{"line":21,"column":4},"end":{"line":23,"column":5}},"4":{"start":{"line":22,"column":6},"end":{"line":22,"column":108}},"5":{"start":{"line":26,"column":29},"end":{"line":26,"column":31}},"6":{"start":{"line":27,"column":4},"end":{"line":29,"column":5}},"7":{"start":{"line":27,"column":17},"end":{"line":27,"column":18}},"8":{"start":{"line":28,"column":6},"end":{"line":28,"column":71}},"9":{"start":{"line":30,"column":28},"end":{"line":30,"column":44}},"10":{"start":{"line":32,"column":6},"end":{"line":32,"column":77}},"11":{"start":{"line":32,"column":41},"end":{"line":32,"column":48}},"12":{"start":{"line":34,"column":22},"end":{"line":34,"column":47}},"13":{"start":{"line":35,"column":31},"end":{"line":35,"column":76}},"14":{"start":{"line":37,"column":4},"end":{"line":39,"column":5}},"15":{"start":{"line":38,"column":6},"end":{"line":38,"column":102}},"16":{"start":{"line":42,"column":6},"end":{"line":42,"column":90}},"17":{"start":{"line":44,"column":4},"end":{"line":49,"column":6}}},"fnMap":{"0":{"name":"(anonymous_0)","decl":{"start":{"line":18,"column":2},"end":{"line":18,"column":3}},"loc":{"start":{"line":18,"column":93},"end":{"line":50,"column":3}},"line":18},"1":{"name":"(anonymous_1)","decl":{"start":{"line":19,"column":46},"end":{"line":19,"column":47}},"loc":{"start":{"line":19,"column":56},"end":{"line":19,"column":98}},"line":19},"2":{"name":"(anonymous_2)","decl":{"start":{"line":32,"column":29},"end":{"line":32,"column":30}},"loc":{"start":{"line":32,"column":41},"end":{"line":32,"column":48}},"line":32}},"branchMap":{"0":{"loc":{"start":{"line":21,"column":4},"end":{"line":23,"column":5}},"type":"if","locations":[{"start":{"line":21,"column":4},"end":{"line":23,"column":5}},{"start":{},"end":{}}],"line":21},"1":{"loc":{"start":{"line":37,"column":4},"end":{"line":39,"column":5}},"type":"if","locations":[{"start":{"line":37,"column":4},"end":{"line":39,"column":5}},{"start":{},"end":{}}],"line":37},"2":{"loc":{"start":{"line":37,"column":8},"end":{"line":37,"column":65}},"type":"binary-expr","locations":[{"start":{"line":37,"column":8},"end":{"line":37,"column":38}},{"start":{"line":37,"column":42},"end":{"line":37,"column":65}}],"line":37}},"s":{"0":1,"1":4,"2":10,"3":4,"4":1,"5":3,"6":3,"7":3,"8":9,"9":3,"10":3,"11":9,"12":3,"13":3,"14":3,"15":0,"16":3,"17":3},"f":{"0":4,"1":10,"2":9},"b":{"0":[1,3],"1":[0,3],"2":[3,3]},"_coverageSchema":"1a1c01bbd47fc00a2c39e90264f33305004495a9","hash":"b2750d2402191df88b537c789936236060e22cd5"}
,"C:\\Project\\AccountingV2\\src\\domain\\meterReadings\\LogMeterReadingUseCase.ts": {"path":"C:\\Project\\AccountingV2\\src\\domain\\meterReadings\\LogMeterReadingUseCase.ts","statementMap":{"0":{"start":{"line":29,"column":4},"end":{"line":29,"column":48}},"1":{"start":{"line":33,"column":4},"end":{"line":35,"column":5}},"2":{"start":{"line":34,"column":6},"end":{"line":34,"column":108}},"3":{"start":{"line":37,"column":16},"end":{"line":37,"column":40}},"4":{"start":{"line":38,"column":15},"end":{"line":38,"column":27}},"5":{"start":{"line":40,"column":40},"end":{"line":52,"column":5}},"6":{"start":{"line":54,"column":4},"end":{"line":54,"column":56}},"7":{"start":{"line":56,"column":4},"end":{"line":68,"column":7}},"8":{"start":{"line":70,"column":4},"end":{"line":70,"column":64}},"9":{"start":{"line":72,"column":4},"end":{"line":72,"column":34}}},"fnMap":{"0":{"name":"(anonymous_0)","decl":{"start":{"line":24,"column":2},"end":{"line":24,"column":3}},"loc":{"start":{"line":28,"column":4},"end":{"line":30,"column":3}},"line":28},"1":{"name":"(anonymous_1)","decl":{"start":{"line":32,"column":2},"end":{"line":32,"column":3}},"loc":{"start":{"line":32,"column":55},"end":{"line":73,"column":3}},"line":32}},"branchMap":{"0":{"loc":{"start":{"line":33,"column":4},"end":{"line":35,"column":5}},"type":"if","locations":[{"start":{"line":33,"column":4},"end":{"line":35,"column":5}},{"start":{},"end":{}}],"line":33}},"s":{"0":4,"1":4,"2":2,"3":2,"4":2,"5":2,"6":2,"7":2,"8":2,"9":2},"f":{"0":4,"1":4},"b":{"0":[2,2]},"_coverageSchema":"1a1c01bbd47fc00a2c39e90264f33305004495a9","hash":"3631d68f36c059da8d14776c54fad1c42e9b5f4d"}
,"C:\\Project\\AccountingV2\\src\\domain\\meterReadings\\MeterReadingEntity.ts": {"path":"C:\\Project\\AccountingV2\\src\\domain\\meterReadings\\MeterReadingEntity.ts","statementMap":{"0":{"start":{"line":20,"column":44},"end":{"line":24,"column":3}},"1":{"start":{"line":25,"column":2},"end":{"line":25,"column":27}},"2":{"start":{"line":29,"column":43},"end":{"line":33,"column":3}},"3":{"start":{"line":34,"column":2},"end":{"line":34,"column":26}},"4":{"start":{"line":38,"column":43},"end":{"line":42,"column":3}},"5":{"start":{"line":43,"column":2},"end":{"line":43,"column":26}},"6":{"start":{"line":47,"column":2},"end":{"line":47,"column":61}}},"fnMap":{"0":{"name":"getMeterTypeLabel","decl":{"start":{"line":19,"column":16},"end":{"line":19,"column":33}},"loc":{"start":{"line":19,"column":64},"end":{"line":26,"column":1}},"line":19},"1":{"name":"getMeterUnitLabel","decl":{"start":{"line":28,"column":16},"end":{"line":28,"column":33}},"loc":{"start":{"line":28,"column":64},"end":{"line":35,"column":1}},"line":28},"2":{"name":"getMeterIcon","decl":{"start":{"line":37,"column":16},"end":{"line":37,"column":28}},"loc":{"start":{"line":37,"column":59},"end":{"line":44,"column":1}},"line":37},"3":{"name":"getReadingDisplayDate","decl":{"start":{"line":46,"column":16},"end":{"line":46,"column":37}},"loc":{"start":{"line":46,"column":75},"end":{"line":48,"column":1}},"line":46}},"branchMap":{},"s":{"0":3,"1":3,"2":3,"3":3,"4":3,"5":3,"6":1},"f":{"0":3,"1":3,"2":3,"3":1},"b":{},"_coverageSchema":"1a1c01bbd47fc00a2c39e90264f33305004495a9","hash":"1fd402c17934e8cd80a9b746cf36f2446a9fc295"}
,"C:\\Project\\AccountingV2\\src\\domain\\meterReadings\\UnitRateCalculator.ts": {"path":"C:\\Project\\AccountingV2\\src\\domain\\meterReadings\\UnitRateCalculator.ts","statementMap":{"0":{"start":{"line":13,"column":4},"end":{"line":15,"column":5}},"1":{"start":{"line":14,"column":6},"end":{"line":14,"column":108}},"2":{"start":{"line":16,"column":29},"end":{"line":16,"column":73}},"3":{"start":{"line":17,"column":4},"end":{"line":19,"column":5}},"4":{"start":{"line":18,"column":6},"end":{"line":18,"column":121}},"5":{"start":{"line":20,"column":22},"end":{"line":20,"column":44}},"6":{"start":{"line":21,"column":26},"end":{"line":21,"column":86}},"7":{"start":{"line":22,"column":4},"end":{"line":22,"column":73}}},"fnMap":{"0":{"name":"(anonymous_0)","decl":{"start":{"line":12,"column":2},"end":{"line":12,"column":3}},"loc":{"start":{"line":12,"column":102},"end":{"line":23,"column":3}},"line":12}},"branchMap":{"0":{"loc":{"start":{"line":13,"column":4},"end":{"line":15,"column":5}},"type":"if","locations":[{"start":{"line":13,"column":4},"end":{"line":15,"column":5}},{"start":{},"end":{}}],"line":13},"1":{"loc":{"start":{"line":17,"column":4},"end":{"line":19,"column":5}},"type":"if","locations":[{"start":{"line":17,"column":4},"end":{"line":19,"column":5}},{"start":{},"end":{}}],"line":17},"2":{"loc":{"start":{"line":20,"column":22},"end":{"line":20,"column":44}},"type":"binary-expr","locations":[{"start":{"line":20,"column":22},"end":{"line":20,"column":39}},{"start":{"line":20,"column":43},"end":{"line":20,"column":44}}],"line":20},"3":{"loc":{"start":{"line":21,"column":26},"end":{"line":21,"column":86}},"type":"cond-expr","locations":[{"start":{"line":21,"column":42},"end":{"line":21,"column":82}},{"start":{"line":21,"column":85},"end":{"line":21,"column":86}}],"line":21}},"s":{"0":5,"1":1,"2":4,"3":4,"4":2,"5":2,"6":2,"7":2},"f":{"0":5},"b":{"0":[1,4],"1":[2,2],"2":[2,1],"3":[1,1]},"_coverageSchema":"1a1c01bbd47fc00a2c39e90264f33305004495a9","hash":"bdc80d51cf040614d09e00987a21809165221cd0"}
,"C:\\Project\\AccountingV2\\src\\domain\\scoring\\LevelAdvancementEvaluator.ts": {"path":"C:\\Project\\AccountingV2\\src\\domain\\scoring\\LevelAdvancementEvaluator.ts","statementMap":{"0":{"start":{"line":7,"column":46},"end":{"line":7,"column":48}},"1":{"start":{"line":8,"column":46},"end":{"line":8,"column":48}},"2":{"start":{"line":11,"column":22},"end":{"line":11,"column":44}},"3":{"start":{"line":13,"column":6},"end":{"line":14,"column":78}},"4":{"start":{"line":14,"column":29},"end":{"line":14,"column":77}},"5":{"start":{"line":16,"column":20},"end":{"line":16,"column":42}},"6":{"start":{"line":18,"column":6},"end":{"line":19,"column":75}},"7":{"start":{"line":19,"column":27},"end":{"line":19,"column":74}},"8":{"start":{"line":21,"column":4},"end":{"line":21,"column":64}}},"fnMap":{"0":{"name":"(anonymous_0)","decl":{"start":{"line":10,"column":2},"end":{"line":10,"column":3}},"loc":{"start":{"line":10,"column":58},"end":{"line":22,"column":3}},"line":10},"1":{"name":"(anonymous_1)","decl":{"start":{"line":14,"column":22},"end":{"line":14,"column":23}},"loc":{"start":{"line":14,"column":29},"end":{"line":14,"column":77}},"line":14},"2":{"name":"(anonymous_2)","decl":{"start":{"line":19,"column":20},"end":{"line":19,"column":21}},"loc":{"start":{"line":19,"column":27},"end":{"line":19,"column":74}},"line":19}},"branchMap":{"0":{"loc":{"start":{"line":13,"column":6},"end":{"line":14,"column":78}},"type":"binary-expr","locations":[{"start":{"line":13,"column":6},"end":{"line":13,"column":27}},{"start":{"line":14,"column":6},"end":{"line":14,"column":78}}],"line":13},"1":{"loc":{"start":{"line":18,"column":6},"end":{"line":19,"column":75}},"type":"binary-expr","locations":[{"start":{"line":18,"column":6},"end":{"line":18,"column":25}},{"start":{"line":19,"column":6},"end":{"line":19,"column":75}}],"line":18}},"s":{"0":1,"1":1,"2":6,"3":6,"4":8,"5":6,"6":6,"7":7,"8":6},"f":{"0":6,"1":8,"2":7},"b":{"0":[6,4],"1":[6,5]},"_coverageSchema":"1a1c01bbd47fc00a2c39e90264f33305004495a9","hash":"013b82da32bf4a2efceb8120280ebc8d2d0947cb"}
,"C:\\Project\\AccountingV2\\src\\domain\\scoring\\RamseyScoreCalculator.ts": {"path":"C:\\Project\\AccountingV2\\src\\domain\\scoring\\RamseyScoreCalculator.ts","statementMap":{"0":{"start":{"line":21,"column":6},"end":{"line":23,"column":11}},"1":{"start":{"line":26,"column":6},"end":{"line":28,"column":12}},"2":{"start":{"line":30,"column":25},"end":{"line":30,"column":69}},"3":{"start":{"line":31,"column":27},"end":{"line":31,"column":58}},"4":{"start":{"line":33,"column":18},"end":{"line":33,"column":97}},"5":{"start":{"line":35,"column":4},"end":{"line":35,"column":84}}},"fnMap":{"0":{"name":"(anonymous_0)","decl":{"start":{"line":19,"column":2},"end":{"line":19,"column":3}},"loc":{"start":{"line":19,"column":56},"end":{"line":36,"column":3}},"line":19}},"branchMap":{"0":{"loc":{"start":{"line":21,"column":6},"end":{"line":23,"column":11}},"type":"cond-expr","locations":[{"start":{"line":22,"column":10},"end":{"line":22,"column":91}},{"start":{"line":23,"column":10},"end":{"line":23,"column":11}}],"line":21},"1":{"loc":{"start":{"line":26,"column":6},"end":{"line":28,"column":12}},"type":"cond-expr","locations":[{"start":{"line":27,"column":10},"end":{"line":27,"column":89}},{"start":{"line":28,"column":10},"end":{"line":28,"column":12}}],"line":26},"2":{"loc":{"start":{"line":30,"column":25},"end":{"line":30,"column":69}},"type":"cond-expr","locations":[{"start":{"line":30,"column":63},"end":{"line":30,"column":65}},{"start":{"line":30,"column":68},"end":{"line":30,"column":69}}],"line":30},"3":{"loc":{"start":{"line":31,"column":27},"end":{"line":31,"column":58}},"type":"cond-expr","locations":[{"start":{"line":31,"column":52},"end":{"line":31,"column":54}},{"start":{"line":31,"column":57},"end":{"line":31,"column":58}}],"line":31}},"s":{"0":6,"1":6,"2":6,"3":6,"4":6,"5":6},"f":{"0":6},"b":{"0":[6,0],"1":[5,1],"2":[5,1],"3":[5,1]},"_coverageSchema":"1a1c01bbd47fc00a2c39e90264f33305004495a9","hash":"8f08981c19cd8d8bd2e40ba1439851323d266a39"}
,"C:\\Project\\AccountingV2\\src\\domain\\shared\\BudgetPeriodEngine.ts": {"path":"C:\\Project\\AccountingV2\\src\\domain\\shared\\BudgetPeriodEngine.ts","statementMap":{"0":{"start":{"line":6,"column":4},"end":{"line":6,"column":59}},"1":{"start":{"line":10,"column":16},"end":{"line":10,"column":33}},"2":{"start":{"line":11,"column":20},"end":{"line":11,"column":41}},"3":{"start":{"line":12,"column":21},"end":{"line":12,"column":39}},"4":{"start":{"line":14,"column":4},"end":{"line":23,"column":5}},"5":{"start":{"line":18,"column":6},"end":{"line":18,"column":22}},"6":{"start":{"line":19,"column":6},"end":{"line":22,"column":7}},"7":{"start":{"line":20,"column":8},"end":{"line":20,"column":24}},"8":{"start":{"line":21,"column":8},"end":{"line":21,"column":23}},"9":{"start":{"line":25,"column":22},"end":{"line":25,"column":74}},"10":{"start":{"line":28,"column":19},"end":{"line":28,"column":33}},"11":{"start":{"line":29,"column":18},"end":{"line":29,"column":27}},"12":{"start":{"line":30,"column":4},"end":{"line":33,"column":5}},"13":{"start":{"line":31,"column":6},"end":{"line":31,"column":19}},"14":{"start":{"line":32,"column":6},"end":{"line":32,"column":19}},"15":{"start":{"line":34,"column":20},"end":{"line":34,"column":72}},"16":{"start":{"line":36,"column":18},"end":{"line":36,"column":79}},"17":{"start":{"line":38,"column":4},"end":{"line":38,"column":41}},"18":{"start":{"line":42,"column":4},"end":{"line":42,"column":62}}},"fnMap":{"0":{"name":"(anonymous_0)","decl":{"start":{"line":5,"column":2},"end":{"line":5,"column":3}},"loc":{"start":{"line":5,"column":86},"end":{"line":7,"column":3}},"line":5},"1":{"name":"(anonymous_1)","decl":{"start":{"line":9,"column":2},"end":{"line":9,"column":3}},"loc":{"start":{"line":9,"column":64},"end":{"line":39,"column":3}},"line":9},"2":{"name":"(anonymous_2)","decl":{"start":{"line":41,"column":2},"end":{"line":41,"column":3}},"loc":{"start":{"line":41,"column":60},"end":{"line":43,"column":3}},"line":41}},"branchMap":{"0":{"loc":{"start":{"line":5,"column":38},"end":{"line":5,"column":70}},"type":"default-arg","locations":[{"start":{"line":5,"column":60},"end":{"line":5,"column":70}}],"line":5},"1":{"loc":{"start":{"line":14,"column":4},"end":{"line":23,"column":5}},"type":"if","locations":[{"start":{"line":14,"column":4},"end":{"line":23,"column":5}},{"start":{"line":16,"column":11},"end":{"line":23,"column":5}}],"line":14},"2":{"loc":{"start":{"line":19,"column":6},"end":{"line":22,"column":7}},"type":"if","locations":[{"start":{"line":19,"column":6},"end":{"line":22,"column":7}},{"start":{},"end":{}}],"line":19},"3":{"loc":{"start":{"line":30,"column":4},"end":{"line":33,"column":5}},"type":"if","locations":[{"start":{"line":30,"column":4},"end":{"line":33,"column":5}},{"start":{},"end":{}}],"line":30},"4":{"loc":{"start":{"line":42,"column":11},"end":{"line":42,"column":61}},"type":"binary-expr","locations":[{"start":{"line":42,"column":11},"end":{"line":42,"column":35}},{"start":{"line":42,"column":39},"end":{"line":42,"column":61}}],"line":42}},"s":{"0":5,"1":5,"2":5,"3":5,"4":5,"5":3,"6":3,"7":0,"8":0,"9":5,"10":5,"11":5,"12":5,"13":0,"14":0,"15":5,"16":5,"17":5,"18":2},"f":{"0":5,"1":5,"2":2},"b":{"0":[0],"1":[2,3],"2":[0,3],"3":[0,5],"4":[2,2]},"_coverageSchema":"1a1c01bbd47fc00a2c39e90264f33305004495a9","hash":"f9191de4735e825e621cd1f0628e5331cedbba9b"}
,"C:\\Project\\AccountingV2\\src\\domain\\shared\\Command.ts": {"path":"C:\\Project\\AccountingV2\\src\\domain\\shared\\Command.ts","statementMap":{},"fnMap":{},"branchMap":{},"s":{},"f":{},"b":{}}
,"C:\\Project\\AccountingV2\\src\\domain\\shared\\resolveBabyStepIsActive.ts": {"path":"C:\\Project\\AccountingV2\\src\\domain\\shared\\resolveBabyStepIsActive.ts","statementMap":{"0":{"start":{"line":19,"column":15},"end":{"line":27,"column":5}},"1":{"start":{"line":29,"column":2},"end":{"line":29,"column":25}}},"fnMap":{"0":{"name":"resolveBabyStepIsActive","decl":{"start":{"line":15,"column":22},"end":{"line":15,"column":45}},"loc":{"start":{"line":18,"column":20},"end":{"line":30,"column":1}},"line":18}},"branchMap":{},"s":{"0":6,"1":6},"f":{"0":6},"b":{},"_coverageSchema":"1a1c01bbd47fc00a2c39e90264f33305004495a9","hash":"6a8dead4f3869b7bbe8bb9ed428398255131a7cd"}
,"C:\\Project\\AccountingV2\\src\\domain\\shared\\types.ts": {"path":"C:\\Project\\AccountingV2\\src\\domain\\shared\\types.ts","statementMap":{"0":{"start":{"line":12,"column":2},"end":{"line":12,"column":33}},"1":{"start":{"line":16,"column":2},"end":{"line":16,"column":35}},"2":{"start":{"line":22,"column":2},"end":{"line":22,"column":24}}},"fnMap":{"0":{"name":"createSuccess","decl":{"start":{"line":11,"column":16},"end":{"line":11,"column":29}},"loc":{"start":{"line":11,"column":60},"end":{"line":13,"column":1}},"line":11},"1":{"name":"createFailure","decl":{"start":{"line":15,"column":16},"end":{"line":15,"column":29}},"loc":{"start":{"line":15,"column":81},"end":{"line":17,"column":1}},"line":15},"2":{"name":"isSuccess","decl":{"start":{"line":19,"column":16},"end":{"line":19,"column":25}},"loc":{"start":{"line":21,"column":40},"end":{"line":23,"column":1}},"line":21}},"branchMap":{},"s":{"0":75,"1":31,"2":2},"f":{"0":75,"1":31,"2":2},"b":{},"_coverageSchema":"1a1c01bbd47fc00a2c39e90264f33305004495a9","hash":"9213cf12747d4ad86bc5246889cecb34ecee290c"}
,"C:\\Project\\AccountingV2\\src\\domain\\transactions\\CreateTransactionUseCase.ts": {"path":"C:\\Project\\AccountingV2\\src\\domain\\transactions\\CreateTransactionUseCase.ts","statementMap":{"0":{"start":{"line":30,"column":4},"end":{"line":30,"column":48}},"1":{"start":{"line":34,"column":4},"end":{"line":36,"column":5}},"2":{"start":{"line":35,"column":6},"end":{"line":35,"column":100}},"3":{"start":{"line":39,"column":29},"end":{"line":43,"column":15}},"4":{"start":{"line":45,"column":4},"end":{"line":47,"column":5}},"5":{"start":{"line":46,"column":6},"end":{"line":46,"column":95}},"6":{"start":{"line":48,"column":4},"end":{"line":50,"column":5}},"7":{"start":{"line":49,"column":6},"end":{"line":49,"column":129}},"8":{"start":{"line":52,"column":16},"end":{"line":52,"column":40}},"9":{"start":{"line":53,"column":15},"end":{"line":53,"column":27}},"10":{"start":{"line":55,"column":34},"end":{"line":67,"column":5}},"11":{"start":{"line":69,"column":55},"end":{"line":69,"column":81}},"12":{"start":{"line":70,"column":4},"end":{"line":70,"column":51}},"13":{"start":{"line":73,"column":4},"end":{"line":76,"column":62}},"14":{"start":{"line":78,"column":4},"end":{"line":91,"column":7}},"15":{"start":{"line":93,"column":4},"end":{"line":93,"column":62}},"16":{"start":{"line":95,"column":4},"end":{"line":95,"column":29}}},"fnMap":{"0":{"name":"(anonymous_0)","decl":{"start":{"line":25,"column":2},"end":{"line":25,"column":3}},"loc":{"start":{"line":29,"column":4},"end":{"line":31,"column":3}},"line":29},"1":{"name":"(anonymous_1)","decl":{"start":{"line":33,"column":2},"end":{"line":33,"column":3}},"loc":{"start":{"line":33,"column":54},"end":{"line":96,"column":3}},"line":33}},"branchMap":{"0":{"loc":{"start":{"line":34,"column":4},"end":{"line":36,"column":5}},"type":"if","locations":[{"start":{"line":34,"column":4},"end":{"line":36,"column":5}},{"start":{},"end":{}}],"line":34},"1":{"loc":{"start":{"line":45,"column":4},"end":{"line":47,"column":5}},"type":"if","locations":[{"start":{"line":45,"column":4},"end":{"line":47,"column":5}},{"start":{},"end":{}}],"line":45},"2":{"loc":{"start":{"line":48,"column":4},"end":{"line":50,"column":5}},"type":"if","locations":[{"start":{"line":48,"column":4},"end":{"line":50,"column":5}},{"start":{},"end":{}}],"line":48}},"s":{"0":6,"1":6,"2":2,"3":4,"4":4,"5":1,"6":3,"7":1,"8":2,"9":2,"10":2,"11":2,"12":2,"13":2,"14":2,"15":2,"16":2},"f":{"0":6,"1":6},"b":{"0":[2,4],"1":[1,3],"2":[1,2]},"_coverageSchema":"1a1c01bbd47fc00a2c39e90264f33305004495a9","hash":"84d227b78179e2fffce8e1342654417e5c6daae5"}
,"C:\\Project\\AccountingV2\\src\\domain\\transactions\\DeleteTransactionUseCase.ts": {"path":"C:\\Project\\AccountingV2\\src\\domain\\transactions\\DeleteTransactionUseCase.ts","statementMap":{"0":{"start":{"line":19,"column":4},"end":{"line":19,"column":48}},"1":{"start":{"line":23,"column":16},"end":{"line":23,"column":40}},"2":{"start":{"line":25,"column":4},"end":{"line":27,"column":54}},"3":{"start":{"line":30,"column":4},"end":{"line":33,"column":59}},"4":{"start":{"line":35,"column":4},"end":{"line":48,"column":7}},"5":{"start":{"line":50,"column":4},"end":{"line":50,"column":70}},"6":{"start":{"line":52,"column":4},"end":{"line":52,"column":36}}},"fnMap":{"0":{"name":"(anonymous_0)","decl":{"start":{"line":14,"column":2},"end":{"line":14,"column":3}},"loc":{"start":{"line":18,"column":4},"end":{"line":20,"column":3}},"line":18},"1":{"name":"(anonymous_1)","decl":{"start":{"line":22,"column":2},"end":{"line":22,"column":3}},"loc":{"start":{"line":22,"column":41},"end":{"line":53,"column":3}},"line":22}},"branchMap":{},"s":{"0":3,"1":3,"2":3,"3":3,"4":3,"5":3,"6":3},"f":{"0":3,"1":3},"b":{},"_coverageSchema":"1a1c01bbd47fc00a2c39e90264f33305004495a9","hash":"1aaad2000a043b6bcf161e7f161072d555c6d057"}
,"C:\\Project\\AccountingV2\\src\\domain\\transactions\\TransactionEntity.ts": {"path":"C:\\Project\\AccountingV2\\src\\domain\\transactions\\TransactionEntity.ts","statementMap":{"0":{"start":{"line":18,"column":2},"end":{"line":18,"column":60}},"1":{"start":{"line":22,"column":2},"end":{"line":22,"column":24}}},"fnMap":{"0":{"name":"getTransactionDisplayDate","decl":{"start":{"line":17,"column":16},"end":{"line":17,"column":41}},"loc":{"start":{"line":17,"column":73},"end":{"line":19,"column":1}},"line":17},"1":{"name":"formatTransactionAmount","decl":{"start":{"line":21,"column":16},"end":{"line":21,"column":39}},"loc":{"start":{"line":21,"column":71},"end":{"line":23,"column":1}},"line":21}},"branchMap":{},"s":{"0":1,"1":1},"f":{"0":1,"1":1},"b":{},"_coverageSchema":"1a1c01bbd47fc00a2c39e90264f33305004495a9","hash":"9e868335b03dbe176e5823636c5426788e5cc290"}
}
