{"C:\\Project\\AccountingV2\\src\\data\\audit\\AuditLogger.ts": {"path":"C:\\Project\\AccountingV2\\src\\data\\audit\\AuditLogger.ts","statementMap":{"0":{"start":{"line":20,"column":4},"end":{"line":20,"column":48}},"1":{"start":{"line":24,"column":16},"end":{"line":24,"column":40}},"2":{"start":{"line":25,"column":15},"end":{"line":25,"column":27}},"3":{"start":{"line":26,"column":4},"end":{"line":36,"column":7}},"4":{"start":{"line":37,"column":4},"end":{"line":37,"column":62}}},"fnMap":{"0":{"name":"(anonymous_0)","decl":{"start":{"line":19,"column":2},"end":{"line":19,"column":3}},"loc":{"start":{"line":19,"column":70},"end":{"line":21,"column":3}},"line":19},"1":{"name":"(anonymous_1)","decl":{"start":{"line":23,"column":2},"end":{"line":23,"column":3}},"loc":{"start":{"line":23,"column":44},"end":{"line":38,"column":3}},"line":23}},"branchMap":{"0":{"loc":{"start":{"line":32,"column":25},"end":{"line":32,"column":89}},"type":"cond-expr","locations":[{"start":{"line":32,"column":47},"end":{"line":32,"column":82}},{"start":{"line":32,"column":85},"end":{"line":32,"column":89}}],"line":32},"1":{"loc":{"start":{"line":33,"column":20},"end":{"line":33,"column":74}},"type":"cond-expr","locations":[{"start":{"line":33,"column":37},"end":{"line":33,"column":67}},{"start":{"line":33,"column":70},"end":{"line":33,"column":74}}],"line":33}},"s":{"0":2,"1":1,"2":1,"3":1,"4":1},"f":{"0":2,"1":1},"b":{"0":[0,1],"1":[1,0]},"_coverageSchema":"1a1c01bbd47fc00a2c39e90264f33305004495a9","hash":"cab94accb045f8f9f6f2c7311434c6fc830b8413"}
,"C:\\Project\\AccountingV2\\src\\data\\local\\db.ts": {"path":"C:\\Project\\AccountingV2\\src\\data\\local\\db.ts","statementMap":{"0":{"start":{"line":7,"column":13},"end":{"line":7,"column":55}},"1":{"start":{"line":8,"column":18},"end":{"line":8,"column":43}},"2":{"start":{"line":11,"column":2},"end":{"line":11,"column":39}}},"fnMap":{"0":{"name":"useDatabaseMigrations","decl":{"start":{"line":10,"column":16},"end":{"line":10,"column":37}},"loc":{"start":{"line":10,"column":77},"end":{"line":12,"column":1}},"line":10}},"branchMap":{},"s":{"0":0,"1":0,"2":0},"f":{"0":0},"b":{}}
,"C:\\Project\\AccountingV2\\src\\data\\local\\schema\\auditEvents.ts": {"path":"C:\\Project\\AccountingV2\\src\\data\\local\\schema\\auditEvents.ts","statementMap":{"0":{"start":{"line":3,"column":27},"end":{"line":13,"column":2}}},"fnMap":{},"branchMap":{},"s":{"0":30},"f":{},"b":{},"_coverageSchema":"1a1c01bbd47fc00a2c39e90264f33305004495a9","hash":"1eeb11d5ed3049785a93f8b93787dc08bd0ed01b"}
,"C:\\Project\\AccountingV2\\src\\data\\local\\schema\\babySteps.ts": {"path":"C:\\Project\\AccountingV2\\src\\data\\local\\schema\\babySteps.ts","statementMap":{"0":{"start":{"line":3,"column":25},"end":{"line":23,"column":1}},"1":{"start":{"line":17,"column":14},"end":{"line":22,"column":3}}},"fnMap":{"0":{"name":"(anonymous_0)","decl":{"start":{"line":17,"column":2},"end":{"line":17,"column":3}},"loc":{"start":{"line":17,"column":14},"end":{"line":22,"column":3}},"line":17}},"branchMap":{},"s":{"0":30,"1":0},"f":{"0":0},"b":{},"_coverageSchema":"1a1c01bbd47fc00a2c39e90264f33305004495a9","hash":"258d2edbed90246f12d2eed1510a95b7e470e64a"}
,"C:\\Project\\AccountingV2\\src\\data\\local\\schema\\debts.ts": {"path":"C:\\Project\\AccountingV2\\src\\data\\local\\schema\\debts.ts","statementMap":{"0":{"start":{"line":3,"column":21},"end":{"line":19,"column":2}}},"fnMap":{},"branchMap":{},"s":{"0":30},"f":{},"b":{},"_coverageSchema":"1a1c01bbd47fc00a2c39e90264f33305004495a9","hash":"aec060905b7bc7b06739d5be03ed512d0c9a3b4a"}
,"C:\\Project\\AccountingV2\\src\\data\\local\\schema\\envelopes.ts": {"path":"C:\\Project\\AccountingV2\\src\\data\\local\\schema\\envelopes.ts","statementMap":{"0":{"start":{"line":3,"column":25},"end":{"line":27,"column":1}},"1":{"start":{"line":20,"column":10},"end":{"line":26,"column":3}}},"fnMap":{"0":{"name":"(anonymous_0)","decl":{"start":{"line":20,"column":2},"end":{"line":20,"column":3}},"loc":{"start":{"line":20,"column":10},"end":{"line":26,"column":3}},"line":20}},"branchMap":{},"s":{"0":30,"1":0},"f":{"0":0},"b":{},"_coverageSchema":"1a1c01bbd47fc00a2c39e90264f33305004495a9","hash":"be3dbfd0fb8f392630989512af630cd935b55514"}
,"C:\\Project\\AccountingV2\\src\\data\\local\\schema\\householdMembers.ts": {"path":"C:\\Project\\AccountingV2\\src\\data\\local\\schema\\householdMembers.ts","statementMap":{"0":{"start":{"line":3,"column":32},"end":{"line":10,"column":2}}},"fnMap":{},"branchMap":{},"s":{"0":30},"f":{},"b":{},"_coverageSchema":"1a1c01bbd47fc00a2c39e90264f33305004495a9","hash":"6fd143fe848c6ef9bbdc56eba7969e3223b2c82f"}
,"C:\\Project\\AccountingV2\\src\\data\\local\\schema\\households.ts": {"path":"C:\\Project\\AccountingV2\\src\\data\\local\\schema\\households.ts","statementMap":{"0":{"start":{"line":3,"column":26},"end":{"line":11,"column":2}}},"fnMap":{},"branchMap":{},"s":{"0":30},"f":{},"b":{},"_coverageSchema":"1a1c01bbd47fc00a2c39e90264f33305004495a9","hash":"58d6729f1fa82569a065e4f893f2a5f4e1175737"}
,"C:\\Project\\AccountingV2\\src\\data\\local\\schema\\meterReadings.ts": {"path":"C:\\Project\\AccountingV2\\src\\data\\local\\schema\\meterReadings.ts","statementMap":{"0":{"start":{"line":3,"column":29},"end":{"line":21,"column":1}},"1":{"start":{"line":18,"column":10},"end":{"line":20,"column":3}}},"fnMap":{"0":{"name":"(anonymous_0)","decl":{"start":{"line":18,"column":2},"end":{"line":18,"column":3}},"loc":{"start":{"line":18,"column":10},"end":{"line":20,"column":3}},"line":18}},"branchMap":{},"s":{"0":30,"1":0},"f":{"0":0},"b":{},"_coverageSchema":"1a1c01bbd47fc00a2c39e90264f33305004495a9","hash":"bf229a45e63df715ac7fdea424f60ffcdef7761e"}
,"C:\\Project\\AccountingV2\\src\\data\\local\\schema\\pendingSync.ts": {"path":"C:\\Project\\AccountingV2\\src\\data\\local\\schema\\pendingSync.ts","statementMap":{"0":{"start":{"line":3,"column":27},"end":{"line":12,"column":2}}},"fnMap":{},"branchMap":{},"s":{"0":30},"f":{},"b":{},"_coverageSchema":"1a1c01bbd47fc00a2c39e90264f33305004495a9","hash":"00924f1b10f532832b38630c6b8c900f79af63f4"}
,"C:\\Project\\AccountingV2\\src\\data\\local\\schema\\slipQueue.ts": {"path":"C:\\Project\\AccountingV2\\src\\data\\local\\schema\\slipQueue.ts","statementMap":{"0":{"start":{"line":3,"column":25},"end":{"line":13,"column":2}}},"fnMap":{},"branchMap":{},"s":{"0":30},"f":{},"b":{},"_coverageSchema":"1a1c01bbd47fc00a2c39e90264f33305004495a9","hash":"c434dd4f0426a32fe22868701647355fc79fb1bc"}
,"C:\\Project\\AccountingV2\\src\\data\\local\\schema\\transactions.ts": {"path":"C:\\Project\\AccountingV2\\src\\data\\local\\schema\\transactions.ts","statementMap":{"0":{"start":{"line":3,"column":28},"end":{"line":22,"column":1}},"1":{"start":{"line":19,"column":10},"end":{"line":21,"column":3}}},"fnMap":{"0":{"name":"(anonymous_0)","decl":{"start":{"line":19,"column":2},"end":{"line":19,"column":3}},"loc":{"start":{"line":19,"column":10},"end":{"line":21,"column":3}},"line":19}},"branchMap":{},"s":{"0":30,"1":0},"f":{"0":0},"b":{},"_coverageSchema":"1a1c01bbd47fc00a2c39e90264f33305004495a9","hash":"1d4354dfa11380065467f35fb5c5770d01265741"}
,"C:\\Project\\AccountingV2\\src\\data\\remote\\SupabaseAuthService.ts": {"path":"C:\\Project\\AccountingV2\\src\\data\\remote\\SupabaseAuthService.ts","statementMap":{"0":{"start":{"line":13,"column":28},"end":{"line":13,"column":90}},"1":{"start":{"line":14,"column":4},"end":{"line":19,"column":5}},"2":{"start":{"line":15,"column":6},"end":{"line":18,"column":9}},"3":{"start":{"line":20,"column":4},"end":{"line":20,"column":39}},"4":{"start":{"line":24,"column":22},"end":{"line":24,"column":54}},"5":{"start":{"line":25,"column":4},"end":{"line":27,"column":5}},"6":{"start":{"line":26,"column":6},"end":{"line":26,"column":98}},"7":{"start":{"line":28,"column":4},"end":{"line":28,"column":36}},"8":{"start":{"line":32,"column":28},"end":{"line":32,"column":63}},"9":{"start":{"line":33,"column":4},"end":{"line":38,"column":5}},"10":{"start":{"line":34,"column":6},"end":{"line":37,"column":9}},"11":{"start":{"line":39,"column":4},"end":{"line":39,"column":39}}},"fnMap":{"0":{"name":"(anonymous_0)","decl":{"start":{"line":10,"column":2},"end":{"line":10,"column":3}},"loc":{"start":{"line":10,"column":55},"end":{"line":10,"column":57}},"line":10},"1":{"name":"(anonymous_1)","decl":{"start":{"line":12,"column":2},"end":{"line":12,"column":3}},"loc":{"start":{"line":12,"column":74},"end":{"line":21,"column":3}},"line":12},"2":{"name":"(anonymous_2)","decl":{"start":{"line":23,"column":2},"end":{"line":23,"column":3}},"loc":{"start":{"line":23,"column":41},"end":{"line":29,"column":3}},"line":23},"3":{"name":"(anonymous_3)","decl":{"start":{"line":31,"column":2},"end":{"line":31,"column":3}},"loc":{"start":{"line":31,"column":54},"end":{"line":40,"column":3}},"line":31}},"branchMap":{"0":{"loc":{"start":{"line":14,"column":4},"end":{"line":19,"column":5}},"type":"if","locations":[{"start":{"line":14,"column":4},"end":{"line":19,"column":5}},{"start":{},"end":{}}],"line":14},"1":{"loc":{"start":{"line":14,"column":8},"end":{"line":14,"column":30}},"type":"binary-expr","locations":[{"start":{"line":14,"column":8},"end":{"line":14,"column":13}},{"start":{"line":14,"column":17},"end":{"line":14,"column":30}}],"line":14},"2":{"loc":{"start":{"line":17,"column":17},"end":{"line":17,"column":51}},"type":"binary-expr","locations":[{"start":{"line":17,"column":17},"end":{"line":17,"column":31}},{"start":{"line":17,"column":35},"end":{"line":17,"column":51}}],"line":17},"3":{"loc":{"start":{"line":25,"column":4},"end":{"line":27,"column":5}},"type":"if","locations":[{"start":{"line":25,"column":4},"end":{"line":27,"column":5}},{"start":{},"end":{}}],"line":25},"4":{"loc":{"start":{"line":33,"column":4},"end":{"line":38,"column":5}},"type":"if","locations":[{"start":{"line":33,"column":4},"end":{"line":38,"column":5}},{"start":{},"end":{}}],"line":33}},"s":{"0":1,"1":1,"2":0,"3":1,"4":1,"5":1,"6":0,"7":1,"8":1,"9":1,"10":0,"11":1},"f":{"0":1,"1":1,"2":1,"3":1},"b":{"0":[0,1],"1":[1,1],"2":[0,0],"3":[0,1],"4":[0,1]},"_coverageSchema":"1a1c01bbd47fc00a2c39e90264f33305004495a9","hash":"b2b6e18559da706e448a0ed01857034d76c89bb9"}
,"C:\\Project\\AccountingV2\\src\\data\\remote\\supabaseClient.ts": {"path":"C:\\Project\\AccountingV2\\src\\data\\remote\\supabaseClient.ts","statementMap":{"0":{"start":{"line":5,"column":20},"end":{"line":5,"column":70}},"1":{"start":{"line":6,"column":24},"end":{"line":6,"column":78}},"2":{"start":{"line":8,"column":0},"end":{"line":10,"column":1}},"3":{"start":{"line":9,"column":2},"end":{"line":9,"column":82}},"4":{"start":{"line":12,"column":24},"end":{"line":19,"column":2}}},"fnMap":{},"branchMap":{"0":{"loc":{"start":{"line":8,"column":0},"end":{"line":10,"column":1}},"type":"if","locations":[{"start":{"line":8,"column":0},"end":{"line":10,"column":1}},{"start":{},"end":{}}],"line":8},"1":{"loc":{"start":{"line":8,"column":4},"end":{"line":8,"column":36}},"type":"binary-expr","locations":[{"start":{"line":8,"column":4},"end":{"line":8,"column":16}},{"start":{"line":8,"column":20},"end":{"line":8,"column":36}}],"line":8}},"s":{"0":0,"1":0,"2":0,"3":0,"4":0},"f":{},"b":{"0":[0,0],"1":[0,0]}}
,"C:\\Project\\AccountingV2\\src\\data\\repositories\\AuditLoggerAdapter.ts": {"path":"C:\\Project\\AccountingV2\\src\\data\\repositories\\AuditLoggerAdapter.ts","statementMap":{"0":{"start":{"line":10,"column":4},"end":{"line":10,"column":37}},"1":{"start":{"line":14,"column":4},"end":{"line":14,"column":33}}},"fnMap":{"0":{"name":"(anonymous_0)","decl":{"start":{"line":9,"column":2},"end":{"line":9,"column":3}},"loc":{"start":{"line":9,"column":53},"end":{"line":11,"column":3}},"line":9},"1":{"name":"(anonymous_1)","decl":{"start":{"line":13,"column":2},"end":{"line":13,"column":3}},"loc":{"start":{"line":13,"column":46},"end":{"line":15,"column":3}},"line":13}},"branchMap":{},"s":{"0":0,"1":0},"f":{"0":0,"1":0},"b":{}}
,"C:\\Project\\AccountingV2\\src\\data\\repositories\\DrizzleEnvelopeRepository.ts": {"path":"C:\\Project\\AccountingV2\\src\\data\\repositories\\DrizzleEnvelopeRepository.ts","statementMap":{"0":{"start":{"line":12,"column":18},"end":{"line":16,"column":15}},"1":{"start":{"line":17,"column":4},"end":{"line":17,"column":26}},"2":{"start":{"line":17,"column":14},"end":{"line":17,"column":26}},"3":{"start":{"line":18,"column":4},"end":{"line":18,"column":33}},"4":{"start":{"line":22,"column":17},"end":{"line":25,"column":52}},"5":{"start":{"line":26,"column":4},"end":{"line":26,"column":48}},"6":{"start":{"line":26,"column":27},"end":{"line":26,"column":46}},"7":{"start":{"line":30,"column":4},"end":{"line":30,"column":70}},"8":{"start":{"line":34,"column":4},"end":{"line":46,"column":84}},"9":{"start":{"line":50,"column":4},"end":{"line":52,"column":80}},"10":{"start":{"line":56,"column":4},"end":{"line":68,"column":6}}},"fnMap":{"0":{"name":"(anonymous_0)","decl":{"start":{"line":9,"column":2},"end":{"line":9,"column":3}},"loc":{"start":{"line":9,"column":70},"end":{"line":9,"column":72}},"line":9},"1":{"name":"(anonymous_1)","decl":{"start":{"line":11,"column":2},"end":{"line":11,"column":3}},"loc":{"start":{"line":11,"column":82},"end":{"line":19,"column":3}},"line":11},"2":{"name":"(anonymous_2)","decl":{"start":{"line":21,"column":2},"end":{"line":21,"column":3}},"loc":{"start":{"line":21,"column":72},"end":{"line":27,"column":3}},"line":21},"3":{"name":"(anonymous_3)","decl":{"start":{"line":26,"column":20},"end":{"line":26,"column":21}},"loc":{"start":{"line":26,"column":27},"end":{"line":26,"column":46}},"line":26},"4":{"name":"(anonymous_4)","decl":{"start":{"line":29,"column":2},"end":{"line":29,"column":3}},"loc":{"start":{"line":29,"column":49},"end":{"line":31,"column":3}},"line":29},"5":{"name":"(anonymous_5)","decl":{"start":{"line":33,"column":2},"end":{"line":33,"column":3}},"loc":{"start":{"line":33,"column":49},"end":{"line":47,"column":3}},"line":33},"6":{"name":"(anonymous_6)","decl":{"start":{"line":49,"column":2},"end":{"line":49,"column":3}},"loc":{"start":{"line":49,"column":63},"end":{"line":53,"column":3}},"line":49},"7":{"name":"(anonymous_7)","decl":{"start":{"line":55,"column":2},"end":{"line":55,"column":3}},"loc":{"start":{"line":55,"column":74},"end":{"line":69,"column":3}},"line":55}},"branchMap":{"0":{"loc":{"start":{"line":17,"column":4},"end":{"line":17,"column":26}},"type":"if","locations":[{"start":{"line":17,"column":4},"end":{"line":17,"column":26}},{"start":{},"end":{}}],"line":17}},"s":{"0":0,"1":0,"2":0,"3":0,"4":0,"5":0,"6":0,"7":0,"8":0,"9":0,"10":0},"f":{"0":0,"1":0,"2":0,"3":0,"4":0,"5":0,"6":0,"7":0},"b":{"0":[0,0]}}
,"C:\\Project\\AccountingV2\\src\\data\\repositories\\DrizzleTransactionRepository.ts": {"path":"C:\\Project\\AccountingV2\\src\\data\\repositories\\DrizzleTransactionRepository.ts","statementMap":{"0":{"start":{"line":12,"column":18},"end":{"line":16,"column":15}},"1":{"start":{"line":17,"column":4},"end":{"line":17,"column":26}},"2":{"start":{"line":17,"column":14},"end":{"line":17,"column":26}},"3":{"start":{"line":18,"column":4},"end":{"line":18,"column":33}},"4":{"start":{"line":22,"column":17},"end":{"line":27,"column":19}},"5":{"start":{"line":28,"column":4},"end":{"line":28,"column":48}},"6":{"start":{"line":28,"column":27},"end":{"line":28,"column":46}},"7":{"start":{"line":32,"column":4},"end":{"line":32,"column":73}},"8":{"start":{"line":36,"column":4},"end":{"line":38,"column":86}},"9":{"start":{"line":42,"column":4},"end":{"line":54,"column":6}}},"fnMap":{"0":{"name":"(anonymous_0)","decl":{"start":{"line":9,"column":2},"end":{"line":9,"column":3}},"loc":{"start":{"line":9,"column":70},"end":{"line":9,"column":72}},"line":9},"1":{"name":"(anonymous_1)","decl":{"start":{"line":11,"column":2},"end":{"line":11,"column":3}},"loc":{"start":{"line":11,"column":85},"end":{"line":19,"column":3}},"line":11},"2":{"name":"(anonymous_2)","decl":{"start":{"line":21,"column":2},"end":{"line":21,"column":3}},"loc":{"start":{"line":21,"column":88},"end":{"line":29,"column":3}},"line":21},"3":{"name":"(anonymous_3)","decl":{"start":{"line":28,"column":20},"end":{"line":28,"column":21}},"loc":{"start":{"line":28,"column":27},"end":{"line":28,"column":46}},"line":28},"4":{"name":"(anonymous_4)","decl":{"start":{"line":31,"column":2},"end":{"line":31,"column":3}},"loc":{"start":{"line":31,"column":52},"end":{"line":33,"column":3}},"line":31},"5":{"name":"(anonymous_5)","decl":{"start":{"line":35,"column":2},"end":{"line":35,"column":3}},"loc":{"start":{"line":35,"column":63},"end":{"line":39,"column":3}},"line":35},"6":{"name":"(anonymous_6)","decl":{"start":{"line":41,"column":2},"end":{"line":41,"column":3}},"loc":{"start":{"line":41,"column":80},"end":{"line":55,"column":3}},"line":41}},"branchMap":{"0":{"loc":{"start":{"line":17,"column":4},"end":{"line":17,"column":26}},"type":"if","locations":[{"start":{"line":17,"column":4},"end":{"line":17,"column":26}},{"start":{},"end":{}}],"line":17},"1":{"loc":{"start":{"line":21,"column":45},"end":{"line":21,"column":56}},"type":"default-arg","locations":[{"start":{"line":21,"column":53},"end":{"line":21,"column":56}}],"line":21},"2":{"loc":{"start":{"line":47,"column":13},"end":{"line":47,"column":30}},"type":"binary-expr","locations":[{"start":{"line":47,"column":13},"end":{"line":47,"column":22}},{"start":{"line":47,"column":26},"end":{"line":47,"column":30}}],"line":47},"3":{"loc":{"start":{"line":48,"column":19},"end":{"line":48,"column":42}},"type":"binary-expr","locations":[{"start":{"line":48,"column":19},"end":{"line":48,"column":34}},{"start":{"line":48,"column":38},"end":{"line":48,"column":42}}],"line":48},"4":{"loc":{"start":{"line":51,"column":27},"end":{"line":51,"column":58}},"type":"binary-expr","locations":[{"start":{"line":51,"column":27},"end":{"line":51,"column":50}},{"start":{"line":51,"column":54},"end":{"line":51,"column":58}}],"line":51}},"s":{"0":0,"1":0,"2":0,"3":0,"4":0,"5":0,"6":0,"7":0,"8":0,"9":0},"f":{"0":0,"1":0,"2":0,"3":0,"4":0,"5":0,"6":0},"b":{"0":[0,0],"1":[0],"2":[0,0],"3":[0,0],"4":[0,0]}}
,"C:\\Project\\AccountingV2\\src\\data\\repositories\\PendingSyncEnqueuerAdapter.ts": {"path":"C:\\Project\\AccountingV2\\src\\data\\repositories\\PendingSyncEnqueuerAdapter.ts","statementMap":{"0":{"start":{"line":10,"column":4},"end":{"line":10,"column":45}},"1":{"start":{"line":14,"column":4},"end":{"line":14,"column":62}}},"fnMap":{"0":{"name":"(anonymous_0)","decl":{"start":{"line":9,"column":2},"end":{"line":9,"column":3}},"loc":{"start":{"line":9,"column":53},"end":{"line":11,"column":3}},"line":9},"1":{"name":"(anonymous_1)","decl":{"start":{"line":13,"column":2},"end":{"line":13,"column":3}},"loc":{"start":{"line":13,"column":94},"end":{"line":15,"column":3}},"line":13}},"branchMap":{},"s":{"0":54,"1":31},"f":{"0":54,"1":31},"b":{},"_coverageSchema":"1a1c01bbd47fc00a2c39e90264f33305004495a9","hash":"45cc0b74d1e32195e203b9b96ab93d80800071a7"}
,"C:\\Project\\AccountingV2\\src\\data\\sync\\PendingSyncEnqueuer.ts": {"path":"C:\\Project\\AccountingV2\\src\\data\\sync\\PendingSyncEnqueuer.ts","statementMap":{"0":{"start":{"line":13,"column":21},"end":{"line":23,"column":15}},"1":{"start":{"line":25,"column":4},"end":{"line":34,"column":5}},"2":{"start":{"line":29,"column":6},"end":{"line":32,"column":51}},"3":{"start":{"line":33,"column":6},"end":{"line":33,"column":13}},"4":{"start":{"line":36,"column":16},"end":{"line":36,"column":40}},"5":{"start":{"line":37,"column":4},"end":{"line":46,"column":7}}},"fnMap":{"0":{"name":"(anonymous_0)","decl":{"start":{"line":10,"column":2},"end":{"line":10,"column":3}},"loc":{"start":{"line":10,"column":70},"end":{"line":10,"column":72}},"line":10},"1":{"name":"(anonymous_1)","decl":{"start":{"line":12,"column":2},"end":{"line":12,"column":3}},"loc":{"start":{"line":12,"column":94},"end":{"line":47,"column":3}},"line":12}},"branchMap":{"0":{"loc":{"start":{"line":25,"column":4},"end":{"line":34,"column":5}},"type":"if","locations":[{"start":{"line":25,"column":4},"end":{"line":34,"column":5}},{"start":{},"end":{}}],"line":25}},"s":{"0":40,"1":40,"2":5,"3":5,"4":35,"5":35},"f":{"0":60,"1":40},"b":{"0":[5,35]},"_coverageSchema":"1a1c01bbd47fc00a2c39e90264f33305004495a9","hash":"a42e564d585b42c745b0817a19ca9c84423907e8"}
,"C:\\Project\\AccountingV2\\src\\data\\sync\\PendingSyncTable.ts": {"path":"C:\\Project\\AccountingV2\\src\\data\\sync\\PendingSyncTable.ts","statementMap":{"0":{"start":{"line":25,"column":4},"end":{"line":33,"column":7}},"1":{"start":{"line":37,"column":4},"end":{"line":37,"column":75}},"2":{"start":{"line":41,"column":4},"end":{"line":41,"column":78}},"3":{"start":{"line":45,"column":16},"end":{"line":45,"column":99}},"4":{"start":{"line":46,"column":4},"end":{"line":46,"column":21}},"5":{"start":{"line":46,"column":14},"end":{"line":46,"column":21}},"6":{"start":{"line":47,"column":4},"end":{"line":53,"column":44}}},"fnMap":{"0":{"name":"(anonymous_0)","decl":{"start":{"line":18,"column":2},"end":{"line":18,"column":3}},"loc":{"start":{"line":18,"column":70},"end":{"line":18,"column":72}},"line":18},"1":{"name":"(anonymous_1)","decl":{"start":{"line":20,"column":2},"end":{"line":20,"column":3}},"loc":{"start":{"line":24,"column":20},"end":{"line":34,"column":3}},"line":24},"2":{"name":"(anonymous_2)","decl":{"start":{"line":36,"column":2},"end":{"line":36,"column":3}},"loc":{"start":{"line":36,"column":50},"end":{"line":38,"column":3}},"line":36},"3":{"name":"(anonymous_3)","decl":{"start":{"line":40,"column":2},"end":{"line":40,"column":3}},"loc":{"start":{"line":40,"column":51},"end":{"line":42,"column":3}},"line":40},"4":{"name":"(anonymous_4)","decl":{"start":{"line":44,"column":2},"end":{"line":44,"column":3}},"loc":{"start":{"line":44,"column":57},"end":{"line":54,"column":3}},"line":44}},"branchMap":{"0":{"loc":{"start":{"line":46,"column":4},"end":{"line":46,"column":21}},"type":"if","locations":[{"start":{"line":46,"column":4},"end":{"line":46,"column":21}},{"start":{},"end":{}}],"line":46}},"s":{"0":1,"1":1,"2":1,"3":0,"4":0,"5":0,"6":0},"f":{"0":1,"1":1,"2":1,"3":1,"4":0},"b":{"0":[0,0]},"_coverageSchema":"1a1c01bbd47fc00a2c39e90264f33305004495a9","hash":"db2e9a5a7c0fa6f7988eddc182afdf8544dec841"}
,"C:\\Project\\AccountingV2\\src\\data\\sync\\RestoreService.ts": {"path":"C:\\Project\\AccountingV2\\src\\data\\sync\\RestoreService.ts","statementMap":{"0":{"start":{"line":35,"column":50},"end":{"line":38,"column":28}},"1":{"start":{"line":40,"column":4},"end":{"line":40,"column":58}},"2":{"start":{"line":40,"column":21},"end":{"line":40,"column":58}},"3":{"start":{"line":41,"column":4},"end":{"line":41,"column":52}},"4":{"start":{"line":41,"column":42},"end":{"line":41,"column":52}},"5":{"start":{"line":43,"column":43},"end":{"line":43,"column":45}},"6":{"start":{"line":45,"column":4},"end":{"line":52,"column":5}},"7":{"start":{"line":46,"column":22},"end":{"line":50,"column":7}},"8":{"start":{"line":51,"column":6},"end":{"line":51,"column":43}},"9":{"start":{"line":51,"column":19},"end":{"line":51,"column":43}},"10":{"start":{"line":54,"column":4},"end":{"line":54,"column":21}},"11":{"start":{"line":63,"column":41},"end":{"line":67,"column":15}},"12":{"start":{"line":68,"column":4},"end":{"line":68,"column":36}},"13":{"start":{"line":68,"column":24},"end":{"line":68,"column":36}},"14":{"start":{"line":71,"column":20},"end":{"line":71,"column":61}},"15":{"start":{"line":72,"column":4},"end":{"line":83,"column":9}},"16":{"start":{"line":86,"column":33},"end":{"line":89,"column":38}},"17":{"start":{"line":91,"column":4},"end":{"line":102,"column":5}},"18":{"start":{"line":92,"column":26},"end":{"line":92,"column":66}},"19":{"start":{"line":93,"column":58},"end":{"line":93,"column":69}},"20":{"start":{"line":94,"column":6},"end":{"line":101,"column":7}},"21":{"start":{"line":95,"column":8},"end":{"line":98,"column":33}},"22":{"start":{"line":100,"column":8},"end":{"line":100,"column":90}},"23":{"start":{"line":105,"column":4},"end":{"line":105,"column":65}},"24":{"start":{"line":106,"column":4},"end":{"line":106,"column":71}},"25":{"start":{"line":107,"column":4},"end":{"line":107,"column":57}},"26":{"start":{"line":108,"column":4},"end":{"line":108,"column":74}},"27":{"start":{"line":109,"column":4},"end":{"line":109,"column":66}},"28":{"start":{"line":110,"column":4},"end":{"line":110,"column":70}},"29":{"start":{"line":111,"column":4},"end":{"line":111,"column":66}},"30":{"start":{"line":114,"column":19},"end":{"line":114,"column":52}},"31":{"start":{"line":115,"column":4},"end":{"line":115,"column":38}},"32":{"start":{"line":117,"column":4},"end":{"line":122,"column":6}},"33":{"start":{"line":137,"column":28},"end":{"line":140,"column":38}},"34":{"start":{"line":142,"column":4},"end":{"line":142,"column":31}},"35":{"start":{"line":142,"column":24},"end":{"line":142,"column":31}},"36":{"start":{"line":144,"column":4},"end":{"line":163,"column":5}},"37":{"start":{"line":145,"column":23},"end":{"line":145,"column":65}},"38":{"start":{"line":148,"column":22},"end":{"line":148,"column":92}},"39":{"start":{"line":148,"column":79},"end":{"line":148,"column":91}},"40":{"start":{"line":149,"column":24},"end":{"line":155,"column":7}},"41":{"start":{"line":152,"column":27},"end":{"line":152,"column":80}},"42":{"start":{"line":152,"column":58},"end":{"line":152,"column":79}},"43":{"start":{"line":153,"column":10},"end":{"line":153,"column":56}},"44":{"start":{"line":156,"column":6},"end":{"line":162,"column":11}}},"fnMap":{"0":{"name":"(anonymous_0)","decl":{"start":{"line":28,"column":2},"end":{"line":28,"column":3}},"loc":{"start":{"line":31,"column":4},"end":{"line":31,"column":6}},"line":31},"1":{"name":"(anonymous_1)","decl":{"start":{"line":33,"column":2},"end":{"line":33,"column":3}},"loc":{"start":{"line":33,"column":62},"end":{"line":55,"column":3}},"line":33},"2":{"name":"(anonymous_2)","decl":{"start":{"line":57,"column":2},"end":{"line":57,"column":3}},"loc":{"start":{"line":61,"column":39},"end":{"line":123,"column":3}},"line":61},"3":{"name":"(anonymous_3)","decl":{"start":{"line":125,"column":2},"end":{"line":125,"column":3}},"loc":{"start":{"line":136,"column":19},"end":{"line":164,"column":3}},"line":136},"4":{"name":"(anonymous_4)","decl":{"start":{"line":148,"column":70},"end":{"line":148,"column":71}},"loc":{"start":{"line":148,"column":79},"end":{"line":148,"column":91}},"line":148},"5":{"name":"(anonymous_5)","decl":{"start":{"line":150,"column":20},"end":{"line":150,"column":21}},"loc":{"start":{"line":150,"column":29},"end":{"line":154,"column":9}},"line":150},"6":{"name":"(anonymous_6)","decl":{"start":{"line":152,"column":51},"end":{"line":152,"column":52}},"loc":{"start":{"line":152,"column":58},"end":{"line":152,"column":79}},"line":152}},"branchMap":{"0":{"loc":{"start":{"line":40,"column":4},"end":{"line":40,"column":58}},"type":"if","locations":[{"start":{"line":40,"column":4},"end":{"line":40,"column":58}},{"start":{},"end":{}}],"line":40},"1":{"loc":{"start":{"line":41,"column":4},"end":{"line":41,"column":52}},"type":"if","locations":[{"start":{"line":41,"column":4},"end":{"line":41,"column":52}},{"start":{},"end":{}}],"line":41},"2":{"loc":{"start":{"line":41,"column":8},"end":{"line":41,"column":40}},"type":"binary-expr","locations":[{"start":{"line":41,"column":8},"end":{"line":41,"column":16}},{"start":{"line":41,"column":20},"end":{"line":41,"column":40}}],"line":41},"3":{"loc":{"start":{"line":51,"column":6},"end":{"line":51,"column":43}},"type":"if","locations":[{"start":{"line":51,"column":6},"end":{"line":51,"column":43}},{"start":{},"end":{}}],"line":51},"4":{"loc":{"start":{"line":68,"column":4},"end":{"line":68,"column":36}},"type":"if","locations":[{"start":{"line":68,"column":4},"end":{"line":68,"column":36}},{"start":{},"end":{}}],"line":68},"5":{"loc":{"start":{"line":68,"column":8},"end":{"line":68,"column":22}},"type":"binary-expr","locations":[{"start":{"line":68,"column":8},"end":{"line":68,"column":15}},{"start":{"line":68,"column":19},"end":{"line":68,"column":22}}],"line":68},"6":{"loc":{"start":{"line":91,"column":20},"end":{"line":91,"column":36}},"type":"binary-expr","locations":[{"start":{"line":91,"column":20},"end":{"line":91,"column":30}},{"start":{"line":91,"column":34},"end":{"line":91,"column":36}}],"line":91},"7":{"loc":{"start":{"line":142,"column":4},"end":{"line":142,"column":31}},"type":"if","locations":[{"start":{"line":142,"column":4},"end":{"line":142,"column":31}},{"start":{},"end":{}}],"line":142},"8":{"loc":{"start":{"line":142,"column":8},"end":{"line":142,"column":22}},"type":"binary-expr","locations":[{"start":{"line":142,"column":8},"end":{"line":142,"column":13}},{"start":{"line":142,"column":17},"end":{"line":142,"column":22}}],"line":142}},"s":{"0":2,"1":2,"2":1,"3":1,"4":1,"5":0,"6":0,"7":0,"8":0,"9":0,"10":0,"11":7,"12":7,"13":0,"14":7,"15":7,"16":7,"17":7,"18":0,"19":0,"20":0,"21":0,"22":0,"23":7,"24":7,"25":7,"26":7,"27":7,"28":7,"29":7,"30":7,"31":7,"32":7,"33":49,"34":49,"35":0,"36":49,"37":13,"38":13,"39":130,"40":13,"41":117,"42":117,"43":117,"44":13},"f":{"0":9,"1":2,"2":7,"3":49,"4":130,"5":117,"6":117},"b":{"0":[1,1],"1":[1,0],"2":[1,1],"3":[0,0],"4":[0,7],"5":[7,7],"6":[7,0],"7":[0,49],"8":[49,49]},"_coverageSchema":"1a1c01bbd47fc00a2c39e90264f33305004495a9","hash":"01cbca4a1bc3818e5075914cbfbd30a1f705c415"}
,"C:\\Project\\AccountingV2\\src\\data\\sync\\SyncOrchestrator.ts": {"path":"C:\\Project\\AccountingV2\\src\\data\\sync\\SyncOrchestrator.ts","statementMap":{"0":{"start":{"line":32,"column":45},"end":{"line":42,"column":1}},"1":{"start":{"line":44,"column":46},"end":{"line":54,"column":1}},"2":{"start":{"line":56,"column":24},"end":{"line":56,"column":26}},"3":{"start":{"line":57,"column":23},"end":{"line":57,"column":46}},"4":{"start":{"line":73,"column":19},"end":{"line":73,"column":43}},"5":{"start":{"line":74,"column":20},"end":{"line":84,"column":17}},"6":{"start":{"line":88,"column":20},"end":{"line":88,"column":52}},"7":{"start":{"line":89,"column":4},"end":{"line":93,"column":5}},"8":{"start":{"line":90,"column":21},"end":{"line":90,"column":54}},"9":{"start":{"line":91,"column":6},"end":{"line":91,"column":24}},"10":{"start":{"line":92,"column":6},"end":{"line":92,"column":42}},"11":{"start":{"line":96,"column":21},"end":{"line":96,"column":79}},"12":{"start":{"line":97,"column":4},"end":{"line":117,"column":6}},"13":{"start":{"line":99,"column":26},"end":{"line":99,"column":94}},"14":{"start":{"line":99,"column":46},"end":{"line":99,"column":70}},"15":{"start":{"line":99,"column":83},"end":{"line":99,"column":93}},"16":{"start":{"line":100,"column":8},"end":{"line":100,"column":43}},"17":{"start":{"line":100,"column":36},"end":{"line":100,"column":43}},"18":{"start":{"line":102,"column":22},"end":{"line":102,"column":42}},"19":{"start":{"line":103,"column":8},"end":{"line":103,"column":27}},"20":{"start":{"line":103,"column":20},"end":{"line":103,"column":27}},"21":{"start":{"line":105,"column":21},"end":{"line":108,"column":68}},"22":{"start":{"line":110,"column":68},"end":{"line":110,"column":70}},"23":{"start":{"line":111,"column":8},"end":{"line":114,"column":9}},"24":{"start":{"line":112,"column":20},"end":{"line":112,"column":50}},"25":{"start":{"line":113,"column":10},"end":{"line":113,"column":44}},"26":{"start":{"line":115,"column":8},"end":{"line":115,"column":44}},"27":{"start":{"line":119,"column":17},"end":{"line":119,"column":18}},"28":{"start":{"line":120,"column":17},"end":{"line":120,"column":18}},"29":{"start":{"line":122,"column":4},"end":{"line":151,"column":5}},"30":{"start":{"line":123,"column":6},"end":{"line":150,"column":7}},"31":{"start":{"line":124,"column":8},"end":{"line":124,"column":67}},"32":{"start":{"line":125,"column":8},"end":{"line":125,"column":77}},"33":{"start":{"line":126,"column":8},"end":{"line":126,"column":17}},"34":{"start":{"line":128,"column":8},"end":{"line":128,"column":90}},"35":{"start":{"line":129,"column":20},"end":{"line":129,"column":44}},"36":{"start":{"line":130,"column":30},"end":{"line":130,"column":49}},"37":{"start":{"line":133,"column":10},"end":{"line":134,"column":75}},"38":{"start":{"line":136,"column":8},"end":{"line":148,"column":9}},"39":{"start":{"line":137,"column":10},"end":{"line":140,"column":48}},"40":{"start":{"line":142,"column":28},"end":{"line":142,"column":73}},"41":{"start":{"line":143,"column":30},"end":{"line":143,"column":76}},"42":{"start":{"line":144,"column":10},"end":{"line":147,"column":48}},"43":{"start":{"line":149,"column":8},"end":{"line":149,"column":17}},"44":{"start":{"line":155,"column":21},"end":{"line":155,"column":22}},"45":{"start":{"line":156,"column":4},"end":{"line":162,"column":5}},"46":{"start":{"line":157,"column":20},"end":{"line":157,"column":66}},"47":{"start":{"line":158,"column":24},"end":{"line":158,"column":74}},"48":{"start":{"line":158,"column":69},"end":{"line":158,"column":73}},"49":{"start":{"line":159,"column":6},"end":{"line":161,"column":7}},"50":{"start":{"line":160,"column":8},"end":{"line":160,"column":44}},"51":{"start":{"line":164,"column":4},"end":{"line":164,"column":42}},"52":{"start":{"line":171,"column":4},"end":{"line":175,"column":5}},"53":{"start":{"line":172,"column":24},"end":{"line":172,"column":97}},"54":{"start":{"line":173,"column":6},"end":{"line":173,"column":48}},"55":{"start":{"line":173,"column":17},"end":{"line":173,"column":48}},"56":{"start":{"line":174,"column":6},"end":{"line":174,"column":13}},"57":{"start":{"line":177,"column":18},"end":{"line":177,"column":43}},"58":{"start":{"line":178,"column":4},"end":{"line":178,"column":73}},"59":{"start":{"line":178,"column":16},"end":{"line":178,"column":73}},"60":{"start":{"line":181,"column":51},"end":{"line":181,"column":81}},"61":{"start":{"line":182,"column":4},"end":{"line":189,"column":5}},"62":{"start":{"line":183,"column":24},"end":{"line":187,"column":17}},"63":{"start":{"line":188,"column":6},"end":{"line":188,"column":59}},"64":{"start":{"line":191,"column":4},"end":{"line":191,"column":89}},"65":{"start":{"line":191,"column":14},"end":{"line":191,"column":89}},"66":{"start":{"line":193,"column":21},"end":{"line":193,"column":39}},"67":{"start":{"line":195,"column":43},"end":{"line":195,"column":47}},"68":{"start":{"line":196,"column":20},"end":{"line":196,"column":49}},"69":{"start":{"line":197,"column":4},"end":{"line":206,"column":5}},"70":{"start":{"line":199,"column":24},"end":{"line":199,"column":75}},"71":{"start":{"line":200,"column":6},"end":{"line":200,"column":24}},"72":{"start":{"line":202,"column":24},"end":{"line":204,"column":47}},"73":{"start":{"line":205,"column":6},"end":{"line":205,"column":24}},"74":{"start":{"line":207,"column":4},"end":{"line":207,"column":54}},"75":{"start":{"line":207,"column":19},"end":{"line":207,"column":54}},"76":{"start":{"line":210,"column":4},"end":{"line":215,"column":5}},"77":{"start":{"line":211,"column":6},"end":{"line":214,"column":66}}},"fnMap":{"0":{"name":"(anonymous_0)","decl":{"start":{"line":62,"column":2},"end":{"line":62,"column":3}},"loc":{"start":{"line":65,"column":4},"end":{"line":65,"column":6}},"line":65},"1":{"name":"(anonymous_1)","decl":{"start":{"line":67,"column":2},"end":{"line":67,"column":3}},"loc":{"start":{"line":69,"column":69},"end":{"line":165,"column":3}},"line":69},"2":{"name":"(anonymous_2)","decl":{"start":{"line":98,"column":40},"end":{"line":98,"column":41}},"loc":{"start":{"line":98,"column":70},"end":{"line":116,"column":7}},"line":98},"3":{"name":"(anonymous_3)","decl":{"start":{"line":99,"column":39},"end":{"line":99,"column":40}},"loc":{"start":{"line":99,"column":46},"end":{"line":99,"column":70}},"line":99},"4":{"name":"(anonymous_4)","decl":{"start":{"line":99,"column":76},"end":{"line":99,"column":77}},"loc":{"start":{"line":99,"column":83},"end":{"line":99,"column":93}},"line":99},"5":{"name":"(anonymous_5)","decl":{"start":{"line":158,"column":63},"end":{"line":158,"column":64}},"loc":{"start":{"line":158,"column":69},"end":{"line":158,"column":73}},"line":158},"6":{"name":"(anonymous_6)","decl":{"start":{"line":167,"column":2},"end":{"line":167,"column":3}},"loc":{"start":{"line":170,"column":19},"end":{"line":216,"column":3}},"line":170}},"branchMap":{"0":{"loc":{"start":{"line":90,"column":21},"end":{"line":90,"column":54}},"type":"binary-expr","locations":[{"start":{"line":90,"column":21},"end":{"line":90,"column":48}},{"start":{"line":90,"column":52},"end":{"line":90,"column":54}}],"line":90},"1":{"loc":{"start":{"line":100,"column":8},"end":{"line":100,"column":43}},"type":"if","locations":[{"start":{"line":100,"column":8},"end":{"line":100,"column":43}},{"start":{},"end":{}}],"line":100},"2":{"loc":{"start":{"line":103,"column":8},"end":{"line":103,"column":27}},"type":"if","locations":[{"start":{"line":103,"column":8},"end":{"line":103,"column":27}},{"start":{},"end":{}}],"line":103},"3":{"loc":{"start":{"line":133,"column":10},"end":{"line":134,"column":75}},"type":"binary-expr","locations":[{"start":{"line":133,"column":10},"end":{"line":133,"column":42}},{"start":{"line":134,"column":10},"end":{"line":134,"column":75}}],"line":133},"4":{"loc":{"start":{"line":136,"column":8},"end":{"line":148,"column":9}},"type":"if","locations":[{"start":{"line":136,"column":8},"end":{"line":148,"column":9}},{"start":{"line":141,"column":15},"end":{"line":148,"column":9}}],"line":136},"5":{"loc":{"start":{"line":156,"column":4},"end":{"line":162,"column":5}},"type":"if","locations":[{"start":{"line":156,"column":4},"end":{"line":162,"column":5}},{"start":{},"end":{}}],"line":156},"6":{"loc":{"start":{"line":156,"column":8},"end":{"line":156,"column":35}},"type":"binary-expr","locations":[{"start":{"line":156,"column":8},"end":{"line":156,"column":20}},{"start":{"line":156,"column":24},"end":{"line":156,"column":35}}],"line":156},"7":{"loc":{"start":{"line":159,"column":6},"end":{"line":161,"column":7}},"type":"if","locations":[{"start":{"line":159,"column":6},"end":{"line":161,"column":7}},{"start":{},"end":{}}],"line":159},"8":{"loc":{"start":{"line":171,"column":4},"end":{"line":175,"column":5}},"type":"if","locations":[{"start":{"line":171,"column":4},"end":{"line":175,"column":5}},{"start":{},"end":{}}],"line":171},"9":{"loc":{"start":{"line":173,"column":6},"end":{"line":173,"column":48}},"type":"if","locations":[{"start":{"line":173,"column":6},"end":{"line":173,"column":48}},{"start":{},"end":{}}],"line":173},"10":{"loc":{"start":{"line":178,"column":4},"end":{"line":178,"column":73}},"type":"if","locations":[{"start":{"line":178,"column":4},"end":{"line":178,"column":73}},{"start":{},"end":{}}],"line":178},"11":{"loc":{"start":{"line":182,"column":4},"end":{"line":189,"column":5}},"type":"if","locations":[{"start":{"line":182,"column":4},"end":{"line":189,"column":5}},{"start":{},"end":{}}],"line":182},"12":{"loc":{"start":{"line":191,"column":4},"end":{"line":191,"column":89}},"type":"if","locations":[{"start":{"line":191,"column":4},"end":{"line":191,"column":89}},{"start":{},"end":{}}],"line":191},"13":{"loc":{"start":{"line":197,"column":4},"end":{"line":206,"column":5}},"type":"if","locations":[{"start":{"line":197,"column":4},"end":{"line":206,"column":5}},{"start":{"line":201,"column":11},"end":{"line":206,"column":5}}],"line":197},"14":{"loc":{"start":{"line":207,"column":4},"end":{"line":207,"column":54}},"type":"if","locations":[{"start":{"line":207,"column":4},"end":{"line":207,"column":54}},{"start":{},"end":{}}],"line":207},"15":{"loc":{"start":{"line":210,"column":4},"end":{"line":215,"column":5}},"type":"if","locations":[{"start":{"line":210,"column":4},"end":{"line":215,"column":5}},{"start":{},"end":{}}],"line":210}},"s":{"0":2,"1":2,"2":2,"3":2,"4":28,"5":28,"6":28,"7":28,"8":21,"9":21,"10":21,"11":28,"12":28,"13":20,"14":21,"15":20,"16":20,"17":1,"18":19,"19":19,"20":0,"21":19,"22":19,"23":19,"24":19,"25":19,"26":18,"27":28,"28":28,"29":28,"30":21,"31":21,"32":15,"33":15,"34":6,"35":6,"36":6,"37":6,"38":6,"39":1,"40":5,"41":5,"42":5,"43":6,"44":28,"45":28,"46":4,"47":4,"48":0,"49":4,"50":4,"51":28,"52":21,"53":1,"54":1,"55":0,"56":1,"57":20,"58":20,"59":0,"60":20,"61":20,"62":1,"63":0,"64":19,"65":0,"66":19,"67":19,"68":19,"69":19,"70":19,"71":18,"72":0,"73":0,"74":18,"75":4,"76":14,"77":13},"f":{"0":27,"1":28,"2":20,"3":21,"4":20,"5":0,"6":21},"b":{"0":[21,20],"1":[1,19],"2":[0,19],"3":[6,5],"4":[1,5],"5":[4,24],"6":[28,22],"7":[4,0],"8":[1,20],"9":[0,1],"10":[0,20],"11":[1,19],"12":[0,19],"13":[19,0],"14":[4,14],"15":[13,1]},"_coverageSchema":"1a1c01bbd47fc00a2c39e90264f33305004495a9","hash":"a6c56858e4f070926a716ec5ece647cead74620d"}
,"C:\\Project\\AccountingV2\\src\\data\\sync\\rowConverters.ts": {"path":"C:\\Project\\AccountingV2\\src\\data\\sync\\rowConverters.ts","statementMap":{"0":{"start":{"line":2,"column":43},"end":{"line":2,"column":51}},"1":{"start":{"line":3,"column":2},"end":{"line":8,"column":4}},"2":{"start":{"line":4,"column":47},"end":{"line":7,"column":5}},"3":{"start":{"line":5,"column":35},"end":{"line":5,"column":56}},"4":{"start":{"line":12,"column":16},"end":{"line":17,"column":3}},"5":{"start":{"line":13,"column":51},"end":{"line":16,"column":5}},"6":{"start":{"line":14,"column":49},"end":{"line":14,"column":64}},"7":{"start":{"line":18,"column":2},"end":{"line":18,"column":38}}},"fnMap":{"0":{"name":"toSupabaseRow","decl":{"start":{"line":1,"column":16},"end":{"line":1,"column":29}},"loc":{"start":{"line":1,"column":90},"end":{"line":9,"column":1}},"line":1},"1":{"name":"(anonymous_1)","decl":{"start":{"line":4,"column":29},"end":{"line":4,"column":30}},"loc":{"start":{"line":4,"column":47},"end":{"line":7,"column":5}},"line":4},"2":{"name":"(anonymous_2)","decl":{"start":{"line":5,"column":28},"end":{"line":5,"column":29}},"loc":{"start":{"line":5,"column":35},"end":{"line":5,"column":56}},"line":5},"3":{"name":"toLocalRow","decl":{"start":{"line":11,"column":16},"end":{"line":11,"column":26}},"loc":{"start":{"line":11,"column":87},"end":{"line":19,"column":1}},"line":11},"4":{"name":"(anonymous_4)","decl":{"start":{"line":13,"column":33},"end":{"line":13,"column":34}},"loc":{"start":{"line":13,"column":51},"end":{"line":16,"column":5}},"line":13},"5":{"name":"(anonymous_5)","decl":{"start":{"line":14,"column":31},"end":{"line":14,"column":32}},"loc":{"start":{"line":14,"column":49},"end":{"line":14,"column":64}},"line":14}},"branchMap":{},"s":{"0":22,"1":22,"2":162,"3":143,"4":23,"5":183,"6":153,"7":23},"f":{"0":22,"1":162,"2":143,"3":23,"4":183,"5":153},"b":{},"_coverageSchema":"1a1c01bbd47fc00a2c39e90264f33305004495a9","hash":"ebafc2690a98d369105db191f3be50ffeabba6ca"}
,"C:\\Project\\AccountingV2\\src\\domain\\babySteps\\BabyStepEvaluator.ts": {"path":"C:\\Project\\AccountingV2\\src\\domain\\babySteps\\BabyStepEvaluator.ts","statementMap":{"0":{"start":{"line":49,"column":2},"end":{"line":49,"column":41}},"1":{"start":{"line":54,"column":21},"end":{"line":56,"column":59}},"2":{"start":{"line":55,"column":19},"end":{"line":55,"column":71}},"3":{"start":{"line":56,"column":20},"end":{"line":56,"column":58}},"4":{"start":{"line":57,"column":2},"end":{"line":57,"column":31}},"5":{"start":{"line":62,"column":2},"end":{"line":64,"column":51}},"6":{"start":{"line":63,"column":19},"end":{"line":63,"column":63}},"7":{"start":{"line":64,"column":24},"end":{"line":64,"column":46}},"8":{"start":{"line":70,"column":14},"end":{"line":70,"column":32}},"9":{"start":{"line":71,"column":2},"end":{"line":73,"column":3}},"10":{"start":{"line":72,"column":4},"end":{"line":72,"column":50}},"11":{"start":{"line":74,"column":18},"end":{"line":74,"column":35}},"12":{"start":{"line":75,"column":17},"end":{"line":75,"column":24}},"13":{"start":{"line":76,"column":2},"end":{"line":79,"column":4}},"14":{"start":{"line":83,"column":23},"end":{"line":83,"column":65}},"15":{"start":{"line":83,"column":43},"end":{"line":83,"column":64}},"16":{"start":{"line":84,"column":2},"end":{"line":86,"column":3}},"17":{"start":{"line":85,"column":4},"end":{"line":85,"column":50}},"18":{"start":{"line":87,"column":20},"end":{"line":89,"column":10}},"19":{"start":{"line":88,"column":11},"end":{"line":88,"column":57}},"20":{"start":{"line":90,"column":18},"end":{"line":90,"column":51}},"21":{"start":{"line":91,"column":2},"end":{"line":94,"column":4}},"22":{"start":{"line":101,"column":14},"end":{"line":101,"column":32}},"23":{"start":{"line":102,"column":2},"end":{"line":104,"column":3}},"24":{"start":{"line":103,"column":4},"end":{"line":103,"column":50}},"25":{"start":{"line":105,"column":22},"end":{"line":105,"column":51}},"26":{"start":{"line":106,"column":2},"end":{"line":109,"column":3}},"27":{"start":{"line":108,"column":4},"end":{"line":108,"column":50}},"28":{"start":{"line":111,"column":22},"end":{"line":111,"column":66}},"29":{"start":{"line":112,"column":18},"end":{"line":112,"column":35}},"30":{"start":{"line":113,"column":2},"end":{"line":116,"column":4}},"31":{"start":{"line":120,"column":20},"end":{"line":120,"column":62}},"32":{"start":{"line":120,"column":40},"end":{"line":120,"column":61}},"33":{"start":{"line":121,"column":2},"end":{"line":123,"column":3}},"34":{"start":{"line":122,"column":4},"end":{"line":122,"column":50}},"35":{"start":{"line":124,"column":18},"end":{"line":124,"column":88}},"36":{"start":{"line":124,"column":41},"end":{"line":124,"column":87}},"37":{"start":{"line":125,"column":2},"end":{"line":139,"column":4}},"38":{"start":{"line":133,"column":18},"end":{"line":133,"column":73}},"39":{"start":{"line":136,"column":41},"end":{"line":136,"column":66}},"40":{"start":{"line":151,"column":68},"end":{"line":151,"column":73}},"41":{"start":{"line":153,"column":16},"end":{"line":153,"column":40}},"42":{"start":{"line":154,"column":16},"end":{"line":154,"column":36}},"43":{"start":{"line":155,"column":16},"end":{"line":155,"column":64}},"44":{"start":{"line":156,"column":16},"end":{"line":156,"column":36}},"45":{"start":{"line":158,"column":2},"end":{"line":181,"column":4}}},"fnMap":{"0":{"name":"balanceCents","decl":{"start":{"line":48,"column":9},"end":{"line":48,"column":21}},"loc":{"start":{"line":48,"column":49},"end":{"line":50,"column":1}},"line":48},"1":{"name":"findEMF","decl":{"start":{"line":53,"column":9},"end":{"line":53,"column":16}},"loc":{"start":{"line":53,"column":69},"end":{"line":58,"column":1}},"line":53},"2":{"name":"(anonymous_2)","decl":{"start":{"line":55,"column":12},"end":{"line":55,"column":13}},"loc":{"start":{"line":55,"column":19},"end":{"line":55,"column":71}},"line":55},"3":{"name":"(anonymous_3)","decl":{"start":{"line":56,"column":10},"end":{"line":56,"column":11}},"loc":{"start":{"line":56,"column":20},"end":{"line":56,"column":58}},"line":56},"4":{"name":"computeIncomeTotal","decl":{"start":{"line":61,"column":9},"end":{"line":61,"column":27}},"loc":{"start":{"line":61,"column":65},"end":{"line":65,"column":1}},"line":61},"5":{"name":"(anonymous_5)","decl":{"start":{"line":63,"column":12},"end":{"line":63,"column":13}},"loc":{"start":{"line":63,"column":19},"end":{"line":63,"column":63}},"line":63},"6":{"name":"(anonymous_6)","decl":{"start":{"line":64,"column":12},"end":{"line":64,"column":13}},"loc":{"start":{"line":64,"column":24},"end":{"line":64,"column":46}},"line":64},"7":{"name":"evaluateStep1","decl":{"start":{"line":67,"column":9},"end":{"line":67,"column":22}},"loc":{"start":{"line":69,"column":52},"end":{"line":80,"column":1}},"line":69},"8":{"name":"evaluateStep2","decl":{"start":{"line":82,"column":9},"end":{"line":82,"column":22}},"loc":{"start":{"line":82,"column":94},"end":{"line":95,"column":1}},"line":82},"9":{"name":"(anonymous_9)","decl":{"start":{"line":83,"column":36},"end":{"line":83,"column":37}},"loc":{"start":{"line":83,"column":43},"end":{"line":83,"column":64}},"line":83},"10":{"name":"(anonymous_10)","decl":{"start":{"line":88,"column":4},"end":{"line":88,"column":5}},"loc":{"start":{"line":88,"column":11},"end":{"line":88,"column":57}},"line":88},"11":{"name":"evaluateStep3","decl":{"start":{"line":97,"column":9},"end":{"line":97,"column":22}},"loc":{"start":{"line":100,"column":52},"end":{"line":117,"column":1}},"line":100},"12":{"name":"evaluateStep6","decl":{"start":{"line":119,"column":9},"end":{"line":119,"column":22}},"loc":{"start":{"line":119,"column":94},"end":{"line":140,"column":1}},"line":119},"13":{"name":"(anonymous_13)","decl":{"start":{"line":120,"column":33},"end":{"line":120,"column":34}},"loc":{"start":{"line":120,"column":40},"end":{"line":120,"column":61}},"line":120},"14":{"name":"(anonymous_14)","decl":{"start":{"line":124,"column":34},"end":{"line":124,"column":35}},"loc":{"start":{"line":124,"column":41},"end":{"line":124,"column":87}},"line":124},"15":{"name":"(anonymous_15)","decl":{"start":{"line":133,"column":8},"end":{"line":133,"column":9}},"loc":{"start":{"line":133,"column":18},"end":{"line":133,"column":73}},"line":133},"16":{"name":"(anonymous_16)","decl":{"start":{"line":136,"column":31},"end":{"line":136,"column":32}},"loc":{"start":{"line":136,"column":41},"end":{"line":136,"column":66}},"line":136},"17":{"name":"evaluate","decl":{"start":{"line":148,"column":16},"end":{"line":148,"column":24}},"loc":{"start":{"line":150,"column":58},"end":{"line":182,"column":1}},"line":150}},"branchMap":{"0":{"loc":{"start":{"line":55,"column":19},"end":{"line":55,"column":71}},"type":"binary-expr","locations":[{"start":{"line":55,"column":19},"end":{"line":55,"column":54}},{"start":{"line":55,"column":58},"end":{"line":55,"column":71}}],"line":55},"1":{"loc":{"start":{"line":57,"column":9},"end":{"line":57,"column":30}},"type":"binary-expr","locations":[{"start":{"line":57,"column":9},"end":{"line":57,"column":22}},{"start":{"line":57,"column":26},"end":{"line":57,"column":30}}],"line":57},"2":{"loc":{"start":{"line":63,"column":19},"end":{"line":63,"column":63}},"type":"binary-expr","locations":[{"start":{"line":63,"column":19},"end":{"line":63,"column":46}},{"start":{"line":63,"column":50},"end":{"line":63,"column":63}}],"line":63},"3":{"loc":{"start":{"line":71,"column":2},"end":{"line":73,"column":3}},"type":"if","locations":[{"start":{"line":71,"column":2},"end":{"line":73,"column":3}},{"start":{},"end":{}}],"line":71},"4":{"loc":{"start":{"line":84,"column":2},"end":{"line":86,"column":3}},"type":"if","locations":[{"start":{"line":84,"column":2},"end":{"line":86,"column":3}},{"start":{},"end":{}}],"line":84},"5":{"loc":{"start":{"line":88,"column":11},"end":{"line":88,"column":57}},"type":"binary-expr","locations":[{"start":{"line":88,"column":11},"end":{"line":88,"column":22}},{"start":{"line":88,"column":26},"end":{"line":88,"column":57}}],"line":88},"6":{"loc":{"start":{"line":102,"column":2},"end":{"line":104,"column":3}},"type":"if","locations":[{"start":{"line":102,"column":2},"end":{"line":104,"column":3}},{"start":{},"end":{}}],"line":102},"7":{"loc":{"start":{"line":106,"column":2},"end":{"line":109,"column":3}},"type":"if","locations":[{"start":{"line":106,"column":2},"end":{"line":109,"column":3}},{"start":{},"end":{}}],"line":106},"8":{"loc":{"start":{"line":121,"column":2},"end":{"line":123,"column":3}},"type":"if","locations":[{"start":{"line":121,"column":2},"end":{"line":123,"column":3}},{"start":{},"end":{}}],"line":121},"9":{"loc":{"start":{"line":124,"column":41},"end":{"line":124,"column":87}},"type":"binary-expr","locations":[{"start":{"line":124,"column":41},"end":{"line":124,"column":52}},{"start":{"line":124,"column":56},"end":{"line":124,"column":87}}],"line":124}},"s":{"0":22,"1":80,"2":46,"3":2,"4":80,"5":17,"6":23,"7":5,"8":40,"9":40,"10":23,"11":17,"12":17,"13":17,"14":40,"15":17,"16":40,"17":34,"18":6,"19":10,"20":6,"21":6,"22":40,"23":40,"24":23,"25":17,"26":17,"27":12,"28":5,"29":5,"30":5,"31":40,"32":17,"33":40,"34":34,"35":6,"36":7,"37":6,"38":7,"39":7,"40":40,"41":40,"42":40,"43":40,"44":40,"45":40},"f":{"0":22,"1":80,"2":46,"3":2,"4":17,"5":23,"6":5,"7":40,"8":40,"9":17,"10":10,"11":40,"12":40,"13":17,"14":7,"15":7,"16":7,"17":40},"b":{"0":[46,36],"1":[80,46],"2":[23,5],"3":[23,17],"4":[34,6],"5":[10,5],"6":[23,17],"7":[12,5],"8":[34,6],"9":[7,5]},"_coverageSchema":"1a1c01bbd47fc00a2c39e90264f33305004495a9","hash":"8ad895aa3fc710c1b76fc4455c5dfada31b100b3"}
,"C:\\Project\\AccountingV2\\src\\domain\\babySteps\\BabyStepRules.ts": {"path":"C:\\Project\\AccountingV2\\src\\domain\\babySteps\\BabyStepRules.ts","statementMap":{"0":{"start":{"line":25,"column":80},"end":{"line":104,"column":1}},"1":{"start":{"line":108,"column":2},"end":{"line":113,"column":73}},"2":{"start":{"line":109,"column":66},"end":{"line":112,"column":5}},"3":{"start":{"line":116,"column":35},"end":{"line":116,"column":61}}},"fnMap":{"0":{"name":"(anonymous_0)","decl":{"start":{"line":109,"column":59},"end":{"line":109,"column":60}},"loc":{"start":{"line":109,"column":66},"end":{"line":112,"column":5}},"line":109}},"branchMap":{},"s":{"0":14,"1":14,"2":98,"3":14},"f":{"0":98},"b":{},"_coverageSchema":"1a1c01bbd47fc00a2c39e90264f33305004495a9","hash":"76a266f825ba7f6feb303c654025ec63e748d338"}
,"C:\\Project\\AccountingV2\\src\\domain\\babySteps\\ReconcileBabyStepsUseCase.ts": {"path":"C:\\Project\\AccountingV2\\src\\domain\\babySteps\\ReconcileBabyStepsUseCase.ts","statementMap":{"0":{"start":{"line":33,"column":4},"end":{"line":182,"column":5}},"1":{"start":{"line":35,"column":27},"end":{"line":43,"column":9}},"2":{"start":{"line":45,"column":49},"end":{"line":57,"column":9}},"3":{"start":{"line":45,"column":76},"end":{"line":57,"column":7}},"4":{"start":{"line":60,"column":23},"end":{"line":60,"column":99}},"5":{"start":{"line":62,"column":41},"end":{"line":77,"column":9}},"6":{"start":{"line":62,"column":64},"end":{"line":77,"column":7}},"7":{"start":{"line":80,"column":28},"end":{"line":80,"column":68}},"8":{"start":{"line":81,"column":37},"end":{"line":81,"column":68}},"9":{"start":{"line":84,"column":28},"end":{"line":87,"column":54}},"10":{"start":{"line":89,"column":30},"end":{"line":89,"column":88}},"11":{"start":{"line":89,"column":65},"end":{"line":89,"column":86}},"12":{"start":{"line":92,"column":66},"end":{"line":96,"column":7}},"13":{"start":{"line":99,"column":24},"end":{"line":104,"column":8}},"14":{"start":{"line":107,"column":18},"end":{"line":107,"column":42}},"15":{"start":{"line":108,"column":39},"end":{"line":108,"column":41}},"16":{"start":{"line":109,"column":39},"end":{"line":109,"column":41}},"17":{"start":{"line":110,"column":41},"end":{"line":110,"column":43}},"18":{"start":{"line":112,"column":6},"end":{"line":176,"column":7}},"19":{"start":{"line":113,"column":26},"end":{"line":113,"column":65}},"20":{"start":{"line":114,"column":36},"end":{"line":114,"column":67}},"21":{"start":{"line":117,"column":29},"end":{"line":117,"column":60}},"22":{"start":{"line":118,"column":36},"end":{"line":118,"column":66}},"23":{"start":{"line":120,"column":26},"end":{"line":120,"column":45}},"24":{"start":{"line":122,"column":8},"end":{"line":166,"column":9}},"25":{"start":{"line":124,"column":10},"end":{"line":124,"column":50}},"26":{"start":{"line":125,"column":10},"end":{"line":125,"column":28}},"27":{"start":{"line":127,"column":10},"end":{"line":143,"column":11}},"28":{"start":{"line":128,"column":12},"end":{"line":142,"column":16}},"29":{"start":{"line":144,"column":15},"end":{"line":166,"column":9}},"30":{"start":{"line":146,"column":10},"end":{"line":146,"column":50}},"31":{"start":{"line":147,"column":10},"end":{"line":147,"column":29}},"32":{"start":{"line":149,"column":10},"end":{"line":165,"column":11}},"33":{"start":{"line":150,"column":12},"end":{"line":164,"column":16}},"34":{"start":{"line":168,"column":8},"end":{"line":175,"column":11}},"35":{"start":{"line":178,"column":6},"end":{"line":178,"column":73}},"36":{"start":{"line":180,"column":22},"end":{"line":180,"column":70}},"37":{"start":{"line":181,"column":6},"end":{"line":181,"column":58}}},"fnMap":{"0":{"name":"(anonymous_0)","decl":{"start":{"line":30,"column":2},"end":{"line":30,"column":3}},"loc":{"start":{"line":30,"column":70},"end":{"line":30,"column":72}},"line":30},"1":{"name":"(anonymous_1)","decl":{"start":{"line":32,"column":2},"end":{"line":32,"column":3}},"loc":{"start":{"line":32,"column":99},"end":{"line":183,"column":3}},"line":32},"2":{"name":"(anonymous_2)","decl":{"start":{"line":45,"column":66},"end":{"line":45,"column":67}},"loc":{"start":{"line":45,"column":76},"end":{"line":57,"column":7}},"line":45},"3":{"name":"(anonymous_3)","decl":{"start":{"line":62,"column":54},"end":{"line":62,"column":55}},"loc":{"start":{"line":62,"column":64},"end":{"line":77,"column":7}},"line":62},"4":{"name":"(anonymous_4)","decl":{"start":{"line":89,"column":56},"end":{"line":89,"column":57}},"loc":{"start":{"line":89,"column":65},"end":{"line":89,"column":86}},"line":89}},"branchMap":{"0":{"loc":{"start":{"line":93,"column":11},"end":{"line":93,"column":55}},"type":"binary-expr","locations":[{"start":{"line":93,"column":11},"end":{"line":93,"column":46}},{"start":{"line":93,"column":50},"end":{"line":93,"column":55}}],"line":93},"1":{"loc":{"start":{"line":94,"column":11},"end":{"line":94,"column":55}},"type":"binary-expr","locations":[{"start":{"line":94,"column":11},"end":{"line":94,"column":46}},{"start":{"line":94,"column":50},"end":{"line":94,"column":55}}],"line":94},"2":{"loc":{"start":{"line":95,"column":11},"end":{"line":95,"column":55}},"type":"binary-expr","locations":[{"start":{"line":95,"column":11},"end":{"line":95,"column":46}},{"start":{"line":95,"column":50},"end":{"line":95,"column":55}}],"line":95},"3":{"loc":{"start":{"line":114,"column":36},"end":{"line":114,"column":67}},"type":"binary-expr","locations":[{"start":{"line":114,"column":36},"end":{"line":114,"column":58}},{"start":{"line":114,"column":62},"end":{"line":114,"column":67}}],"line":114},"4":{"loc":{"start":{"line":117,"column":29},"end":{"line":117,"column":60}},"type":"binary-expr","locations":[{"start":{"line":117,"column":29},"end":{"line":117,"column":52}},{"start":{"line":117,"column":56},"end":{"line":117,"column":60}}],"line":117},"5":{"loc":{"start":{"line":118,"column":36},"end":{"line":118,"column":66}},"type":"binary-expr","locations":[{"start":{"line":118,"column":36},"end":{"line":118,"column":58}},{"start":{"line":118,"column":62},"end":{"line":118,"column":66}}],"line":118},"6":{"loc":{"start":{"line":122,"column":8},"end":{"line":166,"column":9}},"type":"if","locations":[{"start":{"line":122,"column":8},"end":{"line":166,"column":9}},{"start":{"line":144,"column":15},"end":{"line":166,"column":9}}],"line":122},"7":{"loc":{"start":{"line":122,"column":12},"end":{"line":122,"column":55}},"type":"binary-expr","locations":[{"start":{"line":122,"column":12},"end":{"line":122,"column":31}},{"start":{"line":122,"column":35},"end":{"line":122,"column":55}}],"line":122},"8":{"loc":{"start":{"line":127,"column":10},"end":{"line":143,"column":11}},"type":"if","locations":[{"start":{"line":127,"column":10},"end":{"line":143,"column":11}},{"start":{},"end":{}}],"line":127},"9":{"loc":{"start":{"line":144,"column":15},"end":{"line":166,"column":9}},"type":"if","locations":[{"start":{"line":144,"column":15},"end":{"line":166,"column":9}},{"start":{},"end":{}}],"line":144},"10":{"loc":{"start":{"line":144,"column":19},"end":{"line":144,"column":62}},"type":"binary-expr","locations":[{"start":{"line":144,"column":19},"end":{"line":144,"column":39}},{"start":{"line":144,"column":43},"end":{"line":144,"column":62}}],"line":144},"11":{"loc":{"start":{"line":149,"column":10},"end":{"line":165,"column":11}},"type":"if","locations":[{"start":{"line":149,"column":10},"end":{"line":165,"column":11}},{"start":{},"end":{}}],"line":149},"12":{"loc":{"start":{"line":180,"column":22},"end":{"line":180,"column":70}},"type":"cond-expr","locations":[{"start":{"line":180,"column":45},"end":{"line":180,"column":56}},{"start":{"line":180,"column":59},"end":{"line":180,"column":70}}],"line":180}},"s":{"0":5,"1":5,"2":5,"3":5,"4":5,"5":5,"6":0,"7":5,"8":5,"9":5,"10":5,"11":35,"12":5,"13":5,"14":5,"15":5,"16":5,"17":5,"18":5,"19":35,"20":35,"21":35,"22":35,"23":35,"24":35,"25":3,"26":3,"27":3,"28":3,"29":32,"30":1,"31":1,"32":1,"33":1,"34":35,"35":5,"36":0,"37":0},"f":{"0":5,"1":5,"2":5,"3":0,"4":35},"b":{"0":[5,0],"1":[5,0],"2":[5,0],"3":[35,0],"4":[35,33],"5":[35,34],"6":[3,32],"7":[35,4],"8":[3,0],"9":[1,31],"10":[32,31],"11":[1,0],"12":[0,0]},"_coverageSchema":"1a1c01bbd47fc00a2c39e90264f33305004495a9","hash":"12aad66e7d074104c1a573e0a64db1519ac77104"}
,"C:\\Project\\AccountingV2\\src\\domain\\babySteps\\ReconcileEmergencyFundTypeUseCase.ts": {"path":"C:\\Project\\AccountingV2\\src\\domain\\babySteps\\ReconcileEmergencyFundTypeUseCase.ts","statementMap":{"0":{"start":{"line":34,"column":4},"end":{"line":34,"column":67}},"1":{"start":{"line":39,"column":23},"end":{"line":48,"column":7}},"2":{"start":{"line":51,"column":19},"end":{"line":51,"column":89}},"3":{"start":{"line":51,"column":50},"end":{"line":51,"column":88}},"4":{"start":{"line":53,"column":4},"end":{"line":56,"column":5}},"5":{"start":{"line":55,"column":6},"end":{"line":55,"column":43}},"6":{"start":{"line":59,"column":26},"end":{"line":59,"column":32}},"7":{"start":{"line":60,"column":16},"end":{"line":60,"column":40}},"8":{"start":{"line":62,"column":4},"end":{"line":72,"column":5}},"9":{"start":{"line":63,"column":6},"end":{"line":70,"column":46}},"10":{"start":{"line":71,"column":6},"end":{"line":71,"column":70}},"11":{"start":{"line":74,"column":4},"end":{"line":74,"column":53}}},"fnMap":{"0":{"name":"(anonymous_0)","decl":{"start":{"line":30,"column":2},"end":{"line":30,"column":3}},"loc":{"start":{"line":33,"column":4},"end":{"line":35,"column":3}},"line":33},"1":{"name":"(anonymous_1)","decl":{"start":{"line":37,"column":2},"end":{"line":37,"column":3}},"loc":{"start":{"line":37,"column":88},"end":{"line":75,"column":3}},"line":37},"2":{"name":"(anonymous_2)","decl":{"start":{"line":51,"column":40},"end":{"line":51,"column":41}},"loc":{"start":{"line":51,"column":50},"end":{"line":51,"column":88}},"line":51}},"branchMap":{"0":{"loc":{"start":{"line":34,"column":20},"end":{"line":34,"column":66}},"type":"binary-expr","locations":[{"start":{"line":34,"column":20},"end":{"line":34,"column":28}},{"start":{"line":34,"column":32},"end":{"line":34,"column":66}}],"line":34},"1":{"loc":{"start":{"line":53,"column":4},"end":{"line":56,"column":5}},"type":"if","locations":[{"start":{"line":53,"column":4},"end":{"line":56,"column":5}},{"start":{},"end":{}}],"line":53}},"s":{"0":9,"1":9,"2":9,"3":7,"4":9,"5":5,"6":4,"7":4,"8":4,"9":5,"10":5,"11":4},"f":{"0":9,"1":9,"2":7},"b":{"0":[9,4],"1":[5,4]},"_coverageSchema":"1a1c01bbd47fc00a2c39e90264f33305004495a9","hash":"5fc38e84bc6a0ec36607c9f833d3e2c55f514abd"}
,"C:\\Project\\AccountingV2\\src\\domain\\babySteps\\SeedBabyStepsUseCase.ts": {"path":"C:\\Project\\AccountingV2\\src\\domain\\babySteps\\SeedBabyStepsUseCase.ts","statementMap":{"0":{"start":{"line":25,"column":4},"end":{"line":50,"column":5}},"1":{"start":{"line":26,"column":18},"end":{"line":26,"column":42}},"2":{"start":{"line":28,"column":19},"end":{"line":39,"column":9}},"3":{"start":{"line":28,"column":73},"end":{"line":39,"column":7}},"4":{"start":{"line":42,"column":6},"end":{"line":44,"column":7}},"5":{"start":{"line":43,"column":8},"end":{"line":43,"column":74}},"6":{"start":{"line":46,"column":6},"end":{"line":46,"column":38}},"7":{"start":{"line":48,"column":22},"end":{"line":48,"column":70}},"8":{"start":{"line":49,"column":6},"end":{"line":49,"column":58}}},"fnMap":{"0":{"name":"(anonymous_0)","decl":{"start":{"line":22,"column":2},"end":{"line":22,"column":3}},"loc":{"start":{"line":22,"column":70},"end":{"line":22,"column":72}},"line":22},"1":{"name":"(anonymous_1)","decl":{"start":{"line":24,"column":2},"end":{"line":24,"column":3}},"loc":{"start":{"line":24,"column":60},"end":{"line":51,"column":3}},"line":24},"2":{"name":"(anonymous_2)","decl":{"start":{"line":28,"column":56},"end":{"line":28,"column":57}},"loc":{"start":{"line":28,"column":73},"end":{"line":39,"column":7}},"line":28}},"branchMap":{"0":{"loc":{"start":{"line":48,"column":22},"end":{"line":48,"column":70}},"type":"cond-expr","locations":[{"start":{"line":48,"column":45},"end":{"line":48,"column":56}},{"start":{"line":48,"column":59},"end":{"line":48,"column":70}}],"line":48}},"s":{"0":18,"1":18,"2":18,"3":126,"4":18,"5":126,"6":18,"7":0,"8":0},"f":{"0":17,"1":18,"2":126},"b":{"0":[0,0]},"_coverageSchema":"1a1c01bbd47fc00a2c39e90264f33305004495a9","hash":"988d0637bbca42ed98c199ab60c01914504127f4"}
,"C:\\Project\\AccountingV2\\src\\domain\\babySteps\\StampCelebratedUseCase.ts": {"path":"C:\\Project\\AccountingV2\\src\\domain\\babySteps\\StampCelebratedUseCase.ts","statementMap":{"0":{"start":{"line":22,"column":21},"end":{"line":25,"column":95}},"1":{"start":{"line":27,"column":16},"end":{"line":27,"column":27}},"2":{"start":{"line":28,"column":4},"end":{"line":33,"column":5}},"3":{"start":{"line":29,"column":6},"end":{"line":32,"column":9}},"4":{"start":{"line":36,"column":4},"end":{"line":38,"column":5}},"5":{"start":{"line":37,"column":6},"end":{"line":37,"column":38}},"6":{"start":{"line":40,"column":16},"end":{"line":40,"column":40}},"7":{"start":{"line":42,"column":4},"end":{"line":49,"column":96}},"8":{"start":{"line":51,"column":4},"end":{"line":51,"column":36}}},"fnMap":{"0":{"name":"(anonymous_0)","decl":{"start":{"line":18,"column":2},"end":{"line":18,"column":3}},"loc":{"start":{"line":18,"column":70},"end":{"line":18,"column":72}},"line":18},"1":{"name":"(anonymous_1)","decl":{"start":{"line":20,"column":2},"end":{"line":20,"column":3}},"loc":{"start":{"line":20,"column":80},"end":{"line":52,"column":3}},"line":20}},"branchMap":{"0":{"loc":{"start":{"line":28,"column":4},"end":{"line":33,"column":5}},"type":"if","locations":[{"start":{"line":28,"column":4},"end":{"line":33,"column":5}},{"start":{},"end":{}}],"line":28},"1":{"loc":{"start":{"line":36,"column":4},"end":{"line":38,"column":5}},"type":"if","locations":[{"start":{"line":36,"column":4},"end":{"line":38,"column":5}},{"start":{},"end":{}}],"line":36}},"s":{"0":4,"1":4,"2":4,"3":1,"4":3,"5":1,"6":2,"7":2,"8":2},"f":{"0":4,"1":4},"b":{"0":[1,3],"1":[1,2]},"_coverageSchema":"1a1c01bbd47fc00a2c39e90264f33305004495a9","hash":"991297adbe6a6e3a7811bdc32ca28df717a96fc6"}
,"C:\\Project\\AccountingV2\\src\\domain\\babySteps\\ToggleManualStepUseCase.ts": {"path":"C:\\Project\\AccountingV2\\src\\domain\\babySteps\\ToggleManualStepUseCase.ts","statementMap":{"0":{"start":{"line":26,"column":4},"end":{"line":31,"column":5}},"1":{"start":{"line":27,"column":6},"end":{"line":30,"column":9}},"2":{"start":{"line":33,"column":16},"end":{"line":33,"column":40}},"3":{"start":{"line":35,"column":4},"end":{"line":43,"column":96}},"4":{"start":{"line":45,"column":4},"end":{"line":45,"column":36}}},"fnMap":{"0":{"name":"(anonymous_0)","decl":{"start":{"line":19,"column":2},"end":{"line":19,"column":3}},"loc":{"start":{"line":19,"column":70},"end":{"line":19,"column":72}},"line":19},"1":{"name":"(anonymous_1)","decl":{"start":{"line":21,"column":2},"end":{"line":21,"column":3}},"loc":{"start":{"line":25,"column":27},"end":{"line":46,"column":3}},"line":25}},"branchMap":{"0":{"loc":{"start":{"line":26,"column":4},"end":{"line":31,"column":5}},"type":"if","locations":[{"start":{"line":26,"column":4},"end":{"line":31,"column":5}},{"start":{},"end":{}}],"line":26},"1":{"loc":{"start":{"line":39,"column":21},"end":{"line":39,"column":43}},"type":"cond-expr","locations":[{"start":{"line":39,"column":33},"end":{"line":39,"column":36}},{"start":{"line":39,"column":39},"end":{"line":39,"column":43}}],"line":39}},"s":{"0":9,"1":4,"2":5,"3":5,"4":5},"f":{"0":9,"1":9},"b":{"0":[4,5],"1":[4,1]},"_coverageSchema":"1a1c01bbd47fc00a2c39e90264f33305004495a9","hash":"92d7cd5a360bf4ba7ebe377b496a2ec2644558e8"}
,"C:\\Project\\AccountingV2\\src\\domain\\babySteps\\types.ts": {"path":"C:\\Project\\AccountingV2\\src\\domain\\babySteps\\types.ts","statementMap":{},"fnMap":{},"branchMap":{},"s":{},"f":{},"b":{}}
,"C:\\Project\\AccountingV2\\src\\domain\\budgets\\BudgetBalanceCalculator.ts": {"path":"C:\\Project\\AccountingV2\\src\\domain\\budgets\\BudgetBalanceCalculator.ts","statementMap":{"0":{"start":{"line":30,"column":20},"end":{"line":30,"column":21}},"1":{"start":{"line":31,"column":23},"end":{"line":31,"column":24}},"2":{"start":{"line":33,"column":2},"end":{"line":39,"column":3}},"3":{"start":{"line":34,"column":4},"end":{"line":34,"column":38}},"4":{"start":{"line":34,"column":29},"end":{"line":34,"column":38}},"5":{"start":{"line":35,"column":4},"end":{"line":35,"column":46}},"6":{"start":{"line":36,"column":4},"end":{"line":38,"column":5}},"7":{"start":{"line":37,"column":6},"end":{"line":37,"column":45}},"8":{"start":{"line":41,"column":33},"end":{"line":41,"column":61}},"9":{"start":{"line":42,"column":19},"end":{"line":42,"column":55}},"10":{"start":{"line":44,"column":2},"end":{"line":44,"column":75}}},"fnMap":{"0":{"name":"calculateBudgetBalance","decl":{"start":{"line":29,"column":16},"end":{"line":29,"column":38}},"loc":{"start":{"line":29,"column":83},"end":{"line":45,"column":1}},"line":29}},"branchMap":{"0":{"loc":{"start":{"line":34,"column":4},"end":{"line":34,"column":38}},"type":"if","locations":[{"start":{"line":34,"column":4},"end":{"line":34,"column":38}},{"start":{},"end":{}}],"line":34},"1":{"loc":{"start":{"line":36,"column":4},"end":{"line":38,"column":5}},"type":"if","locations":[{"start":{"line":36,"column":4},"end":{"line":38,"column":5}},{"start":{},"end":{}}],"line":36}},"s":{"0":25,"1":25,"2":25,"3":53,"4":6,"5":47,"6":47,"7":18,"8":25,"9":25,"10":25},"f":{"0":25},"b":{"0":[6,47],"1":[18,29]},"_coverageSchema":"1a1c01bbd47fc00a2c39e90264f33305004495a9","hash":"e4bad1793b3de9bc7cdd7eef75f0016b1dba3af0"}
,"C:\\Project\\AccountingV2\\src\\domain\\debtSnowball\\CreateDebtUseCase.ts": {"path":"C:\\Project\\AccountingV2\\src\\domain\\debtSnowball\\CreateDebtUseCase.ts","statementMap":{"0":{"start":{"line":31,"column":4},"end":{"line":31,"column":67}},"1":{"start":{"line":35,"column":4},"end":{"line":40,"column":5}},"2":{"start":{"line":36,"column":6},"end":{"line":39,"column":9}},"3":{"start":{"line":41,"column":4},"end":{"line":46,"column":5}},"4":{"start":{"line":42,"column":6},"end":{"line":45,"column":9}},"5":{"start":{"line":47,"column":4},"end":{"line":49,"column":5}},"6":{"start":{"line":48,"column":6},"end":{"line":48,"column":98}},"7":{"start":{"line":51,"column":24},"end":{"line":54,"column":59}},"8":{"start":{"line":55,"column":22},"end":{"line":55,"column":48}},"9":{"start":{"line":57,"column":16},"end":{"line":57,"column":40}},"10":{"start":{"line":58,"column":15},"end":{"line":58,"column":27}},"11":{"start":{"line":60,"column":29},"end":{"line":75,"column":5}},"12":{"start":{"line":77,"column":4},"end":{"line":77,"column":45}},"13":{"start":{"line":79,"column":4},"end":{"line":91,"column":7}},"14":{"start":{"line":93,"column":4},"end":{"line":93,"column":55}},"15":{"start":{"line":95,"column":4},"end":{"line":95,"column":31}}},"fnMap":{"0":{"name":"(anonymous_0)","decl":{"start":{"line":25,"column":2},"end":{"line":25,"column":3}},"loc":{"start":{"line":30,"column":4},"end":{"line":32,"column":3}},"line":30},"1":{"name":"(anonymous_1)","decl":{"start":{"line":34,"column":2},"end":{"line":34,"column":3}},"loc":{"start":{"line":34,"column":47},"end":{"line":96,"column":3}},"line":34}},"branchMap":{"0":{"loc":{"start":{"line":31,"column":20},"end":{"line":31,"column":66}},"type":"binary-expr","locations":[{"start":{"line":31,"column":20},"end":{"line":31,"column":28}},{"start":{"line":31,"column":32},"end":{"line":31,"column":66}}],"line":31},"1":{"loc":{"start":{"line":35,"column":4},"end":{"line":40,"column":5}},"type":"if","locations":[{"start":{"line":35,"column":4},"end":{"line":40,"column":5}},{"start":{},"end":{}}],"line":35},"2":{"loc":{"start":{"line":41,"column":4},"end":{"line":46,"column":5}},"type":"if","locations":[{"start":{"line":41,"column":4},"end":{"line":46,"column":5}},{"start":{},"end":{}}],"line":41},"3":{"loc":{"start":{"line":47,"column":4},"end":{"line":49,"column":5}},"type":"if","locations":[{"start":{"line":47,"column":4},"end":{"line":49,"column":5}},{"start":{},"end":{}}],"line":47},"4":{"loc":{"start":{"line":55,"column":22},"end":{"line":55,"column":48}},"type":"binary-expr","locations":[{"start":{"line":55,"column":22},"end":{"line":55,"column":43}},{"start":{"line":55,"column":47},"end":{"line":55,"column":48}}],"line":55}},"s":{"0":5,"1":5,"2":1,"3":4,"4":1,"5":3,"6":1,"7":2,"8":2,"9":2,"10":2,"11":2,"12":2,"13":2,"14":2,"15":2},"f":{"0":5,"1":5},"b":{"0":[5,5],"1":[1,4],"2":[1,3],"3":[1,2],"4":[2,2]},"_coverageSchema":"1a1c01bbd47fc00a2c39e90264f33305004495a9","hash":"9ca7e4605be3dc76965e98fa90aed19c293e253f"}
,"C:\\Project\\AccountingV2\\src\\domain\\debtSnowball\\DebtEntity.ts": {"path":"C:\\Project\\AccountingV2\\src\\domain\\debtSnowball\\DebtEntity.ts","statementMap":{"0":{"start":{"line":26,"column":43},"end":{"line":32,"column":3}},"1":{"start":{"line":33,"column":2},"end":{"line":33,"column":26}},"2":{"start":{"line":38,"column":2},"end":{"line":38,"column":46}},"3":{"start":{"line":38,"column":37},"end":{"line":38,"column":46}},"4":{"start":{"line":39,"column":2},"end":{"line":39,"column":91}}},"fnMap":{"0":{"name":"getDebtTypeLabel","decl":{"start":{"line":25,"column":16},"end":{"line":25,"column":32}},"loc":{"start":{"line":25,"column":61},"end":{"line":34,"column":1}},"line":25},"1":{"name":"getPayoffProgressPercent","decl":{"start":{"line":37,"column":16},"end":{"line":37,"column":40}},"loc":{"start":{"line":37,"column":67},"end":{"line":40,"column":1}},"line":37}},"branchMap":{"0":{"loc":{"start":{"line":38,"column":2},"end":{"line":38,"column":46}},"type":"if","locations":[{"start":{"line":38,"column":2},"end":{"line":38,"column":46}},{"start":{},"end":{}}],"line":38}},"s":{"0":5,"1":5,"2":3,"3":0,"4":3},"f":{"0":5,"1":3},"b":{"0":[0,3]},"_coverageSchema":"1a1c01bbd47fc00a2c39e90264f33305004495a9","hash":"b19ab2714773dd9576d774a76f96bf1a78012a57"}
,"C:\\Project\\AccountingV2\\src\\domain\\debtSnowball\\LogDebtPaymentUseCase.ts": {"path":"C:\\Project\\AccountingV2\\src\\domain\\debtSnowball\\LogDebtPaymentUseCase.ts","statementMap":{"0":{"start":{"line":28,"column":4},"end":{"line":28,"column":67}},"1":{"start":{"line":32,"column":4},"end":{"line":37,"column":5}},"2":{"start":{"line":33,"column":6},"end":{"line":36,"column":9}},"3":{"start":{"line":39,"column":16},"end":{"line":39,"column":40}},"4":{"start":{"line":40,"column":26},"end":{"line":43,"column":5}},"5":{"start":{"line":44,"column":23},"end":{"line":44,"column":85}},"6":{"start":{"line":45,"column":22},"end":{"line":45,"column":38}},"7":{"start":{"line":47,"column":4},"end":{"line":56,"column":46}},"8":{"start":{"line":58,"column":4},"end":{"line":72,"column":7}},"9":{"start":{"line":74,"column":4},"end":{"line":74,"column":78}},"10":{"start":{"line":76,"column":32},"end":{"line":82,"column":5}},"11":{"start":{"line":84,"column":4},"end":{"line":84,"column":34}}},"fnMap":{"0":{"name":"(anonymous_0)","decl":{"start":{"line":22,"column":2},"end":{"line":22,"column":3}},"loc":{"start":{"line":27,"column":4},"end":{"line":29,"column":3}},"line":27},"1":{"name":"(anonymous_1)","decl":{"start":{"line":31,"column":2},"end":{"line":31,"column":3}},"loc":{"start":{"line":31,"column":47},"end":{"line":85,"column":3}},"line":31}},"branchMap":{"0":{"loc":{"start":{"line":28,"column":20},"end":{"line":28,"column":66}},"type":"binary-expr","locations":[{"start":{"line":28,"column":20},"end":{"line":28,"column":28}},{"start":{"line":28,"column":32},"end":{"line":28,"column":66}}],"line":28},"1":{"loc":{"start":{"line":32,"column":4},"end":{"line":37,"column":5}},"type":"if","locations":[{"start":{"line":32,"column":4},"end":{"line":37,"column":5}},{"start":{},"end":{}}],"line":32}},"s":{"0":5,"1":5,"2":1,"3":4,"4":4,"5":4,"6":4,"7":4,"8":4,"9":4,"10":4,"11":4},"f":{"0":5,"1":5},"b":{"0":[5,5],"1":[1,4]},"_coverageSchema":"1a1c01bbd47fc00a2c39e90264f33305004495a9","hash":"f9f5f5e98d5b312884845a1337f423c52a1b95a0"}
,"C:\\Project\\AccountingV2\\src\\domain\\debtSnowball\\SnowballPayoffProjector.ts": {"path":"C:\\Project\\AccountingV2\\src\\domain\\debtSnowball\\SnowballPayoffProjector.ts","statementMap":{"0":{"start":{"line":17,"column":39},"end":{"line":17,"column":42}},"1":{"start":{"line":25,"column":24},"end":{"line":27,"column":48}},"2":{"start":{"line":26,"column":21},"end":{"line":26,"column":66}},"3":{"start":{"line":27,"column":22},"end":{"line":27,"column":47}},"4":{"start":{"line":29,"column":4},"end":{"line":31,"column":5}},"5":{"start":{"line":30,"column":6},"end":{"line":30,"column":53}},"6":{"start":{"line":33,"column":18},"end":{"line":33,"column":28}},"7":{"start":{"line":34,"column":42},"end":{"line":34,"column":44}},"8":{"start":{"line":35,"column":24},"end":{"line":35,"column":48}},"9":{"start":{"line":36,"column":27},"end":{"line":36,"column":28}},"10":{"start":{"line":38,"column":4},"end":{"line":69,"column":5}},"11":{"start":{"line":39,"column":20},"end":{"line":39,"column":48}},"12":{"start":{"line":40,"column":26},"end":{"line":40,"column":61}},"13":{"start":{"line":41,"column":22},"end":{"line":41,"column":62}},"14":{"start":{"line":42,"column":19},"end":{"line":42,"column":20}},"15":{"start":{"line":44,"column":6},"end":{"line":49,"column":7}},"16":{"start":{"line":45,"column":25},"end":{"line":45,"column":58}},"17":{"start":{"line":46,"column":8},"end":{"line":46,"column":47}},"18":{"start":{"line":47,"column":8},"end":{"line":47,"column":37}},"19":{"start":{"line":47,"column":25},"end":{"line":47,"column":37}},"20":{"start":{"line":48,"column":8},"end":{"line":48,"column":17}},"21":{"start":{"line":51,"column":6},"end":{"line":68,"column":7}},"22":{"start":{"line":52,"column":8},"end":{"line":57,"column":11}},"23":{"start":{"line":58,"column":8},"end":{"line":58,"column":50}},"24":{"start":{"line":60,"column":8},"end":{"line":60,"column":35}},"25":{"start":{"line":61,"column":8},"end":{"line":66,"column":11}},"26":{"start":{"line":67,"column":8},"end":{"line":67,"column":50}},"27":{"start":{"line":71,"column":27},"end":{"line":71,"column":62}},"28":{"start":{"line":73,"column":6},"end":{"line":73,"column":95}},"29":{"start":{"line":75,"column":4},"end":{"line":75,"column":41}}},"fnMap":{"0":{"name":"(anonymous_0)","decl":{"start":{"line":24,"column":2},"end":{"line":24,"column":3}},"loc":{"start":{"line":24,"column":75},"end":{"line":76,"column":3}},"line":24},"1":{"name":"(anonymous_1)","decl":{"start":{"line":26,"column":14},"end":{"line":26,"column":15}},"loc":{"start":{"line":26,"column":21},"end":{"line":26,"column":66}},"line":26},"2":{"name":"(anonymous_2)","decl":{"start":{"line":27,"column":12},"end":{"line":27,"column":13}},"loc":{"start":{"line":27,"column":22},"end":{"line":27,"column":47}},"line":27}},"branchMap":{"0":{"loc":{"start":{"line":24,"column":31},"end":{"line":24,"column":59}},"type":"default-arg","locations":[{"start":{"line":24,"column":58},"end":{"line":24,"column":59}}],"line":24},"1":{"loc":{"start":{"line":26,"column":21},"end":{"line":26,"column":66}},"type":"binary-expr","locations":[{"start":{"line":26,"column":21},"end":{"line":26,"column":33}},{"start":{"line":26,"column":37},"end":{"line":26,"column":66}}],"line":26},"2":{"loc":{"start":{"line":29,"column":4},"end":{"line":31,"column":5}},"type":"if","locations":[{"start":{"line":29,"column":4},"end":{"line":31,"column":5}},{"start":{},"end":{}}],"line":29},"3":{"loc":{"start":{"line":44,"column":13},"end":{"line":44,"column":71}},"type":"binary-expr","locations":[{"start":{"line":44,"column":13},"end":{"line":44,"column":24}},{"start":{"line":44,"column":28},"end":{"line":44,"column":71}}],"line":44},"4":{"loc":{"start":{"line":47,"column":8},"end":{"line":47,"column":37}},"type":"if","locations":[{"start":{"line":47,"column":8},"end":{"line":
[...]
umn":22}},"35":{"start":{"line":129,"column":31},"end":{"line":129,"column":49}},"36":{"start":{"line":142,"column":23},"end":{"line":142,"column":60}},"37":{"start":{"line":149,"column":15},"end":{"line":181,"column":2}}},"fnMap":{"0":{"name":"groupByDate","decl":{"start":{"line":29,"column":9},"end":{"line":29,"column":20}},"loc":{"start":{"line":29,"column":58},"end":{"line":37,"column":1}},"line":29},"1":{"name":"(anonymous_1)","decl":{"start":{"line":36,"column":39},"end":{"line":36,"column":40}},"loc":{"start":{"line":36,"column":59},"end":{"line":36,"column":74}},"line":36},"2":{"name":"(anonymous_2)","decl":{"start":{"line":39,"column":75},"end":{"line":39,"column":76}},"loc":{"start":{"line":39,"column":95},"end":{"line":147,"column":1}},"line":39},"3":{"name":"(anonymous_3)","decl":{"start":{"line":40,"column":34},"end":{"line":40,"column":35}},"loc":{"start":{"line":40,"column":41},"end":{"line":40,"column":54}},"line":40},"4":{"name":"(anonymous_4)","decl":{"start":{"line":41,"column":32},"end":{"line":41,"column":33}},"loc":{"start":{"line":41,"column":39},"end":{"line":41,"column":50}},"line":41},"5":{"name":"(anonymous_5)","decl":{"start":{"line":48,"column":12},"end":{"line":48,"column":13}},"loc":{"start":{"line":48,"column":18},"end":{"line":55,"column":3}},"line":48},"6":{"name":"(anonymous_6)","decl":{"start":{"line":52,"column":12},"end":{"line":52,"column":13}},"loc":{"start":{"line":52,"column":22},"end":{"line":54,"column":7}},"line":52},"7":{"name":"(anonymous_7)","decl":{"start":{"line":53,"column":42},"end":{"line":53,"column":43}},"loc":{"start":{"line":53,"column":49},"end":{"line":53,"column":63}},"line":53},"8":{"name":"(anonymous_8)","decl":{"start":{"line":58,"column":16},"end":{"line":58,"column":17}},"loc":{"start":{"line":58,"column":22},"end":{"line":60,"column":5}},"line":58},"9":{"name":"(anonymous_9)","decl":{"start":{"line":64,"column":4},"end":{"line":64,"column":5}},"loc":{"start":{"line":64,"column":31},"end":{"line":81,"column":5}},"line":64},"10":{"name":"(anonymous_10)","decl":{"start":{"line":73,"column":21},"end":{"line":73,"column":22}},"loc":{"start":{"line":73,"column":48},"end":{"line":77,"column":13}},"line":73},"11":{"name":"(anonymous_11)","decl":{"start":{"line":106,"column":24},"end":{"line":106,"column":25}},"loc":{"start":{"line":106,"column":34},"end":{"line":106,"column":41}},"line":106},"12":{"name":"(anonymous_12)","decl":{"start":{"line":107,"column":31},"end":{"line":107,"column":32}},"loc":{"start":{"line":108,"column":12},"end":{"line":112,"column":19}},"line":108},"13":{"name":"(anonymous_13)","decl":{"start":{"line":114,"column":22},"end":{"line":114,"column":23}},"loc":{"start":{"line":115,"column":12},"end":{"line":132,"column":22}},"line":115},"14":{"name":"(anonymous_14)","decl":{"start":{"line":129,"column":25},"end":{"line":129,"column":26}},"loc":{"start":{"line":129,"column":31},"end":{"line":129,"column":49}},"line":129},"15":{"name":"(anonymous_15)","decl":{"start":{"line":142,"column":17},"end":{"line":142,"column":18}},"loc":{"start":{"line":142,"column":23},"end":{"line":142,"column":60}},"line":142}},"branchMap":{"0":{"loc":{"start":{"line":33,"column":4},"end":{"line":33,"column":44}},"type":"if","locations":[{"start":{"line":33,"column":4},"end":{"line":33,"column":44}},{"start":{},"end":{}}],"line":33},"1":{"loc":{"start":{"line":67,"column":11},"end":{"line":67,"column":32}},"type":"binary-expr","locations":[{"start":{"line":67,"column":11},"end":{"line":67,"column":19}},{"start":{"line":67,"column":23},"end":{"line":67,"column":32}}],"line":67},"2":{"loc":{"start":{"line":93,"column":7},"end":{"line":137,"column":7}},"type":"cond-expr","locations":[{"start":{"line":94,"column":8},"end":{"line":96,"column":15}},{"start":{"line":97,"column":10},"end":{"line":137,"column":7}}],"line":93},"3":{"loc":{"start":{"line":97,"column":10},"end":{"line":137,"column":7}},"type":"cond-expr","locations":[{"start":{"line":98,"column":8},"end":{"line":102,"column":10}},{"start":{"line":104,"column":8},"end":{"line":136,"column":10}}],"line":97},"4":{"loc":{"start":{"line":118,"column":19},"end":{"line":118,"column":42}},"type":"binary-expr","locations":[{"start":{"line":118,"column":19},"end":{"line":118,"column":29}},{"start":{"line":118,"column":33},"end":{"line":118,"column":42}}],"line":118},"5":{"loc":{"start":{"line":121,"column":19},"end":{"line":121,"column":60}},"type":"binary-expr","locations":[{"start":{"line":121,"column":19},"end":{"line":121,"column":53}},{"start":{"line":121,"column":57},"end":{"line":121,"column":60}}],"line":121}},"s":{"0":1,"1":1,"2":4,"3":4,"4":0,"5":0,"6":0,"7":0,"8":4,"9":0,"10":1,"11":4,"12":4,"13":4,"14":4,"15":4,"16":4,"17":4,"18":4,"19":4,"20":2,"21":2,"22":0,"23":4,"24":0,"25":4,"26":0,"27":0,"28":0,"29":0,"30":4,"31":4,"32":0,"33":0,"34":0,"35":0,"36":1,"37":1},"f":{"0":4,"1":0,"2":4,"3":4,"4":4,"5":2,"6":2,"7":0,"8":0,"9":0,"10":0,"11":0,"12":0,"13":0,"14":0,"15":1},"b":{"0":[0,0],"1":[0,0],"2":[0,4],"3":[4,0],"4":[0,0],"5":[0,0]},"_coverageSchema":"1a1c01bbd47fc00a2c39e90264f33305004495a9","hash":"b9307e25bd0c0eab12a02d5554217b93da2242e1"}
,"C:\\Project\\AccountingV2\\src\\presentation\\stores\\appStore.ts": {"path":"C:\\Project\\AccountingV2\\src\\presentation\\stores\\appStore.ts","statementMap":{"0":{"start":{"line":35,"column":27},"end":{"line":64,"column":3}},"1":{"start":{"line":35,"column":67},"end":{"line":64,"column":1}},"2":{"start":{"line":45,"column":33},"end":{"line":45,"column":49}},"3":{"start":{"line":46,"column":37},"end":{"line":46,"column":55}},"4":{"start":{"line":47,"column":45},"end":{"line":47,"column":67}},"5":{"start":{"line":48,"column":39},"end":{"line":48,"column":58}},"6":{"start":{"line":49,"column":39},"end":{"line":49,"column":58}},"7":{"start":{"line":50,"column":51},"end":{"line":50,"column":76}},"8":{"start":{"line":51,"column":41},"end":{"line":51,"column":61}},"9":{"start":{"line":52,"column":37},"end":{"line":52,"column":55}},"10":{"start":{"line":53,"column":30},"end":{"line":53,"column":71}},"11":{"start":{"line":54,"column":57},"end":{"line":54,"column":85}},"12":{"start":{"line":56,"column":4},"end":{"line":63,"column":6}}},"fnMap":{"0":{"name":"(anonymous_0)","decl":{"start":{"line":35,"column":57},"end":{"line":35,"column":58}},"loc":{"start":{"line":35,"column":67},"end":{"line":64,"column":1}},"line":35},"1":{"name":"(anonymous_1)","decl":{"start":{"line":45,"column":14},"end":{"line":45,"column":15}},"loc":{"start":{"line":45,"column":33},"end":{"line":45,"column":49}},"line":45},"2":{"name":"(anonymous_2)","decl":{"start":{"line":46,"column":16},"end":{"line":46,"column":17}},"loc":{"start":{"line":46,"column":37},"end":{"line":46,"column":55}},"line":46},"3":{"name":"(anonymous_3)","decl":{"start":{"line":47,"column":20},"end":{"line":47,"column":21}},"loc":{"start":{"line":47,"column":45},"end":{"line":47,"column":67}},"line":47},"4":{"name":"(anonymous_4)","decl":{"start":{"line":48,"column":17},"end":{"line":48,"column":18}},"loc":{"start":{"line":48,"column":39},"end":{"line":48,"column":58}},"line":48},"5":{"name":"(anonymous_5)","decl":{"start":{"line":49,"column":17},"end":{"line":49,"column":18}},"loc":{"start":{"line":49,"column":39},"end":{"line":49,"column":58}},"line":49},"6":{"name":"(anonymous_6)","decl":{"start":{"line":50,"column":23},"end":{"line":50,"column":24}},"loc":{"start":{"line":50,"column":51},"end":{"line":50,"column":76}},"line":50},"7":{"name":"(anonymous_7)","decl":{"start":{"line":51,"column":18},"end":{"line":51,"column":19}},"loc":{"start":{"line":51,"column":41},"end":{"line":51,"column":61}},"line":51},"8":{"name":"(anonymous_8)","decl":{"start":{"line":52,"column":16},"end":{"line":52,"column":17}},"loc":{"start":{"line":52,"column":37},"end":{"line":52,"column":55}},"line":52},"9":{"name":"(anonymous_9)","decl":{"start":{"line":53,"column":18},"end":{"line":53,"column":19}},"loc":{"start":{"line":53,"column":30},"end":{"line":53,"column":71}},"line":53},"10":{"name":"(anonymous_10)","decl":{"start":{"line":54,"column":26},"end":{"line":54,"column":27}},"loc":{"start":{"line":54,"column":57},"end":{"line":54,"column":85}},"line":54},"11":{"name":"(anonymous_11)","decl":{"start":{"line":55,"column":9},"end":{"line":55,"column":10}},"loc":{"start":{"line":56,"column":4},"end":{"line":63,"column":6}},"line":56}},"branchMap":{},"s":{"0":1,"1":1,"2":0,"3":0,"4":0,"5":0,"6":0,"7":0,"8":2,"9":1,"10":1,"11":0,"12":1},"f":{"0":1,"1":0,"2":0,"3":0,"4":0,"5":0,"6":0,"7":2,"8":1,"9":1,"10":0,"11":1},"b":{},"_coverageSchema":"1a1c01bbd47fc00a2c39e90264f33305004495a9","hash":"5af7f58775819461f0b7b23776ab32618ac11252"}
,"C:\\Project\\AccountingV2\\src\\presentation\\stores\\celebrationStore.ts": {"path":"C:\\Project\\AccountingV2\\src\\presentation\\stores\\celebrationStore.ts","statementMap":{"0":{"start":{"line":41,"column":35},"end":{"line":88,"column":3}},"1":{"start":{"line":41,"column":96},"end":{"line":88,"column":1}},"2":{"start":{"line":46,"column":4},"end":{"line":46,"column":31}},"3":{"start":{"line":50,"column":32},"end":{"line":50,"column":37}},"4":{"start":{"line":53,"column":4},"end":{"line":55,"column":5}},"5":{"start":{"line":53,"column":29},"end":{"line":53,"column":59}},"6":{"start":{"line":54,"column":6},"end":{"line":54,"column":13}},"7":{"start":{"line":58,"column":4},"end":{"line":70,"column":5}},"8":{"start":{"line":59,"column":32},"end":{"line":59,"column":58}},"9":{"start":{"line":60,"column":6},"end":{"line":62,"column":7}},"10":{"start":{"line":61,"column":8},"end":{"line":61,"column":15}},"11":{"start":{"line":64,"column":6},"end":{"line":68,"column":7}},"12":{"start":{"line":65,"column":8},"end":{"line":67,"column":10}},"13":{"start":{"line":72,"column":4},"end":{"line":74,"column":8}},"14":{"start":{"line":72,"column":20},"end":{"line":74,"column":5}},"15":{"start":{"line":78,"column":22},"end":{"line":78,"column":27}},"16":{"start":{"line":79,"column":4},"end":{"line":79,"column":40}},"17":{"start":{"line":79,"column":28},"end":{"line":79,"column":40}},"18":{"start":{"line":80,"column":28},"end":{"line":80,"column":33}},"19":{"start":{"line":81,"column":4},"end":{"line":81,"column":25}},"20":{"start":{"line":82,"column":4},"end":{"line":82,"column":16}},"21":{"start":{"line":86,"column":4},"end":{"line":86,"column":23}}},"fnMap":{"0":{"name":"(anonymous_0)","decl":{"start":{"line":41,"column":81},"end":{"line":41,"column":82}},"loc":{"start":{"line":41,"column":96},"end":{"line":88,"column":1}},"line":41},"1":{"name":"(anonymous_1)","decl":{"start":{"line":45,"column":8},"end":{"line":45,"column":9}},"loc":{"start":{"line":45,"column":48},"end":{"line":47,"column":3}},"line":45},"2":{"name":"(anonymous_2)","decl":{"start":{"line":49,"column":11},"end":{"line":49,"column":12}},"loc":{"start":{"line":49,"column":56},"end":{"line":75,"column":3}},"line":49},"3":{"name":"(anonymous_3)","decl":{"start":{"line":53,"column":19},"end":{"line":53,"column":20}},"loc":{"start":{"line":53,"column":29},"end":{"line":53,"column":59}},"line":53},"4":{"name":"(anonymous_4)","decl":{"start":{"line":72,"column":8},"end":{"line":72,"column":9}},"loc":{"start":{"line":72,"column":20},"end":{"line":74,"column":5}},"line":72},"5":{"name":"(anonymous_5)","decl":{"start":{"line":77,"column":11},"end":{"line":77,"column":12}},"loc":{"start":{"line":77,"column":46},"end":{"line":83,"column":3}},"line":77},"6":{"name":"(anonymous_6)","decl":{"start":{"line":85,"column":9},"end":{"line":85,"column":10}},"loc":{"start":{"line":85,"column":21},"end":{"line":87,"column":3}},"line":85}},"branchMap":{"0":{"loc":{"start":{"line":53,"column":4},"end":{"line":55,"column":5}},"type":"if","locations":[{"start":{"line":53,"column":4},"end":{"line":55,"column":5}},{"start":{},"end":{}}],"line":53},"1":{"loc":{"start":{"line":58,"column":4},"end":{"line":70,"column":5}},"type":"if","locations":[{"start":{"line":58,"column":4},"end":{"line":70,"column":5}},{"start":{"line":63,"column":11},"end":{"line":70,"column":5}}],"line":58},"2":{"loc":{"start":{"line":60,"column":6},"end":{"line":62,"column":7}},"type":"if","locations":[{"start":{"line":60,"column":6},"end":{"line":62,"column":7}},{"start":{},"end":{}}],"line":60},"3":{"loc":{"start":{"line":64,"column":6},"end":{"line":68,"column":7}},"type":"if","locations":[{"start":{"line":64,"column":6},"end":{"line":68,"column":7}},{"start":{},"end":{}}],"line":64},"4":{"loc":{"start":{"line":79,"column":4},"end":{"line":79,"column":40}},"type":"if","locations":[{"start":{"line":79,"column":4},"end":{"line":79,"column":40}},{"start":{},"end":{}}],"line":79}},"s":{"0":1,"1":1,"2":9,"3":16,"4":16,"5":7,"6":1,"7":15,"8":15,"9":15,"10":2,"11":0,"12":0,"13":13,"14":13,"15":2,"16":2,"17":1,"18":1,"19":1,"20":1,"21":1},"f":{"0":1,"1":9,"2":16,"3":7,"4":13,"5":2,"6":1},"b":{"0":[1,15],"1":[15,0],"2":[2,13],"3":[0,0],"4":[1,1]},"_coverageSchema":"1a1c01bbd47fc00a2c39e90264f33305004495a9","hash":"5ca003fe144c16368e2a5e76813fccad3e085fc2"}
,"C:\\Project\\AccountingV2\\src\\presentation\\stores\\emergencyFundReconcileStore.ts": {"path":"C:\\Project\\AccountingV2\\src\\presentation\\stores\\emergencyFundReconcileStore.ts","statementMap":{"0":{"start":{"line":26,"column":46},"end":{"line":38,"column":1}},"1":{"start":{"line":27,"column":12},"end":{"line":37,"column":3}},"2":{"start":{"line":31,"column":6},"end":{"line":31,"column":48}},"3":{"start":{"line":35,"column":6},"end":{"line":35,"column":48}}},"fnMap":{"0":{"name":"(anonymous_0)","decl":{"start":{"line":27,"column":2},"end":{"line":27,"column":3}},"loc":{"start":{"line":27,"column":12},"end":{"line":37,"column":3}},"line":27},"1":{"name":"(anonymous_1)","decl":{"start":{"line":30,"column":31},"end":{"line":30,"column":32}},"loc":{"start":{"line":30,"column":57},"end":{"line":32,"column":5}},"line":30},"2":{"name":"(anonymous_2)","decl":{"start":{"line":34,"column":13},"end":{"line":34,"column":14}},"loc":{"start":{"line":34,"column":25},"end":{"line":36,"column":5}},"line":34}},"branchMap":{},"s":{"0":0,"1":0,"2":0,"3":0},"f":{"0":0,"1":0,"2":0},"b":{}}
,"C:\\Project\\AccountingV2\\src\\presentation\\stores\\networkStore.ts": {"path":"C:\\Project\\AccountingV2\\src\\presentation\\stores\\networkStore.ts","statementMap":{"0":{"start":{"line":20,"column":31},"end":{"line":23,"column":3}},"1":{"start":{"line":20,"column":79},"end":{"line":23,"column":1}},"2":{"start":{"line":22,"column":44},"end":{"line":22,"column":61}},"3":{"start":{"line":25,"column":40},"end":{"line":25,"column":44}},"4":{"start":{"line":32,"column":2},"end":{"line":32,"column":40}},"5":{"start":{"line":32,"column":20},"end":{"line":32,"column":40}},"6":{"start":{"line":33,"column":2},"end":{"line":36,"column":5}},"7":{"start":{"line":34,"column":19},"end":{"line":34,"column":74}},"8":{"start":{"line":35,"column":4},"end":{"line":35,"column":51}},"9":{"start":{"line":37,"column":2},"end":{"line":37,"column":22}}},"fnMap":{"0":{"name":"(anonymous_0)","decl":{"start":{"line":20,"column":69},"end":{"line":20,"column":70}},"loc":{"start":{"line":20,"column":79},"end":{"line":23,"column":1}},"line":20},"1":{"name":"(anonymous_1)","decl":{"start":{"line":22,"column":15},"end":{"line":22,"column":16}},"loc":{"start":{"line":22,"column":44},"end":{"line":22,"column":61}},"line":22},"2":{"name":"subscribeNetworkStore","decl":{"start":{"line":31,"column":16},"end":{"line":31,"column":37}},"loc":{"start":{"line":31,"column":52},"end":{"line":38,"column":1}},"line":31},"3":{"name":"(anonymous_3)","decl":{"start":{"line":33,"column":42},"end":{"line":33,"column":43}},"loc":{"start":{"line":33,"column":53},"end":{"line":36,"column":3}},"line":33}},"branchMap":{"0":{"loc":{"start":{"line":32,"column":2},"end":{"line":32,"column":40}},"type":"if","locations":[{"start":{"line":32,"column":2},"end":{"line":32,"column":40}},{"start":{},"end":{}}],"line":32},"1":{"loc":{"start":{"line":34,"column":27},"end":{"line":34,"column":73}},"type":"binary-expr","locations":[{"start":{"line":34,"column":27},"end":{"line":34,"column":44}},{"start":{"line":34,"column":48},"end":{"line":34,"column":73}}],"line":34}},"s":{"0":0,"1":0,"2":0,"3":0,"4":0,"5":0,"6":0,"7":0,"8":0,"9":0},"f":{"0":0,"1":0,"2":0,"3":0},"b":{"0":[0,0],"1":[0,0]}}
,"C:\\Project\\AccountingV2\\src\\presentation\\stores\\notificationStore.ts": {"path":"C:\\Project\\AccountingV2\\src\\presentation\\stores\\notificationStore.ts","statementMap":{"0":{"start":{"line":15,"column":36},"end":{"line":20,"column":3}},"1":{"start":{"line":15,"column":94},"end":{"line":20,"column":1}},"2":{"start":{"line":18,"column":41},"end":{"line":18,"column":61}},"3":{"start":{"line":19,"column":55},"end":{"line":19,"column":82}}},"fnMap":{"0":{"name":"(anonymous_0)","decl":{"start":{"line":15,"column":84},"end":{"line":15,"column":85}},"loc":{"start":{"line":15,"column":94},"end":{"line":20,"column":1}},"line":15},"1":{"name":"(anonymous_1)","decl":{"start":{"line":18,"column":18},"end":{"line":18,"column":19}},"loc":{"start":{"line":18,"column":41},"end":{"line":18,"column":61}},"line":18},"2":{"name":"(anonymous_2)","decl":{"start":{"line":19,"column":25},"end":{"line":19,"column":26}},"loc":{"start":{"line":19,"column":55},"end":{"line":19,"column":82}},"line":19}},"branchMap":{},"s":{"0":0,"1":0,"2":0,"3":0},"f":{"0":0,"1":0,"2":0},"b":{}}
,"C:\\Project\\AccountingV2\\src\\presentation\\stores\\toastStore.ts": {"path":"C:\\Project\\AccountingV2\\src\\presentation\\stores\\toastStore.ts","statementMap":{"0":{"start":{"line":33,"column":17},"end":{"line":33,"column":18}},"1":{"start":{"line":36,"column":2},"end":{"line":36,"column":18}},"2":{"start":{"line":37,"column":2},"end":{"line":37,"column":45}},"3":{"start":{"line":40,"column":29},"end":{"line":69,"column":3}},"4":{"start":{"line":40,"column":78},"end":{"line":69,"column":1}},"5":{"start":{"line":44,"column":4},"end":{"line":55,"column":8}},"6":{"start":{"line":44,"column":20},"end":{"line":55,"column":5}},"7":{"start":{"line":59,"column":22},"end":{"line":59,"column":27}},"8":{"start":{"line":60,"column":4},"end":{"line":60,"column":40}},"9":{"start":{"line":60,"column":28},"end":{"line":60,"column":40}},"10":{"start":{"line":61,"column":28},"end":{"line":61,"column":33}},"11":{"start":{"line":62,"column":4},"end":{"line":62,"column":25}},"12":{"start":{"line":63,"column":4},"end":{"line":63,"column":16}},"13":{"start":{"line":67,"column":4},"end":{"line":67,"column":23}}},"fnMap":{"0":{"name":"generateId","decl":{"start":{"line":35,"column":9},"end":{"line":35,"column":19}},"loc":{"start":{"line":35,"column":30},"end":{"line":38,"column":1}},"line":35},"1":{"name":"(anonymous_1)","decl":{"start":{"line":40,"column":63},"end":{"line":40,"column":64}},"loc":{"start":{"line":40,"column":78},"end":{"line":69,"column":1}},"line":40},"2":{"name":"(anonymous_2)","decl":{"start":{"line":43,"column":11},"end":{"line":43,"column":12}},"loc":{"start":{"line":43,"column":76},"end":{"line":56,"column":3}},"line":43},"3":{"name":"(anonymous_3)","decl":{"start":{"line":44,"column":8},"end":{"line":44,"column":9}},"loc":{"start":{"line":44,"column":20},"end":{"line":55,"column":5}},"line":44},"4":{"name":"(anonymous_4)","decl":{"start":{"line":58,"column":11},"end":{"line":58,"column":12}},"loc":{"start":{"line":58,"column":40},"end":{"line":64,"column":3}},"line":58},"5":{"name":"(anonymous_5)","decl":{"start":{"line":66,"column":9},"end":{"line":66,"column":10}},"loc":{"start":{"line":66,"column":21},"end":{"line":68,"column":3}},"line":66}},"branchMap":{"0":{"loc":{"start":{"line":60,"column":4},"end":{"line":60,"column":40}},"type":"if","locations":[{"start":{"line":60,"column":4},"end":{"line":60,"column":40}},{"start":{},"end":{}}],"line":60}},"s":{"0":1,"1":14,"2":14,"3":1,"4":1,"5":14,"6":14,"7":2,"8":2,"9":1,"10":1,"11":1,"12":1,"13":1},"f":{"0":14,"1":1,"2":14,"3":14,"4":2,"5":1},"b":{"0":[1,1]},"_coverageSchema":"1a1c01bbd47fc00a2c39e90264f33305004495a9","hash":"dd8242fdf6adc4590f0fce55e51c9735603b8f10"}
}
