TN:
SF:src\domain\shared\BudgetPeriodEngine.ts
FN:5,(anonymous_0)
FN:9,(anonymous_1)
FN:41,(anonymous_2)
FNF:3
FNH:3
FNDA:5,(anonymous_0)
FNDA:5,(anonymous_1)
FNDA:2,(anonymous_2)
DA:6,5
DA:10,5
DA:11,5
DA:12,5
DA:14,5
DA:18,3
DA:19,3
DA:20,0
DA:21,0
DA:25,5
DA:28,5
DA:29,5
DA:30,5
DA:31,0
DA:32,0
DA:34,5
DA:36,5
DA:38,5
DA:42,2
LF:19
LH:15
BRDA:5,0,0,0
BRDA:14,1,0,2
BRDA:14,1,1,3
BRDA:19,2,0,0
BRDA:19,2,1,3
BRDA:30,3,0,0
BRDA:30,3,1,5
BRDA:42,4,0,2
BRDA:42,4,1,2
BRF:9
BRH:6
end_of_record
TN:
SF:src\domain\shared\Command.ts
FNF:0
FNH:0
LF:0
LH:0
BRF:0
BRH:0
end_of_record
TN:
SF:src\domain\shared\types.ts
FN:11,createSuccess
FN:15,createFailure
FN:19,isSuccess
FNF:3
FNH:3
FNDA:5,createSuccess
FNDA:2,createFailure
FNDA:2,isSuccess
DA:12,5
DA:16,2
DA:22,2
LF:3
LH:3
BRF:0
BRH:0
end_of_record
