TN:
SF:src\domain\babySteps\BabyStepEvaluator.ts
FN:48,balanceCents
FN:53,findEMF
FN:55,(anonymous_2)
FN:56,(anonymous_3)
FN:61,computeIncomeTotal
FN:63,(anonymous_5)
FN:64,(anonymous_6)
FN:67,evaluateStep1
FN:80,evaluateStep2
FN:81,(anonymous_9)
FN:86,(anonymous_10)
FN:95,evaluateStep3
FN:117,evaluateStep6
FN:118,(anonymous_13)
FN:123,(anonymous_14)
FN:132,(anonymous_15)
FN:133,(anonymous_16)
FN:145,evaluate
FNF:18
FNH:18
FNDA:22,balanceCents
FNDA:80,findEMF
FNDA:46,(anonymous_2)
FNDA:2,(anonymous_3)
FNDA:17,computeIncomeTotal
FNDA:23,(anonymous_5)
FNDA:5,(anonymous_6)
FNDA:40,evaluateStep1
FNDA:40,evaluateStep2
FNDA:17,(anonymous_9)
FNDA:10,(anonymous_10)
FNDA:40,evaluateStep3
FNDA:40,evaluateStep6
FNDA:17,(anonymous_13)
FNDA:7,(anonymous_14)
FNDA:7,(anonymous_15)
FNDA:7,(anonymous_16)
FNDA:40,evaluate
DA:49,22
DA:54,80
DA:55,46
DA:56,2
DA:57,80
DA:62,17
DA:63,23
DA:64,5
DA:68,40
DA:69,40
DA:70,23
DA:72,17
DA:73,17
DA:74,17
DA:81,40
DA:82,40
DA:83,34
DA:85,6
DA:86,10
DA:88,6
DA:89,6
DA:99,40
DA:100,40
DA:101,23
DA:103,17
DA:104,17
DA:106,12
DA:109,5
DA:110,5
DA:111,5
DA:118,40
DA:119,40
DA:120,34
DA:122,6
DA:123,7
DA:125,6
DA:132,7
DA:133,7
DA:146,40
DA:148,40
DA:149,40
DA:150,40
DA:151,40
DA:153,40
LF:44
LH:44
BRDA:55,0,0,46
BRDA:55,0,1,36
BRDA:57,1,0,80
BRDA:57,1,1,46
BRDA:63,2,0,23
BRDA:63,2,1,5
BRDA:69,3,0,23
BRDA:69,3,1,17
BRDA:82,4,0,34
BRDA:82,4,1,6
BRDA:86,5,0,10
BRDA:86,5,1,5
BRDA:100,6,0,23
BRDA:100,6,1,17
BRDA:104,7,0,12
BRDA:104,7,1,5
BRDA:119,8,0,34
BRDA:119,8,1,6
BRDA:123,9,0,7
BRDA:123,9,1,5
BRF:20
BRH:20
end_of_record
TN:
SF:src\domain\babySteps\BabyStepRules.ts
FN:112,(anonymous_0)
FNF:1
FNH:1
FNDA:91,(anonymous_0)
DA:25,13
DA:111,13
DA:112,91
DA:119,13
LF:4
LH:4
BRF:0
BRH:0
end_of_record
TN:
SF:src\domain\babySteps\ReconcileBabyStepsUseCase.ts
FN:30,(anonymous_0)
FN:34,(anonymous_1)
FN:47,(anonymous_2)
FN:67,(anonymous_3)
FN:95,(anonymous_4)
FNF:5
FNH:4
FNDA:5,(anonymous_0)
FNDA:5,(anonymous_1)
FNDA:5,(anonymous_2)
FNDA:0,(anonymous_3)
FNDA:35,(anonymous_4)
DA:35,5
DA:37,5
DA:47,5
DA:62,5
DA:67,5
DA:85,5
DA:86,5
DA:89,5
DA:94,5
DA:95,35
DA:99,5
DA:106,5
DA:114,5
DA:115,5
DA:116,5
DA:117,5
DA:119,5
DA:120,35
DA:121,35
DA:124,35
DA:125,35
DA:127,35
DA:129,35
DA:131,3
DA:132,3
DA:134,3
DA:135,3
DA:151,32
DA:153,1
DA:154,1
DA:156,1
DA:157,1
DA:175,35
DA:185,5
DA:187,0
DA:188,0
LF:36
LH:34
BRDA:100,0,0,5
BRDA:100,0,1,0
BRDA:101,1,0,5
BRDA:101,1,1,0
BRDA:102,2,0,5
BRDA:102,2,1,0
BRDA:121,3,0,35
BRDA:121,3,1,0
BRDA:124,4,0,35
BRDA:124,4,1,33
BRDA:125,5,0,35
BRDA:125,5,1,34
BRDA:129,6,0,3
BRDA:129,6,1,32
BRDA:129,7,0,35
BRDA:129,7,1,4
BRDA:134,8,0,3
BRDA:134,8,1,0
BRDA:151,9,0,1
BRDA:151,9,1,31
BRDA:151,10,0,32
BRDA:151,10,1,31
BRDA:156,11,0,1
BRDA:156,11,1,0
BRDA:187,12,0,0
BRDA:187,12,1,0
BRF:26
BRH:18
end_of_record
TN:
SF:src\domain\babySteps\ReconcileEmergencyFundTypeUseCase.ts
FN:26,(anonymous_0)
FN:30,(anonymous_1)
FN:44,(anonymous_2)
FNF:3
FNH:3
FNDA:9,(anonymous_0)
FNDA:9,(anonymous_1)
FNDA:7,(anonymous_2)
DA:32,9
DA:44,9
DA:46,9
DA:48,5
DA:52,4
DA:53,4
DA:55,4
DA:56,5
DA:66,4
LF:9
LH:9
BRDA:46,0,0,5
BRDA:46,0,1,4
BRF:2
BRH:2
end_of_record
TN:
SF:src\domain\babySteps\SeedBabyStepsUseCase.ts
FN:22,(anonymous_0)
FN:26,(anonymous_1)
FN:30,(anonymous_2)
FNF:3
FNH:3
FNDA:16,(anonymous_0)
FNDA:17,(anonymous_1)
FNDA:119,(anonymous_2)
DA:27,17
DA:28,17
DA:30,119
DA:44,17
DA:45,119
DA:51,17
DA:53,0
DA:54,0
LF:8
LH:6
BRDA:53,0,0,0
BRDA:53,0,1,0
BRF:2
BRH:0
end_of_record
TN:
SF:src\domain\babySteps\StampCelebratedUseCase.ts
FN:18,(anonymous_0)
FN:22,(anonymous_1)
FNF:2
FNH:2
FNDA:4,(anonymous_0)
FNDA:4,(anonymous_1)
DA:24,4
DA:34,4
DA:35,4
DA:36,1
DA:43,3
DA:44,1
DA:47,2
DA:49,2
DA:63,2
LF:9
LH:9
BRDA:35,0,0,1
BRDA:35,0,1,3
BRDA:43,1,0,1
BRDA:43,1,1,2
BRF:4
BRH:4
end_of_record
TN:
SF:src\domain\babySteps\ToggleManualStepUseCase.ts
FN:19,(anonymous_0)
FN:23,(anonymous_1)
FNF:2
FNH:2
FNDA:9,(anonymous_0)
FNDA:9,(anonymous_1)
DA:28,9
DA:29,4
DA:35,5
DA:37,5
DA:52,5
LF:5
LH:5
BRDA:28,0,0,4
BRDA:28,0,1,5
BRDA:41,1,0,4
BRDA:41,1,1,1
BRF:4
BRH:4
end_of_record
TN:
SF:src\domain\babySteps\types.ts
FNF:0
FNH:0
LF:0
LH:0
BRF:0
BRH:0
end_of_record
TN:
SF:src\domain\budgets\BudgetBalanceCalculator.ts
FN:29,calculateBudgetBalance
FNF:1
FNH:1
FNDA:25,calculateBudgetBalance
DA:30,25
DA:31,25
DA:33,25
DA:34,53
DA:35,47
DA:36,47
DA:37,18
DA:41,25
DA:42,25
DA:44,25
LF:10
LH:10
BRDA:34,0,0,6
BRDA:34,0,1,47
BRDA:36,1,0,18
BRDA:36,1,1,29
BRF:4
BRH:4
end_of_record
TN:
SF:src\domain\debtSnowball\CreateDebtUseCase.ts
FN:24,(anonymous_0)
FN:32,(anonymous_1)
FNF:2
FNH:2
FNDA:5,(anonymous_0)
FNDA:5,(anonymous_1)
DA:29,5
DA:33,5
DA:34,1
DA:36,4
DA:37,1
DA:39,3
DA:40,1
DA:43,2
DA:47,2
DA:49,2
DA:50,2
DA:52,2
DA:69,2
DA:71,2
DA:85,2
DA:87,2
LF:16
LH:16
BRDA:33,0,0,1
BRDA:33,0,1,4
BRDA:36,1,0,1
BRDA:36,1,1,3
BRDA:39,2,0,1
BRDA:39,2,1,2
BRDA:47,3,0,2
BRDA:47,3,1,0
BRF:8
BRH:7
end_of_record
TN:
SF:src\domain\debtSnowball\DebtEntity.ts
FN:25,getDebtTypeLabel
FN:37,getPayoffProgressPercent
FNF:2
FNH:2
FNDA:5,getDebtTypeLabel
FNDA:3,getPayoffProgressPercent
DA:26,5
DA:33,5
DA:38,3
DA:39,3
LF:4
LH:4
BRDA:38,0,0,0
BRDA:38,0,1,3
BRF:2
BRH:1
end_of_record
TN:
SF:src\domain\debtSnowball\LogDebtPaymentUseCase.ts
FN:21,(anonymous_0)
FN:29,(anonymous_1)
FNF:2
FNH:2
FNDA:5,(anonymous_0)
FNDA:5,(anonymous_1)
DA:26,5
DA:30,5
DA:31,1
DA:34,4
DA:35,4
DA:39,4
DA:40,4
DA:42,4
DA:53,4
DA:69,4
DA:71,4
DA:79,4
LF:12
LH:12
BRDA:30,0,0,1
BRDA:30,0,1,4
BRF:2
BRH:2
end_of_record
TN:
SF:src\domain\debtSnowball\SnowballPayoffProjector.ts
FN:24,(anonymous_0)
FN:26,(anonymous_1)
FN:27,(anonymous_2)
FNF:3
FNH:3
FNDA:5,(anonymous_0)
FNDA:5,(anonymous_1)
FNDA:1,(anonymous_2)
DA:17,1
DA:25,5
DA:26,5
DA:27,1
DA:29,5
DA:30,2
DA:33,3
DA:34,3
DA:35,3
DA:36,3
DA:38,3
DA:39,4
DA:40,4
DA:41,4
DA:42,4
DA:44,4
DA:45,11
DA:46,11
DA:47,11
DA:48,11
DA:51,4
DA:52,0
DA:58,0
DA:60,4
DA:61,4
DA:67,4
DA:71,3
DA:73,3
DA:75,3
LF:29
LH:27
BRDA:24,0,0,2
BRDA:26,1,0,5
BRDA:26,1,1,4
BRDA:29,2,0,2
BRDA:29,2,1,3
BRDA:44,3,0,15
BRDA:44,3,1,11
BRDA:47,4,0,0
BRDA:47,4,1,11
BRDA:51,5,0,0
BRDA:51,5,1,4
BRDA:73,6,0,3
BRDA:73,6,1,0
BRDA:73,7,0,3
BRDA:73,7,1,3
BRF:15
BRH:12
end_of_record
TN:
SF:src\domain\envelopes\ArchiveEnvelopeUseCase.ts
FN:14,(anonymous_0)
FN:22,(anonymous_1)
FNF:2
FNH:2
FNDA:2,(anonymous_0)
FNDA:2,(anonymous_1)
DA:19,2
DA:23,2
DA:24,2
DA:29,2
DA:38,2
DA:40,2
LF:6
LH:6
BRF:0
BRH:0
end_of_record
TN:
SF:src\domain\envelopes\CreateEnvelopeUseCase.ts
FN:23,(anonymous_0)
FN:31,(anonymous_1)
FNF:2
FNH:2
FNDA:7,(anonymous_0)
FNDA:7,(anonymous_1)
DA:28,7
DA:32,7
DA:33,7
DA:34,1
DA:36,6
DA:37,1
DA:41,5
DA:43,5
DA:44,5
DA:46,5
DA:60,5
DA:61,5
DA:63,5
DA:77,5
DA:86,5
DA:88,5
LF:16
LH:16
BRDA:33,0,0,1
BRDA:33,0,1,6
BRDA:36,1,0,1
BRDA:36,1,1,5
BRDA:41,2,0,5
BRDA:41,2,1,4
BRF:6
BRH:6
end_of_record
TN:
SF:src\domain\envelopes\EnvelopeEntity.ts
FN:17,getRemainingCents
FN:21,getPercentRemaining
FN:27,isOverBudget
FNF:3
FNH:3
FNDA:2,getRemainingCents
FNDA:5,getPercentRemaining
FNDA:3,isOverBudget
DA:18,2
DA:22,5
DA:23,4
DA:24,4
DA:28,3
LF:5
LH:5
BRDA:22,0,0,1
BRDA:22,0,1,4
BRF:2
BRH:2
end_of_record
TN:
SF:src\domain\envelopes\UpdateEnvelopeUseCase.ts
FN:21,(anonymous_0)
FN:30,(anonymous_1)
FNF:2
FNH:2
FNDA:8,(anonymous_0)
FNDA:8,(anonymous_1)
DA:27,8
DA:31,8
DA:32,8
DA:33,1
DA:35,7
DA:36,1
DA:39,6
DA:40,1
DA:46,5
DA:47,5
DA:54,5
DA:59,5
DA:73,5
DA:87,5
DA:96,5
DA:98,5
LF:16
LH:16
BRDA:32,0,0,1
BRDA:32,0,1,7
BRDA:35,1,0,1
BRDA:35,1,1,6
BRDA:39,2,0,1
BRDA:39,2,1,5
BRDA:39,3,0,6
BRDA:39,3,1,3
BRDA:39,4,0,3
BRDA:39,4,1,1
BRF:10
BRH:10
end_of_record
TN:
SF:src\domain\households\AcceptInviteUseCase.ts
FN:21,(anonymous_0)
FN:30,(anonymous_1)
FNF:2
FNH:2
FNDA:3,(anonymous_0)
FNDA:3,(anonymous_1)
DA:27,3
DA:32,3
DA:38,3
DA:39,1
DA:42,2
DA:43,1
DA:46,1
DA:47,1
DA:50,0
DA:53,0
DA:54,0
DA:56,0
DA:66,0
DA:67,0
DA:71,0
DA:76,0
DA:77,0
DA:81,0
DA:88,0
DA:89,0
DA:92,0
DA:93,0
DA:94,0
DA:97,0
DA:104,0
LF:25
LH:8
BRDA:38,0,0,1
BRDA:38,0,1,2
BRDA:38,1,0,3
BRDA:38,1,1,2
BRDA:42,2,0,1
BRDA:42,2,1,1
BRDA:46,3,0,1
BRDA:46,3,1,0
BRDA:66,4,0,0
BRDA:66,4,1,0
BRDA:76,5,0,0
BRDA:76,5,1,0
BRDA:93,6,0,0
BRDA:93,6,1,0
BRF:14
BRH:7
end_of_record
TN:
SF:src\domain\households\CreateHouseholdUseCase.ts
FN:22,(anonymous_0)
FN:30,(anonymous_1)
FNF:2
FNH:2
FNDA:3,(anonymous_0)
FNDA:3,(anonymous_1)
DA:27,3
DA:31,3
DA:32,3
DA:33,1
DA:35,2
DA:36,1
DA:39,1
DA:40,1
DA:42,1
DA:51,1
DA:53,1
DA:54,1
DA:61,1
DA:63,1
DA:72,1
DA:73,1
DA:76,1
DA:77,1
DA:79,1
LF:19
LH:19
BRDA:32,0,0,1
BRDA:32,0,1,2
BRDA:35,1,0,1
BRDA:35,1,1,1
BRDA:35,2,0,2
BRDA:35,2,1,1
BRF:6
BRH:6
end_of_record
TN:
SF:src\domain\households\CreateInviteUseCase.ts
FN:15,generateCode
FN:17,(anonymous_1)
FN:21,(anonymous_2)
FN:26,(anonymous_3)
FNF:4
FNH:4
FNDA:2,generateCode
FNDA:12,(anonymous_1)
FNDA:2,(anonymous_2)
FNDA:2,(anonymous_3)
DA:16,2
DA:17,12
DA:27,2
DA:28,2
DA:30,2
DA:41,2
DA:42,1
DA:45,1
LF:8
LH:8
BRDA:41,0,0,1
BRDA:41,0,1,1
BRDA:41,1,0,2
BRDA:41,1,1,1
BRDA:42,2,0,1
BRDA:42,2,1,0
BRF:6
BRH:5
end_of_record
TN:
SF:src\domain\households\EnsureHouseholdUseCase.ts
FN:23,(anonymous_0)
FN:31,(anonymous_1)
FNF:2
FNH:2
FNDA:2,(anonymous_0)
FNDA:2,(anonymous_1)
DA:28,2
DA:33,2
DA:39,2
DA:40,1
DA:45,1
DA:47,1
DA:48,1
DA:49,1
DA:59,1
DA:65,1
DA:67,1
DA:68,0
DA:69,0
DA:76,0
DA:77,0
DA:78,0
DA:81,0
DA:82,0
DA:84,0
DA:93,1
DA:94,1
DA:103,1
DA:105,1
DA:106,1
DA:113,1
DA:115,1
DA:124,1
DA:125,1
DA:128,1
DA:129,1
DA:131,1
LF:31
LH:23
BRDA:39,0,0,1
BRDA:39,0,1,1
BRDA:45,1,0,1
BRDA:45,1,1,0
BRDA:67,2,0,0
BRDA:67,2,1,1
BRDA:134,3,0,1
BRDA:134,3,1,0
BRF:8
BRH:5
end_of_record
TN:
SF:src\domain\meterReadings\AnomalyDetector.ts
FN:18,(anonymous_0)
FN:19,(anonymous_1)
FN:32,(anonymous_2)
FNF:3
FNH:3
FNDA:4,(anonymous_0)
FNDA:10,(anonymous_1)
FNDA:9,(anonymous_2)
DA:11,1
DA:19,10
DA:21,4
DA:22,1
DA:26,3
DA:27,3
DA:28,9
DA:30,3
DA:32,9
DA:34,3
DA:35,3
DA:37,3
DA:38,0
DA:42,3
DA:44,3
LF:15
LH:14
BRDA:21,0,0,1
BRDA:21,0,1,3
BRDA:37,1,0,0
BRDA:37,1,1,3
BRDA:37,2,0,3
BRDA:37,2,1,3
BRF:6
BRH:5
end_of_record
TN:
SF:src\domain\meterReadings\LogMeterReadingUseCase.ts
FN:24,(anonymous_0)
FN:32,(anonymous_1)
FNF:2
FNH:2
FNDA:4,(anonymous_0)
FNDA:4,(anonymous_1)
DA:29,4
DA:33,4
DA:34,2
DA:37,2
DA:38,2
DA:40,2
DA:54,2
DA:56,2
DA:70,2
DA:72,2
LF:10
LH:10
BRDA:33,0,0,2
BRDA:33,0,1,2
BRF:2
BRH:2
end_of_record
TN:
SF:src\domain\meterReadings\MeterReadingEntity.ts
FN:19,getMeterTypeLabel
FN:28,getMeterUnitLabel
FN:37,getMeterIcon
FN:46,getReadingDisplayDate
FNF:4
FNH:4
FNDA:3,getMeterTypeLabel
FNDA:3,getMeterUnitLabel
FNDA:3,getMeterIcon
FNDA:1,getReadingDisplayDate
DA:20,3
DA:25,3
DA:29,3
DA:34,3
DA:38,3
DA:43,3
DA:47,1
LF:7
LH:7
BRF:0
BRH:0
end_of_record
TN:
SF:src\domain\meterReadings\UnitRateCalculator.ts
FN:12,(anonymous_0)
FNF:1
FNH:1
FNDA:5,(anonymous_0)
DA:13,5
DA:14,1
DA:16,4
DA:17,4
DA:18,2
DA:20,2
DA:21,2
DA:22,2
LF:8
LH:8
BRDA:13,0,0,1
BRDA:13,0,1,4
BRDA:17,1,0,2
BRDA:17,1,1,2
BRDA:20,2,0,2
BRDA:20,2,1,1
BRDA:21,3,0,1
BRDA:21,3,1,1
BRF:8
BRH:8
end_of_record
TN:
SF:src\domain\scoring\LevelAdvancementEvaluator.ts
FN:10,(anonymous_0)
FN:14,(anonymous_1)
FN:19,(anonymous_2)
FNF:3
FNH:3
FNDA:6,(anonymous_0)
FNDA:8,(anonymous_1)
FNDA:7,(anonymous_2)
DA:7,1
DA:8,1
DA:11,6
DA:13,6
DA:14,8
DA:16,6
DA:18,6
DA:19,7
DA:21,6
LF:9
LH:9
BRDA:13,0,0,6
BRDA:13,0,1,4
BRDA:18,1,0,6
BRDA:18,1,1,5
BRF:4
BRH:4
end_of_record
TN:
SF:src\domain\scoring\RamseyScoreCalculator.ts
FN:19,(anonymous_0)
FNF:1
FNH:1
FNDA:6,(anonymous_0)
DA:21,6
DA:26,6
DA:30,6
DA:31,6
DA:33,6
DA:35,6
LF:6
LH:6
BRDA:21,0,0,6
BRDA:21,0,1,0
BRDA:26,1,0,5
BRDA:26,1,1,1
BRDA:30,2,0,5
BRDA:30,2,1,1
BRDA:31,3,0,5
BRDA:31,3,1,1
BRF:8
BRH:7
end_of_record
TN:
SF:src\domain\shared\BudgetPeriodEngine.ts
FN:5,(anonymous_0)
FN:9,(anonymous_1)
FN:41,(anonymous_2)
FNF:3
FNH:3
FNDA:5,(anonymous_0)
FNDA:5,(anonymous_1)
FNDA:2,(anonymous_2)
DA:6,5
DA:10,5
DA:11,5
DA:12,5
DA:14,5
DA:18,3
DA:19,3
DA:20,0
DA:21,0
DA:25,5
DA:28,5
DA:29,5
DA:30,5
DA:31,0
DA:32,0
DA:34,5
DA:36,5
DA:38,5
DA:42,2
LF:19
LH:15
BRDA:5,0,0,0
BRDA:14,1,0,2
BRDA:14,1,1,3
BRDA:19,2,0,0
BRDA:19,2,1,3
BRDA:30,3,0,0
BRDA:30,3,1,5
BRDA:42,4,0,2
BRDA:42,4,1,2
BRF:9
BRH:6
end_of_record
TN:
SF:src\domain\shared\Command.ts
FNF:0
FNH:0
LF:0
LH:0
BRF:0
BRH:0
end_of_record
TN:
SF:src\domain\shared\resolveBabyStepIsActive.ts
FN:15,resolveBabyStepIsActive
FNF:1
FNH:1
FNDA:6,resolveBabyStepIsActive
DA:19,6
DA:29,6
LF:2
LH:2
BRF:0
BRH:0
end_of_record
TN:
SF:src\domain\shared\types.ts
FN:11,createSuccess
FN:15,createFailure
FN:19,isSuccess
FNF:3
FNH:3
FNDA:75,createSuccess
FNDA:31,createFailure
FNDA:2,isSuccess
DA:12,75
DA:16,31
DA:22,2
LF:3
LH:3
BRF:0
BRH:0
end_of_record
TN:
SF:src\domain\transactions\CreateTransactionUseCase.ts
FN:25,(anonymous_0)
FN:33,(anonymous_1)
FNF:2
FNH:2
FNDA:6,(anonymous_0)
FNDA:6,(anonymous_1)
DA:30,6
DA:34,6
DA:35,2
DA:39,4
DA:45,4
DA:46,1
DA:48,3
DA:49,1
DA:52,2
DA:53,2
DA:55,2
DA:69,2
DA:70,2
DA:73,2
DA:78,2
DA:93,2
DA:95,2
LF:17
LH:17
BRDA:34,0,0,2
BRDA:34,0,1,4
BRDA:45,1,0,1
BRDA:45,1,1,3
BRDA:48,2,0,1
BRDA:48,2,1,2
BRF:6
BRH:6
end_of_record
TN:
SF:src\domain\transactions\DeleteTransactionUseCase.ts
FN:14,(anonymous_0)
FN:22,(anonymous_1)
FNF:2
FNH:2
FNDA:3,(anonymous_0)
FNDA:3,(anonymous_1)
DA:19,3
DA:23,3
DA:25,3
DA:30,3
DA:35,3
DA:50,3
DA:52,3
LF:7
LH:7
BRF:0
BRH:0
end_of_record
TN:
SF:src\domain\transactions\TransactionEntity.ts
FN:17,getTransactionDisplayDate
FN:21,formatTransactionAmount
FNF:2
FNH:2
FNDA:1,getTransactionDisplayDate
FNDA:1,formatTransactionAmount
DA:18,1
DA:22,1
LF:2
LH:2
BRF:0
BRH:0
end_of_record
